2026-02-20 18:50:46 — INFO — Logger initialized for 01_build_ground_truth
2026-02-20 18:50:46 — INFO — Log file: /home/sundeep/Fandom_Span_ID_Retrieval/data/logs/twister/20260220_185046_01_build_ground_truth.log
2026-02-20 18:50:46 — INFO — === Starting 01_build_ground_truth for domain=twister ===
2026-02-20 18:50:46 — INFO — Building ground truth for domain=twister
2026-02-20 18:50:46 — INFO — HTML dir: /home/sundeep/Fandom_Span_ID_Retrieval/data/raw/fandom_html/twister
2026-02-20 18:50:46 — INFO — Paragraph master: /home/sundeep/Fandom_Span_ID_Retrieval/data/processed/twister/paragraphs_twister.jsonl
2026-02-20 18:50:46 — INFO — Sentence master:  /home/sundeep/Fandom_Span_ID_Retrieval/data/processed/twister/sentences_twister.jsonl
2026-02-20 18:50:46 — INFO — Articles master:  /home/sundeep/Fandom_Span_ID_Retrieval/data/processed/twister/articles_twister.jsonl
2026-02-20 18:50:46 — INFO — Per-article paragraphs dir: /home/sundeep/Fandom_Span_ID_Retrieval/data/processed/twister/paragraphs_twister_by_article
2026-02-20 18:50:46 — INFO — Per-article sentences dir:  /home/sundeep/Fandom_Span_ID_Retrieval/data/processed/twister/sentences_twister_by_article
2026-02-20 18:50:46 — INFO — Building page_map from 133 HTML files
2026-02-20 18:50:51 — INFO — [page_map] Built mapping for 133 pages
2026-02-20 18:50:53 — INFO — [Progress] Processed 50/133 HTML files; articles=50, paragraphs=502, sentences=1267, links=1510
2026-02-20 18:50:55 — INFO — [Progress] Processed 100/133 HTML files; articles=100, paragraphs=694, sentences=1595, links=2138
2026-02-20 18:50:56 — INFO — === Ground truth summary ===
2026-02-20 18:50:56 — INFO — Articles:    133
2026-02-20 18:50:56 — INFO — Paragraphs:  843
2026-02-20 18:50:56 — INFO — Sentences:   1917
2026-02-20 18:50:56 — INFO — Links:       2376
2026-02-20 18:50:56 — INFO — Link type counts: {'internal': 747, 'external': 107, 'category': 9, 'file': 0, 'other': 325}
2026-02-20 18:50:56 — INFO — Paragraph master: /home/sundeep/Fandom_Span_ID_Retrieval/data/processed/twister/paragraphs_twister.jsonl
2026-02-20 18:50:56 — INFO — Sentence master:  /home/sundeep/Fandom_Span_ID_Retrieval/data/processed/twister/sentences_twister.jsonl
2026-02-20 18:50:56 — INFO — Page master:      /home/sundeep/Fandom_Span_ID_Retrieval/data/processed/twister/pages_twister.jsonl
2026-02-20 18:50:56 — INFO — Articles master:  /home/sundeep/Fandom_Span_ID_Retrieval/data/processed/twister/articles_twister.jsonl
2026-02-20 18:50:56 — INFO — Per-article paragraphs dir: /home/sundeep/Fandom_Span_ID_Retrieval/data/processed/twister/paragraphs_twister_by_article
2026-02-20 18:50:56 — INFO — Per-article sentences dir:  /home/sundeep/Fandom_Span_ID_Retrieval/data/processed/twister/sentences_twister_by_article
2026-02-20 18:50:56 — INFO — Paragraph CSV: /home/sundeep/Fandom_Span_ID_Retrieval/data/processed/twister/paragraphs_twister.csv
2026-02-20 18:50:56 — INFO — Paragraph links CSV: /home/sundeep/Fandom_Span_ID_Retrieval/data/processed/twister/paragraph_links_twister.csv
2026-02-20 18:50:56 — INFO — Sentence CSV: /home/sundeep/Fandom_Span_ID_Retrieval/data/processed/twister/sentences_twister.csv
2026-02-20 18:50:56 — INFO — Sentence links CSV: /home/sundeep/Fandom_Span_ID_Retrieval/data/processed/twister/sentence_links_twister.csv
2026-02-20 18:50:56 — INFO — Dataset manifest: /home/sundeep/Fandom_Span_ID_Retrieval/data/processed/twister/dataset_manifest.json
2026-02-20 18:50:56 — INFO — Finished 01_build_ground_truth in 9.35 seconds
2026-02-20 18:50:56 — INFO — Paragraph master file: /home/sundeep/Fandom_Span_ID_Retrieval/data/processed/twister/paragraphs_twister.jsonl
2026-02-20 18:50:56 — INFO — Log file: /home/sundeep/Fandom_Span_ID_Retrieval/data/logs/twister/20260220_185046_01_build_ground_truth.log
