2026-02-20 18:49:22 — INFO — Logger initialized for 00_scrape_fandom
2026-02-20 18:49:22 — INFO — Log file: /home/sundeep/Fandom_Span_ID_Retrieval/data/logs/scraping/20260220_184922_00_scrape_fandom.log
2026-02-20 18:49:22 — INFO — === Starting 00_scrape_fandom ===
2026-02-20 18:49:22 — INFO — Starting full scrape for domain=twister
2026-02-20 18:49:22 — INFO — Base URL: https://twister.fandom.com
2026-02-20 18:49:22 — INFO — Start URL (AllPages): https://twister.fandom.com/wiki/Special:AllPages
2026-02-20 18:49:22 — INFO — Category URLs: []
2026-02-20 18:49:22 — INFO — [AllPages] Fetching https://twister.fandom.com/wiki/Special:AllPages
2026-02-20 18:49:23 — WARNING — [AllPages] No links found on first page, switching to API fallback.
2026-02-20 18:49:23 — INFO — [AllPages API] Fetching https://twister.fandom.com/api.php with params={'action': 'query', 'list': 'allpages', 'aplimit': '500', 'format': 'json'}
2026-02-20 18:49:23 — INFO — [AllPages API] Collected 143 raw URLs
2026-02-20 18:49:23 — INFO — No category_urls in scraping.yaml — skipping category scrape.
2026-02-20 18:49:23 — INFO — Combined (before filtering): 143
2026-02-20 18:49:23 — INFO — After filtering to real article pages: 143
2026-02-20 18:49:23 — INFO — Sample URL: https://twister.fandom.com/wiki/2016_Chevrolet_Express
2026-02-20 18:49:23 — INFO — Sample URL: https://twister.fandom.com/wiki/Sasha_Lane
2026-02-20 18:49:23 — INFO — Sample URL: https://twister.fandom.com/wiki/F2_"Sidewinder"_Tornado
2026-02-20 18:49:23 — INFO — Sample URL: https://twister.fandom.com/wiki/Meg_Greene
2026-02-20 18:49:23 — INFO — Sample URL: https://twister.fandom.com/wiki/Storm_Par
2026-02-20 18:49:23 — INFO — Saved URL list to: /home/sundeep/Fandom_Span_ID_Retrieval/data/raw/url_lists/twister_urls.txt
2026-02-20 18:49:23 — INFO — Loaded 143 URLs from /home/sundeep/Fandom_Span_ID_Retrieval/data/raw/url_lists/twister_urls.txt
2026-02-20 18:49:23 — INFO — Output directory: /home/sundeep/Fandom_Span_ID_Retrieval/data/raw/fandom_html/twister
2026-02-20 18:49:23 — INFO — [1/143] Fetching → https://twister.fandom.com/wiki/1969_F5_Oklahoma_Tornado
2026-02-20 18:49:23 — INFO —     Saved HTML → /home/sundeep/Fandom_Span_ID_Retrieval/data/raw/fandom_html/twister/2068.html
2026-02-20 18:49:23 — INFO —     Saved TEXT → /home/sundeep/Fandom_Span_ID_Retrieval/data/raw/fandom_html/twister/2068.txt
2026-02-20 18:49:23 — INFO — [2/143] Fetching → https://twister.fandom.com/wiki/1969_Kingfisher_County_Tornado
2026-02-20 18:49:24 — INFO —     SKIP (exists) → 2068.html
2026-02-20 18:49:24 — INFO — [3/143] Fetching → https://twister.fandom.com/wiki/1981_Jeep_Pickup
2026-02-20 18:49:24 — INFO —     Saved HTML → /home/sundeep/Fandom_Span_ID_Retrieval/data/raw/fandom_html/twister/2254.html
2026-02-20 18:49:24 — INFO —     Saved TEXT → /home/sundeep/Fandom_Span_ID_Retrieval/data/raw/fandom_html/twister/2254.txt
2026-02-20 18:49:25 — INFO — [4/143] Fetching → https://twister.fandom.com/wiki/1983_Ford_LTD_Country_Squire
2026-02-20 18:49:25 — INFO —     Saved HTML → /home/sundeep/Fandom_Span_ID_Retrieval/data/raw/fandom_html/twister/2261.html
2026-02-20 18:49:25 — INFO —     Saved TEXT → /home/sundeep/Fandom_Span_ID_Retrieval/data/raw/fandom_html/twister/2261.txt
2026-02-20 18:49:25 — INFO — [5/143] Fetching → https://twister.fandom.com/wiki/1984_Chevrolet_Chevy_Van_Lazy_Daze
2026-02-20 18:49:25 — INFO —     Saved HTML → /home/sundeep/Fandom_Span_ID_Retrieval/data/raw/fandom_html/twister/2519.html
2026-02-20 18:49:25 — INFO —     Saved TEXT → /home/sundeep/Fandom_Span_ID_Retrieval/data/raw/fandom_html/twister/2519.txt
2026-02-20 18:49:26 — INFO — [6/143] Fetching → https://twister.fandom.com/wiki/1985_Chevrolet_Chevy_Van
2026-02-20 18:49:26 — INFO —     Saved HTML → /home/sundeep/Fandom_Span_ID_Retrieval/data/raw/fandom_html/twister/2257.html
2026-02-20 18:49:26 — INFO —     Saved TEXT → /home/sundeep/Fandom_Span_ID_Retrieval/data/raw/fandom_html/twister/2257.txt
2026-02-20 18:49:26 — INFO — [7/143] Fetching → https://twister.fandom.com/wiki/1985_GMC_Vandura
2026-02-20 18:49:26 — INFO —     Saved HTML → /home/sundeep/Fandom_Span_ID_Retrieval/data/raw/fandom_html/twister/2258.html
2026-02-20 18:49:26 — INFO —     Saved TEXT → /home/sundeep/Fandom_Span_ID_Retrieval/data/raw/fandom_html/twister/2258.txt
2026-02-20 18:49:27 — INFO — [8/143] Fetching → https://twister.fandom.com/wiki/1995_Dodge_Ram
2026-02-20 18:49:27 — INFO —     Saved HTML → /home/sundeep/Fandom_Span_ID_Retrieval/data/raw/fandom_html/twister/2148.html
2026-02-20 18:49:27 — INFO —     Saved TEXT → /home/sundeep/Fandom_Span_ID_Retrieval/data/raw/fandom_html/twister/2148.txt
2026-02-20 18:49:28 — INFO — [9/143] Fetching → https://twister.fandom.com/wiki/1996_Oklahoma_F5_Tornado
2026-02-20 18:49:28 — INFO —     Saved HTML → /home/sundeep/Fandom_Span_ID_Retrieval/data/raw/fandom_html/twister/2075.html
2026-02-20 18:49:28 — INFO —     Saved TEXT → /home/sundeep/Fandom_Span_ID_Retrieval/data/raw/fandom_html/twister/2075.txt
2026-02-20 18:49:28 — INFO — [10/143] Fetching → https://twister.fandom.com/wiki/1996_Oklahoma_Tornado_Outbreak
2026-02-20 18:49:28 — INFO —     Saved HTML → /home/sundeep/Fandom_Span_ID_Retrieval/data/raw/fandom_html/twister/2066.html
2026-02-20 18:49:28 — INFO —     Saved TEXT → /home/sundeep/Fandom_Span_ID_Retrieval/data/raw/fandom_html/twister/2066.txt
2026-02-20 18:49:29 — INFO — [11/143] Fetching → https://twister.fandom.com/wiki/2016_Chevrolet_Express
2026-02-20 18:49:29 — INFO —     Saved HTML → /home/sundeep/Fandom_Span_ID_Retrieval/data/raw/fandom_html/twister/2517.html
2026-02-20 18:49:29 — INFO —     Saved TEXT → /home/sundeep/Fandom_Span_ID_Retrieval/data/raw/fandom_html/twister/2517.txt
2026-02-20 18:49:29 — INFO — [12/143] Fetching → https://twister.fandom.com/wiki/2019_Washington_County_EF5
2026-02-20 18:49:29 — INFO —     Saved HTML → /home/sundeep/Fandom_Span_ID_Retrieval/data/raw/fandom_html/twister/2508.html
2026-02-20 18:49:29 — INFO —     Saved TEXT → /home/sundeep/Fandom_Span_ID_Retrieval/data/raw/fandom_html/twister/2508.txt
2026-02-20 18:49:30 — INFO — [13/143] Fetching → https://twister.fandom.com/wiki/2021_Dodge_Durango
2026-02-20 18:49:30 — INFO —     Saved HTML → /home/sundeep/Fandom_Span_ID_Retrieval/data/raw/fandom_html/twister/2513.html
2026-02-20 18:49:30 — INFO —     Saved TEXT → /home/sundeep/Fandom_Span_ID_Retrieval/data/raw/fandom_html/twister/2513.txt
2026-02-20 18:49:30 — INFO — [14/143] Fetching → https://twister.fandom.com/wiki/2021_Ram_1500_TRX
2026-02-20 18:49:30 — INFO —     Saved HTML → /home/sundeep/Fandom_Span_ID_Retrieval/data/raw/fandom_html/twister/2503.html
2026-02-20 18:49:30 — INFO —     Saved TEXT → /home/sundeep/Fandom_Span_ID_Retrieval/data/raw/fandom_html/twister/2503.txt
2026-02-20 18:49:31 — INFO — [15/143] Fetching → https://twister.fandom.com/wiki/2024_El_Reno_EF5_Tornado
2026-02-20 18:49:31 — INFO —     Saved HTML → /home/sundeep/Fandom_Span_ID_Retrieval/data/raw/fandom_html/twister/2611.html
2026-02-20 18:49:31 — INFO —     Saved TEXT → /home/sundeep/Fandom_Span_ID_Retrieval/data/raw/fandom_html/twister/2611.txt
2026-02-20 18:49:32 — INFO — [16/143] Fetching → https://twister.fandom.com/wiki/ASC_T-121
2026-02-20 18:49:32 — INFO —     Saved HTML → /home/sundeep/Fandom_Span_ID_Retrieval/data/raw/fandom_html/twister/2639.html
2026-02-20 18:49:32 — INFO —     Saved TEXT → /home/sundeep/Fandom_Span_ID_Retrieval/data/raw/fandom_html/twister/2639.txt
2026-02-20 18:49:32 — INFO — [17/143] Fetching → https://twister.fandom.com/wiki/Abraham_Benrubi
2026-02-20 18:49:32 — INFO —     Saved HTML → /home/sundeep/Fandom_Span_ID_Retrieval/data/raw/fandom_html/twister/2440.html
2026-02-20 18:49:32 — INFO —     Saved TEXT → /home/sundeep/Fandom_Span_ID_Retrieval/data/raw/fandom_html/twister/2440.txt
2026-02-20 18:49:33 — INFO — [18/143] Fetching → https://twister.fandom.com/wiki/Addy
2026-02-20 18:49:33 — INFO —     Saved HTML → /home/sundeep/Fandom_Span_ID_Retrieval/data/raw/fandom_html/twister/2462.html
2026-02-20 18:49:33 — INFO —     Saved TEXT → /home/sundeep/Fandom_Span_ID_Retrieval/data/raw/fandom_html/twister/2462.txt
2026-02-20 18:49:33 — INFO — [19/143] Fetching → https://twister.fandom.com/wiki/Alan_Ruck
2026-02-20 18:49:33 — INFO —     Saved HTML → /home/sundeep/Fandom_Span_ID_Retrieval/data/raw/fandom_html/twister/2430.html
2026-02-20 18:49:33 — INFO —     Saved TEXT → /home/sundeep/Fandom_Span_ID_Retrieval/data/raw/fandom_html/twister/2430.txt
2026-02-20 18:49:34 — INFO — [20/143] Fetching → https://twister.fandom.com/wiki/Alan_Sanders
2026-02-20 18:49:34 — INFO —     Saved HTML → /home/sundeep/Fandom_Span_ID_Retrieval/data/raw/fandom_html/twister/2076.html
2026-02-20 18:49:34 — INFO —     Saved TEXT → /home/sundeep/Fandom_Span_ID_Retrieval/data/raw/fandom_html/twister/2076.txt
2026-02-20 18:49:34 — INFO — [21/143] Fetching → https://twister.fandom.com/wiki/Alexa_Vega
2026-02-20 18:49:34 — INFO —     Saved HTML → /home/sundeep/Fandom_Span_ID_Retrieval/data/raw/fandom_html/twister/2442.html
2026-02-20 18:49:34 — INFO —     Saved TEXT → /home/sundeep/Fandom_Span_ID_Retrieval/data/raw/fandom_html/twister/2442.txt
2026-02-20 18:49:35 — INFO — [22/143] Fetching → https://twister.fandom.com/wiki/Allan_Sanders
2026-02-20 18:49:35 — INFO —     Saved HTML → /home/sundeep/Fandom_Span_ID_Retrieval/data/raw/fandom_html/twister/2422.html
2026-02-20 18:49:35 — INFO —     Saved TEXT → /home/sundeep/Fandom_Span_ID_Retrieval/data/raw/fandom_html/twister/2422.txt
2026-02-20 18:49:35 — INFO — [23/143] Fetching → https://twister.fandom.com/wiki/Amblin_Entertainment
2026-02-20 18:49:35 — INFO —     Saved HTML → /home/sundeep/Fandom_Span_ID_Retrieval/data/raw/fandom_html/twister/2501.html
2026-02-20 18:49:36 — INFO —     Saved TEXT → /home/sundeep/Fandom_Span_ID_Retrieval/data/raw/fandom_html/twister/2501.txt
2026-02-20 18:49:36 — INFO — [24/143] Fetching → https://twister.fandom.com/wiki/American
2026-02-20 18:49:36 — INFO —     Saved HTML → /home/sundeep/Fandom_Span_ID_Retrieval/data/raw/fandom_html/twister/2518.html
2026-02-20 18:49:36 — INFO —     Saved TEXT → /home/sundeep/Fandom_Span_ID_Retrieval/data/raw/fandom_html/twister/2518.txt
2026-02-20 18:49:37 — INFO — [25/143] Fetching → https://twister.fandom.com/wiki/Anne-Marie_Martin
2026-02-20 18:49:37 — INFO —     Saved HTML → /home/sundeep/Fandom_Span_ID_Retrieval/data/raw/fandom_html/twister/2415.html
2026-02-20 18:49:37 — INFO —     Saved TEXT → /home/sundeep/Fandom_Span_ID_Retrieval/data/raw/fandom_html/twister/2415.txt
2026-02-20 18:49:37 — INFO — [26/143] Fetching → https://twister.fandom.com/wiki/Anthony_Ramos
2026-02-20 18:49:37 — INFO —     Saved HTML → /home/sundeep/Fandom_Span_ID_Retrieval/data/raw/fandom_html/twister/2384.html
2026-02-20 18:49:37 — INFO —     Saved TEXT → /home/sundeep/Fandom_Span_ID_Retrieval/data/raw/fandom_html/twister/2384.txt
2026-02-20 18:49:38 — INFO — [27/143] Fetching → https://twister.fandom.com/wiki/Ben
2026-02-20 18:49:38 — INFO —     Saved HTML → /home/sundeep/Fandom_Span_ID_Retrieval/data/raw/fandom_html/twister/2452.html
2026-02-20 18:49:38 — INFO —     Saved TEXT → /home/sundeep/Fandom_Span_ID_Retrieval/data/raw/fandom_html/twister/2452.txt
2026-02-20 18:49:38 — INFO — [28/143] Fetching → https://twister.fandom.com/wiki/Benjamin_Wallfisch
2026-02-20 18:49:38 — INFO —     Saved HTML → /home/sundeep/Fandom_Span_ID_Retrieval/data/raw/fandom_html/twister/2416.html
2026-02-20 18:49:38 — INFO —     Saved TEXT → /home/sundeep/Fandom_Span_ID_Retrieval/data/raw/fandom_html/twister/2416.txt
2026-02-20 18:49:39 — INFO — [29/143] Fetching → https://twister.fandom.com/wiki/Bill_Harding
2026-02-20 18:49:39 — INFO —     Saved HTML → /home/sundeep/Fandom_Span_ID_Retrieval/data/raw/fandom_html/twister/2077.html
2026-02-20 18:49:39 — INFO —     Saved TEXT → /home/sundeep/Fandom_Span_ID_Retrieval/data/raw/fandom_html/twister/2077.txt
2026-02-20 18:49:40 — INFO — [30/143] Fetching → https://twister.fandom.com/wiki/Bill_Paxton
2026-02-20 18:49:40 — INFO —     Saved HTML → /home/sundeep/Fandom_Span_ID_Retrieval/data/raw/fandom_html/twister/2147.html
2026-02-20 18:49:40 — INFO —     Saved TEXT → /home/sundeep/Fandom_Span_ID_Retrieval/data/raw/fandom_html/twister/2147.txt
2026-02-20 18:49:40 — INFO — [31/143] Fetching → https://twister.fandom.com/wiki/Boone
2026-02-20 18:49:40 — INFO —     Saved HTML → /home/sundeep/Fandom_Span_ID_Retrieval/data/raw/fandom_html/twister/2380.html
2026-02-20 18:49:40 — INFO —     Saved TEXT → /home/sundeep/Fandom_Span_ID_Retrieval/data/raw/fandom_html/twister/2380.txt
2026-02-20 18:49:41 — INFO — [32/143] Fetching → https://twister.fandom.com/wiki/Brandon_Perea
2026-02-20 18:49:41 — INFO —     Saved HTML → /home/sundeep/Fandom_Span_ID_Retrieval/data/raw/fandom_html/twister/2385.html
2026-02-20 18:49:41 — INFO —     Saved TEXT → /home/sundeep/Fandom_Span_ID_Retrieval/data/raw/fandom_html/twister/2385.txt
2026-02-20 18:49:41 — INFO — [33/143] Fetching → https://twister.fandom.com/wiki/Brian_Laurence
2026-02-20 18:49:41 — INFO —     Saved HTML → /home/sundeep/Fandom_Span_ID_Retrieval/data/raw/fandom_html/twister/2272.html
2026-02-20 18:49:41 — INFO —     Saved TEXT → /home/sundeep/Fandom_Span_ID_Retrieval/data/raw/fandom_html/twister/2272.txt
2026-02-20 18:49:42 — INFO — [34/143] Fetching → https://twister.fandom.com/wiki/Cary_Elwes
2026-02-20 18:49:42 — INFO —     Saved HTML → /home/sundeep/Fandom_Span_ID_Retrieval/data/raw/fandom_html/twister/2335.html
2026-02-20 18:49:42 — INFO —     Saved TEXT → /home/sundeep/Fandom_Span_ID_Retrieval/data/raw/fandom_html/twister/2335.txt
2026-02-20 18:49:42 — INFO — [35/143] Fetching → https://twister.fandom.com/wiki/Cathy_Carter
2026-02-20 18:49:42 — INFO —     Saved HTML → /home/sundeep/Fandom_Span_ID_Retrieval/data/raw/fandom_html/twister/2461.html
2026-02-20 18:49:42 — INFO —     Saved TEXT → /home/sundeep/Fandom_Span_ID_Retrieval/data/raw/fandom_html/twister/2461.txt
2026-02-20 18:49:43 — INFO — [36/143] Fetching → https://twister.fandom.com/wiki/Cody
2026-02-20 18:49:43 — INFO —     Saved HTML → /home/sundeep/Fandom_Span_ID_Retrieval/data/raw/fandom_html/twister/2469.html
2026-02-20 18:49:43 — INFO —     Saved TEXT → /home/sundeep/Fandom_Span_ID_Retrieval/data/raw/fandom_html/twister/2469.txt
2026-02-20 18:49:44 — INFO — [37/143] Fetching → https://twister.fandom.com/wiki/D.O.T._3
2026-02-20 18:49:44 — INFO —     Saved HTML → /home/sundeep/Fandom_Span_ID_Retrieval/data/raw/fandom_html/twister/2078.html
2026-02-20 18:49:44 — INFO —     Saved TEXT → /home/sundeep/Fandom_Span_ID_Retrieval/data/raw/fandom_html/twister/2078.txt
2026-02-20 18:49:44 — INFO — [38/143] Fetching → https://twister.fandom.com/wiki/Daisy_Edgar-Jones
2026-02-20 18:49:44 — INFO —     Saved HTML → /home/sundeep/Fandom_Span_ID_Retrieval/data/raw/fandom_html/twister/2365.html
2026-02-20 18:49:44 — INFO —     Saved TEXT → /home/sundeep/Fandom_Span_ID_Retrieval/data/raw/fandom_html/twister/2365.txt
2026-02-20 18:49:45 — INFO — [39/143] Fetching → https://twister.fandom.com/wiki/Dan_Mindel
2026-02-20 18:49:45 — INFO —     Saved HTML → /home/sundeep/Fandom_Span_ID_Retrieval/data/raw/fandom_html/twister/2417.html
2026-02-20 18:49:45 — INFO —     Saved TEXT → /home/sundeep/Fandom_Span_ID_Retrieval/data/raw/fandom_html/twister/2417.txt
2026-02-20 18:49:45 — INFO — [40/143] Fetching → https://twister.fandom.com/wiki/Dani
2026-02-20 18:49:45 — INFO —     Saved HTML → /home/sundeep/Fandom_Span_ID_Retrieval/data/raw/fandom_html/twister/2455.html
2026-02-20 18:49:45 — INFO —     Saved TEXT → /home/sundeep/Fandom_Span_ID_Retrieval/data/raw/fandom_html/twister/2455.txt
2026-02-20 18:49:46 — INFO — [41/143] Fetching → https://twister.fandom.com/wiki/Daryl_McCormack
2026-02-20 18:49:46 — INFO —     Saved HTML → /home/sundeep/Fandom_Span_ID_Retrieval/data/raw/fandom_html/twister/2386.html
2026-02-20 18:49:46 — INFO —     Saved TEXT → /home/sundeep/Fandom_Span_ID_Retrieval/data/raw/fandom_html/twister/2386.txt
2026-02-20 18:49:46 — INFO — [42/143] Fetching → https://twister.fandom.com/wiki/David_Born
2026-02-20 18:49:46 — INFO —     Saved HTML → /home/sundeep/Fandom_Span_ID_Retrieval/data/raw/fandom_html/twister/2482.html
2026-02-20 18:49:46 — INFO —     Saved TEXT → /home/sundeep/Fandom_Span_ID_Retrieval/data/raw/fandom_html/twister/2482.txt
2026-02-20 18:49:47 — INFO — [43/143] Fetching → https://twister.fandom.com/wiki/David_Corenswet
2026-02-20 18:49:47 — INFO —     Saved HTML → /home/sundeep/Fandom_Span_ID_Retrieval/data/raw/fandom_html/twister/2366.html
2026-02-20 18:49:47 — INFO —     Saved TEXT → /home/sundeep/Fandom_Span_ID_Retrieval/data/raw/fandom_html/twister/2366.txt
2026-02-20 18:49:48 — INFO — [44/143] Fetching → https://twister.fandom.com/wiki/Dexter
2026-02-20 18:49:48 — INFO —     Saved HTML → /home/sundeep/Fandom_Span_ID_Retrieval/data/raw/fandom_html/twister/2453.html
2026-02-20 18:49:48 — INFO —     Saved TEXT → /home/sundeep/Fandom_Span_ID_Retrieval/data/raw/fandom_html/twister/2453.txt
2026-02-20 18:49:48 — INFO — [45/143] Fetching → https://twister.fandom.com/wiki/Dodge_Ram_2500
2026-02-20 18:49:48 — INFO —     SKIP (exists) → 2148.html
2026-02-20 18:49:49 — INFO — [46/143] Fetching → https://twister.fandom.com/wiki/Dorothy
2026-02-20 18:49:49 — INFO —     Saved HTML → /home/sundeep/Fandom_Span_ID_Retrieval/data/raw/fandom_html/twister/2079.html
2026-02-20 18:49:49 — INFO —     Saved TEXT → /home/sundeep/Fandom_Span_ID_Retrieval/data/raw/fandom_html/twister/2079.txt
2026-02-20 18:49:49 — INFO — [47/143] Fetching → https://twister.fandom.com/wiki/Dorothy_V
2026-02-20 18:49:49 — INFO —     Saved HTML → /home/sundeep/Fandom_Span_ID_Retrieval/data/raw/fandom_html/twister/2498.html
2026-02-20 18:49:49 — INFO —     Saved TEXT → /home/sundeep/Fandom_Span_ID_Retrieval/data/raw/fandom_html/twister/2498.txt
2026-02-20 18:49:50 — INFO — [48/143] Fetching → https://twister.fandom.com/wiki/Dustin_Davis
2026-02-20 18:49:50 — INFO —     Saved HTML → /home/sundeep/Fandom_Span_ID_Retrieval/data/raw/fandom_html/twister/2080.html
2026-02-20 18:49:50 — INFO —     Saved TEXT → /home/sundeep/Fandom_Span_ID_Retrieval/data/raw/fandom_html/twister/2080.txt
2026-02-20 18:49:50 — INFO — [49/143] Fetching → https://twister.fandom.com/wiki/EF1_Fireworks_Tornado
2026-02-20 18:49:50 — INFO —     Saved HTML → /home/sundeep/Fandom_Span_ID_Retrieval/data/raw/fandom_html/twister/2607.html
2026-02-20 18:49:50 — INFO —     Saved TEXT → /home/sundeep/Fandom_Span_ID_Retrieval/data/raw/fandom_html/twister/2607.txt
2026-02-20 18:49:51 — INFO — [50/143] Fetching → https://twister.fandom.com/wiki/EF3_Tornado_and_Satellite_Tornado
2026-02-20 18:49:51 — INFO —     Saved HTML → /home/sundeep/Fandom_Span_ID_Retrieval/data/raw/fandom_html/twister/2609.html
2026-02-20 18:49:51 — INFO —     Saved TEXT → /home/sundeep/Fandom_Span_ID_Retrieval/data/raw/fandom_html/twister/2609.txt
2026-02-20 18:49:51 — INFO — [Progress] Processed 50/143 pages (success=48, skipped=2, failed=0)
2026-02-20 18:49:52 — INFO — [51/143] Fetching → https://twister.fandom.com/wiki/EF4_Stillwater_Tornado
2026-02-20 18:49:52 — INFO —     Saved HTML → /home/sundeep/Fandom_Span_ID_Retrieval/data/raw/fandom_html/twister/2579.html
2026-02-20 18:49:52 — INFO —     Saved TEXT → /home/sundeep/Fandom_Span_ID_Retrieval/data/raw/fandom_html/twister/2579.txt
2026-02-20 18:49:52 — INFO — [52/143] Fetching → https://twister.fandom.com/wiki/Eddie
2026-02-20 18:49:52 — INFO —     Saved HTML → /home/sundeep/Fandom_Span_ID_Retrieval/data/raw/fandom_html/twister/2081.html
2026-02-20 18:49:52 — INFO —     Saved TEXT → /home/sundeep/Fandom_Span_ID_Retrieval/data/raw/fandom_html/twister/2081.txt
2026-02-20 18:49:53 — INFO — [53/143] Fetching → https://twister.fandom.com/wiki/El_Reno
2026-02-20 18:49:53 — INFO —     Saved HTML → /home/sundeep/Fandom_Span_ID_Retrieval/data/raw/fandom_html/twister/2588.html
2026-02-20 18:49:53 — INFO —     Saved TEXT → /home/sundeep/Fandom_Span_ID_Retrieval/data/raw/fandom_html/twister/2588.txt
2026-02-20 18:49:53 — INFO — [54/143] Fetching → https://twister.fandom.com/wiki/Extra_Scenes
2026-02-20 18:49:53 — INFO —     Saved HTML → /home/sundeep/Fandom_Span_ID_Retrieval/data/raw/fandom_html/twister/2507.html
2026-02-20 18:49:53 — INFO —     Saved TEXT → /home/sundeep/Fandom_Span_ID_Retrieval/data/raw/fandom_html/twister/2507.txt
2026-02-20 18:49:54 — INFO — [55/143] Fetching → https://twister.fandom.com/wiki/F1_"Ditch"_Tornado
2026-02-20 18:49:54 — INFO —     Saved HTML → /home/sundeep/Fandom_Span_ID_Retrieval/data/raw/fandom_html/twister/2082.html
2026-02-20 18:49:54 — INFO —     Saved TEXT → /home/sundeep/Fandom_Span_ID_Retrieval/data/raw/fandom_html/twister/2082.txt
2026-02-20 18:49:54 — INFO — [56/143] Fetching → https://twister.fandom.com/wiki/F2_"Sidewinder"_Tornado
2026-02-20 18:49:54 — INFO —     Saved HTML → /home/sundeep/Fandom_Span_ID_Retrieval/data/raw/fandom_html/twister/2083.html
2026-02-20 18:49:54 — INFO —     Saved TEXT → /home/sundeep/Fandom_Span_ID_Retrieval/data/raw/fandom_html/twister/2083.txt
2026-02-20 18:49:55 — INFO — [57/143] Fetching → https://twister.fandom.com/wiki/F3_"Jumper"_Tornado
2026-02-20 18:49:55 — INFO —     Saved HTML → /home/sundeep/Fandom_Span_ID_Retrieval/data/raw/fandom_html/twister/2084.html
2026-02-20 18:49:55 — INFO —     Saved TEXT → /home/sundeep/Fandom_Span_ID_Retrieval/data/raw/fandom_html/twister/2084.txt
2026-02-20 18:49:56 — INFO — [58/143] Fetching → https://twister.fandom.com/wiki/F4_Wakita_Tornado
2026-02-20 18:49:56 — INFO —     Saved HTML → /home/sundeep/Fandom_Span_ID_Retrieval/data/raw/fandom_html/twister/2085.html
2026-02-20 18:49:56 — INFO —     Saved TEXT → /home/sundeep/Fandom_Span_ID_Retrieval/data/raw/fandom_html/twister/2085.txt
2026-02-20 18:49:56 — INFO — [59/143] Fetching → https://twister.fandom.com/wiki/Ford_F-150_Raptor
2026-02-20 18:49:56 — INFO —     Saved HTML → /home/sundeep/Fandom_Span_ID_Retrieval/data/raw/fandom_html/twister/2520.html
2026-02-20 18:49:56 — INFO —     Saved TEXT → /home/sundeep/Fandom_Span_ID_Retrieval/data/raw/fandom_html/twister/2520.txt
2026-02-20 18:49:57 — INFO — [60/143] Fetching → https://twister.fandom.com/wiki/Frank_Marshall
2026-02-20 18:49:57 — INFO —     Saved HTML → /home/sundeep/Fandom_Span_ID_Retrieval/data/raw/fandom_html/twister/2410.html
2026-02-20 18:49:57 — INFO —     Saved TEXT → /home/sundeep/Fandom_Span_ID_Retrieval/data/raw/fandom_html/twister/2410.txt
2026-02-20 18:49:57 — INFO — [61/143] Fetching → https://twister.fandom.com/wiki/Galaxy_Drive-In
2026-02-20 18:49:57 — INFO —     Saved HTML → /home/sundeep/Fandom_Span_ID_Retrieval/data/raw/fandom_html/twister/2586.html
2026-02-20 18:49:57 — INFO —     Saved TEXT → /home/sundeep/Fandom_Span_ID_Retrieval/data/raw/fandom_html/twister/2586.txt
2026-02-20 18:49:58 — INFO — [62/143] Fetching → https://twister.fandom.com/wiki/Gary_England
2026-02-20 18:49:58 — INFO —     Saved HTML → /home/sundeep/Fandom_Span_ID_Retrieval/data/raw/fandom_html/twister/2086.html
2026-02-20 18:49:58 — INFO —     Saved TEXT → /home/sundeep/Fandom_Span_ID_Retrieval/data/raw/fandom_html/twister/2086.txt
2026-02-20 18:49:58 — INFO — [63/143] Fetching → https://twister.fandom.com/wiki/Glen_Powell
2026-02-20 18:49:59 — INFO —     Saved HTML → /home/sundeep/Fandom_Span_ID_Retrieval/data/raw/fandom_html/twister/2340.html
2026-02-20 18:49:59 — INFO —     Saved TEXT → /home/sundeep/Fandom_Span_ID_Retrieval/data/raw/fandom_html/twister/2340.txt
2026-02-20 18:49:59 — INFO — [64/143] Fetching → https://twister.fandom.com/wiki/Harry_Hadden-Paton
2026-02-20 18:49:59 — INFO —     Saved HTML → /home/sundeep/Fandom_Span_ID_Retrieval/data/raw/fandom_html/twister/2387.html
2026-02-20 18:49:59 — INFO —     Saved TEXT → /home/sundeep/Fandom_Span_ID_Retrieval/data/raw/fandom_html/twister/2387.txt
2026-02-20 18:50:00 — INFO — [65/143] Fetching → https://twister.fandom.com/wiki/Helen_Hunt
2026-02-20 18:50:00 — INFO —     Saved HTML → /home/sundeep/Fandom_Span_ID_Retrieval/data/raw/fandom_html/twister/2441.html
2026-02-20 18:50:00 — INFO —     Saved TEXT → /home/sundeep/Fandom_Span_ID_Retrieval/data/raw/fandom_html/twister/2441.txt
2026-02-20 18:50:00 — INFO — [66/143] Fetching → https://twister.fandom.com/wiki/His_girlfriend
2026-02-20 18:50:00 — INFO —     Saved HTML → /home/sundeep/Fandom_Span_ID_Retrieval/data/raw/fandom_html/twister/2572.html
2026-02-20 18:50:01 — INFO —     Saved TEXT → /home/sundeep/Fandom_Span_ID_Retrieval/data/raw/fandom_html/twister/2572.txt
2026-02-20 18:50:01 — INFO — [67/143] Fetching → https://twister.fandom.com/wiki/Jake_Busey
2026-02-20 18:50:01 — INFO —     Saved HTML → /home/sundeep/Fandom_Span_ID_Retrieval/data/raw/fandom_html/twister/2439.html
2026-02-20 18:50:01 — INFO —     Saved TEXT → /home/sundeep/Fandom_Span_ID_Retrieval/data/raw/fandom_html/twister/2439.txt
2026-02-20 18:50:02 — INFO — [68/143] Fetching → https://twister.fandom.com/wiki/James_Paxton
2026-02-20 18:50:02 — INFO —     Saved HTML → /home/sundeep/Fandom_Span_ID_Retrieval/data/raw/fandom_html/twister/2468.html
2026-02-20 18:50:02 — INFO —     Saved TEXT → /home/sundeep/Fandom_Span_ID_Retrieval/data/raw/fandom_html/twister/2468.txt
2026-02-20 18:50:02 — INFO — [69/143] Fetching → https://twister.fandom.com/wiki/Jami_Gertz
2026-02-20 18:50:02 — INFO —     Saved HTML → /home/sundeep/Fandom_Span_ID_Retrieval/data/raw/fandom_html/twister/2429.html
2026-02-20 18:50:02 — INFO —     Saved TEXT → /home/sundeep/Fandom_Span_ID_Retrieval/data/raw/fandom_html/twister/2429.txt
2026-02-20 18:50:03 — INFO — [70/143] Fetching → https://twister.fandom.com/wiki/Jan_de_Bont
2026-02-20 18:50:03 — INFO —     Saved HTML → /home/sundeep/Fandom_Span_ID_Retrieval/data/raw/fandom_html/twister/2472.html
2026-02-20 18:50:03 — INFO —     Saved TEXT → /home/sundeep/Fandom_Span_ID_Retrieval/data/raw/fandom_html/twister/2472.txt
2026-02-20 18:50:03 — INFO — [71/143] Fetching → https://twister.fandom.com/wiki/Jason_Rowe
2026-02-20 18:50:03 — INFO —     Saved HTML → /home/sundeep/Fandom_Span_ID_Retrieval/data/raw/fandom_html/twister/2260.html
2026-02-20 18:50:03 — INFO —     Saved TEXT → /home/sundeep/Fandom_Span_ID_Retrieval/data/raw/fandom_html/twister/2260.txt
2026-02-20 18:50:04 — INFO — [72/143] Fetching → https://twister.fandom.com/wiki/Javi
2026-02-20 18:50:04 — INFO —     Saved HTML → /home/sundeep/Fandom_Span_ID_Retrieval/data/raw/fandom_html/twister/2322.html
2026-02-20 18:50:04 — INFO —     Saved TEXT → /home/sundeep/Fandom_Span_ID_Retrieval/data/raw/fandom_html/twister/2322.txt
2026-02-20 18:50:04 — INFO — [73/143] Fetching → https://twister.fandom.com/wiki/Jeb
2026-02-20 18:50:04 — INFO —     Saved HTML → /home/sundeep/Fandom_Span_ID_Retrieval/data/raw/fandom_html/twister/2459.html
2026-02-20 18:50:04 — INFO —     Saved TEXT → /home/sundeep/Fandom_Span_ID_Retrieval/data/raw/fandom_html/twister/2459.txt
2026-02-20 18:50:05 — INFO — [74/143] Fetching → https://twister.fandom.com/wiki/Jeremy_Davies
2026-02-20 18:50:05 — INFO —     Saved HTML → /home/sundeep/Fandom_Span_ID_Retrieval/data/raw/fandom_html/twister/2432.html
2026-02-20 18:50:05 — INFO —     Saved TEXT → /home/sundeep/Fandom_Span_ID_Retrieval/data/raw/fandom_html/twister/2432.txt
2026-02-20 18:50:06 — INFO — [75/143] Fetching → https://twister.fandom.com/wiki/Jo_Ann_Harding
2026-02-20 18:50:06 — INFO —     Saved HTML → /home/sundeep/Fandom_Span_ID_Retrieval/data/raw/fandom_html/twister/2072.html
2026-02-20 18:50:06 — INFO —     Saved TEXT → /home/sundeep/Fandom_Span_ID_Retrieval/data/raw/fandom_html/twister/2072.txt
2026-02-20 18:50:06 — INFO — [76/143] Fetching → https://twister.fandom.com/wiki/Joey
2026-02-20 18:50:06 — INFO —     Saved HTML → /home/sundeep/Fandom_Span_ID_Retrieval/data/raw/fandom_html/twister/2423.html
2026-02-20 18:50:06 — INFO —     Saved TEXT → /home/sundeep/Fandom_Span_ID_Retrieval/data/raw/fandom_html/twister/2423.txt
2026-02-20 18:50:07 — INFO — [77/143] Fetching → https://twister.fandom.com/wiki/Joey_Slotnick
2026-02-20 18:50:07 — INFO —     Saved HTML → /home/sundeep/Fandom_Span_ID_Retrieval/data/raw/fandom_html/twister/2433.html
2026-02-20 18:50:07 — INFO —     Saved TEXT → /home/sundeep/Fandom_Span_ID_Retrieval/data/raw/fandom_html/twister/2433.txt
2026-02-20 18:50:07 — INFO — [78/143] Fetching → https://twister.fandom.com/wiki/Jonas_Miller
2026-02-20 18:50:07 — INFO —     Saved HTML → /home/sundeep/Fandom_Span_ID_Retrieval/data/raw/fandom_html/twister/2087.html
2026-02-20 18:50:07 — INFO —     Saved TEXT → /home/sundeep/Fandom_Span_ID_Retrieval/data/raw/fandom_html/twister/2087.txt
2026-02-20 18:50:08 — INFO — [79/143] Fetching → https://twister.fandom.com/wiki/Joseph_Kosinski
2026-02-20 18:50:08 — INFO —     Saved HTML → /home/sundeep/Fandom_Span_ID_Retrieval/data/raw/fandom_html/twister/2413.html
2026-02-20 18:50:08 — INFO —     Saved TEXT → /home/sundeep/Fandom_Span_ID_Retrieval/data/raw/fandom_html/twister/2413.txt
2026-02-20 18:50:08 — INFO — [80/143] Fetching → https://twister.fandom.com/wiki/Kate's_Team
2026-02-20 18:50:09 — INFO —     Saved HTML → /home/sundeep/Fandom_Span_ID_Retrieval/data/raw/fandom_html/twister/2511.html
2026-02-20 18:50:09 — INFO —     Saved TEXT → /home/sundeep/Fandom_Span_ID_Retrieval/data/raw/fandom_html/twister/2511.txt
2026-02-20 18:50:09 — INFO — [81/143] Fetching → https://twister.fandom.com/wiki/Kate_Carter
2026-02-20 18:50:09 — INFO —     Saved HTML → /home/sundeep/Fandom_Span_ID_Retrieval/data/raw/fandom_html/twister/2323.html
2026-02-20 18:50:09 — INFO —     Saved TEXT → /home/sundeep/Fandom_Span_ID_Retrieval/data/raw/fandom_html/twister/2323.txt
2026-02-20 18:50:10 — INFO — [82/143] Fetching → https://twister.fandom.com/wiki/Kate_Cooper
2026-02-20 18:50:10 — INFO —     SKIP (exists) → 2323.html
2026-02-20 18:50:11 — INFO — [83/143] Fetching → https://twister.fandom.com/wiki/Katy_O'Brian
2026-02-20 18:50:11 — INFO —     Saved HTML → /home/sundeep/Fandom_Span_ID_Retrieval/data/raw/fandom_html/twister/2392.html
2026-02-20 18:50:11 — INFO —     Saved TEXT → /home/sundeep/Fandom_Span_ID_Retrieval/data/raw/fandom_html/twister/2392.txt
2026-02-20 18:50:11 — INFO — [84/143] Fetching → https://twister.fandom.com/wiki/Kayleigh
2026-02-20 18:50:12 — INFO —     Saved HTML → /home/sundeep/Fandom_Span_ID_Retrieval/data/raw/fandom_html/twister/2573.html
2026-02-20 18:50:12 — INFO —     Saved TEXT → /home/sundeep/Fandom_Span_ID_Retrieval/data/raw/fandom_html/twister/2573.txt
2026-02-20 18:50:12 — INFO — [85/143] Fetching → https://twister.fandom.com/wiki/Kiernan_Shipka
2026-02-20 18:50:12 — INFO —     Saved HTML → /home/sundeep/Fandom_Span_ID_Retrieval/data/raw/fandom_html/twister/2389.html
2026-02-20 18:50:12 — INFO —     Saved TEXT → /home/sundeep/Fandom_Span_ID_Retrieval/data/raw/fandom_html/twister/2389.txt
2026-02-20 18:50:13 — INFO — [86/143] Fetching → https://twister.fandom.com/wiki/Lee_Isaac_Chung
2026-02-20 18:50:13 — INFO —     Saved HTML → /home/sundeep/Fandom_Span_ID_Retrieval/data/raw/fandom_html/twister/2409.html
2026-02-20 18:50:13 — INFO —     Saved TEXT → /home/sundeep/Fandom_Span_ID_Retrieval/data/raw/fandom_html/twister/2409.txt
2026-02-20 18:50:13 — INFO — [87/143] Fetching → https://twister.fandom.com/wiki/Lilly
2026-02-20 18:50:13 — INFO —     Saved HTML → /home/sundeep/Fandom_Span_ID_Retrieval/data/raw/fandom_html/twister/2454.html
2026-02-20 18:50:13 — INFO —     Saved TEXT → /home/sundeep/Fandom_Span_ID_Retrieval/data/raw/fandom_html/twister/2454.txt
2026-02-20 18:50:14 — INFO — [88/143] Fetching → https://twister.fandom.com/wiki/Lois_Smith
2026-02-20 18:50:14 — INFO —     Saved HTML → /home/sundeep/Fandom_Span_ID_Retrieval/data/raw/fandom_html/twister/2436.html
2026-02-20 18:50:14 — INFO —     Saved TEXT → /home/sundeep/Fandom_Span_ID_Retrieval/data/raw/fandom_html/twister/2436.txt
2026-02-20 18:50:14 — INFO — [89/143] Fetching → https://twister.fandom.com/wiki/Main_Page
2026-02-20 18:50:14 — INFO —     Saved HTML → /home/sundeep/Fandom_Span_ID_Retrieval/data/raw/fandom_html/twister/1461.html
2026-02-20 18:50:14 — INFO —     Saved TEXT → /home/sundeep/Fandom_Span_ID_Retrieval/data/raw/fandom_html/twister/1461.txt
2026-02-20 18:50:15 — INFO — [90/143] Fetching → https://twister.fandom.com/wiki/Mark_L._Smith
2026-02-20 18:50:15 — INFO —     Saved HTML → /home/sundeep/Fandom_Span_ID_Retrieval/data/raw/fandom_html/twister/2412.html
2026-02-20 18:50:15 — INFO —     Saved TEXT → /home/sundeep/Fandom_Span_ID_Retrieval/data/raw/fandom_html/twister/2412.txt
2026-02-20 18:50:16 — INFO — [91/143] Fetching → https://twister.fandom.com/wiki/Mark_Mancina
2026-02-20 18:50:16 — INFO —     Saved HTML → /home/sundeep/Fandom_Span_ID_Retrieval/data/raw/fandom_html/twister/2471.html
2026-02-20 18:50:16 — INFO —     Saved TEXT → /home/sundeep/Fandom_Span_ID_Retrieval/data/raw/fandom_html/twister/2471.txt
2026-02-20 18:50:16 — INFO — [92/143] Fetching → https://twister.fandom.com/wiki/Marshall_Riggs
2026-02-20 18:50:16 — INFO —     Saved HTML → /home/sundeep/Fandom_Span_ID_Retrieval/data/raw/fandom_html/twister/2481.html
2026-02-20 18:50:16 — INFO —     Saved TEXT → /home/sundeep/Fandom_Span_ID_Retrieval/data/raw/fandom_html/twister/2481.txt
2026-02-20 18:50:17 — INFO — [93/143] Fetching → https://twister.fandom.com/wiki/Maura_Tierney
2026-02-20 18:50:17 — INFO —     Saved HTML → /home/sundeep/Fandom_Span_ID_Retrieval/data/raw/fandom_html/twister/2369.html
2026-02-20 18:50:17 — INFO —     Saved TEXT → /home/sundeep/Fandom_Span_ID_Retrieval/data/raw/fandom_html/twister/2369.txt
2026-02-20 18:50:17 — INFO — [94/143] Fetching → https://twister.fandom.com/wiki/Meg_Greene
2026-02-20 18:50:17 — INFO —     Saved HTML → /home/sundeep/Fandom_Span_ID_Retrieval/data/raw/fandom_html/twister/2424.html
2026-02-20 18:50:17 — INFO —     Saved TEXT → /home/sundeep/Fandom_Span_ID_Retrieval/data/raw/fandom_html/twister/2424.txt
2026-02-20 18:50:18 — INFO — [95/143] Fetching → https://twister.fandom.com/wiki/Melissa_Reeves
2026-02-20 18:50:18 — INFO —     Saved HTML → /home/sundeep/Fandom_Span_ID_Retrieval/data/raw/fandom_html/twister/2234.html
2026-02-20 18:50:18 — INFO —     Saved TEXT → /home/sundeep/Fandom_Span_ID_Retrieval/data/raw/fandom_html/twister/2234.txt
2026-02-20 18:50:18 — INFO — [96/143] Fetching → https://twister.fandom.com/wiki/Michael_Crichton
2026-02-20 18:50:18 — INFO —     Saved HTML → /home/sundeep/Fandom_Span_ID_Retrieval/data/raw/fandom_html/twister/2414.html
2026-02-20 18:50:18 — INFO —     Saved TEXT → /home/sundeep/Fandom_Span_ID_Retrieval/data/raw/fandom_html/twister/2414.txt
2026-02-20 18:50:19 — INFO — [97/143] Fetching → https://twister.fandom.com/wiki/Morocco369_บา_คา_ร่า_888
2026-02-20 18:50:19 — INFO —     Saved HTML → /home/sundeep/Fandom_Span_ID_Retrieval/data/raw/fandom_html/twister/2646.html
2026-02-20 18:50:19 — INFO —     Saved TEXT → /home/sundeep/Fandom_Span_ID_Retrieval/data/raw/fandom_html/twister/2646.txt
2026-02-20 18:50:20 — INFO — [98/143] Fetching → https://twister.fandom.com/wiki/Morocco369_บา_คา_ร่า_เว็บตรง888
2026-02-20 18:50:20 — INFO —     Saved HTML → /home/sundeep/Fandom_Span_ID_Retrieval/data/raw/fandom_html/twister/2647.html
2026-02-20 18:50:20 — INFO —     Saved TEXT → /home/sundeep/Fandom_Span_ID_Retrieval/data/raw/fandom_html/twister/2647.txt
2026-02-20 18:50:20 — INFO — [99/143] Fetching → https://twister.fandom.com/wiki/Morocco369_บาคาร่า_เว็บตรง_888
2026-02-20 18:50:20 — INFO —     Saved HTML → /home/sundeep/Fandom_Span_ID_Retrieval/data/raw/fandom_html/twister/2649.html
2026-02-20 18:50:20 — INFO —     Saved TEXT → /home/sundeep/Fandom_Span_ID_Retrieval/data/raw/fandom_html/twister/2649.txt
2026-02-20 18:50:21 — INFO — [100/143] Fetching → https://twister.fandom.com/wiki/Mr._Thornton
2026-02-20 18:50:21 — INFO —     Saved HTML → /home/sundeep/Fandom_Span_ID_Retrieval/data/raw/fandom_html/twister/2425.html
2026-02-20 18:50:21 — INFO —     Saved TEXT → /home/sundeep/Fandom_Span_ID_Retrieval/data/raw/fandom_html/twister/2425.txt
2026-02-20 18:50:21 — INFO — [Progress] Processed 100/143 pages (success=97, skipped=3, failed=0)
2026-02-20 18:50:21 — INFO — [101/143] Fetching → https://twister.fandom.com/wiki/Mrs._Thornton
2026-02-20 18:50:21 — INFO —     Saved HTML → /home/sundeep/Fandom_Span_ID_Retrieval/data/raw/fandom_html/twister/2427.html
2026-02-20 18:50:22 — INFO —     Saved TEXT → /home/sundeep/Fandom_Span_ID_Retrieval/data/raw/fandom_html/twister/2427.txt
2026-02-20 18:50:22 — INFO — [102/143] Fetching → https://twister.fandom.com/wiki/Nik_Dodani
2026-02-20 18:50:22 — INFO —     Saved HTML → /home/sundeep/Fandom_Span_ID_Retrieval/data/raw/fandom_html/twister/2390.html
2026-02-20 18:50:22 — INFO —     Saved TEXT → /home/sundeep/Fandom_Span_ID_Retrieval/data/raw/fandom_html/twister/2390.txt
2026-02-20 18:50:23 — INFO — [103/143] Fetching → https://twister.fandom.com/wiki/Patrick_Crowley
2026-02-20 18:50:23 — INFO —     Saved HTML → /home/sundeep/Fandom_Span_ID_Retrieval/data/raw/fandom_html/twister/2411.html
2026-02-20 18:50:23 — INFO —     Saved TEXT → /home/sundeep/Fandom_Span_ID_Retrieval/data/raw/fandom_html/twister/2411.txt
2026-02-20 18:50:23 — INFO — [104/143] Fetching → https://twister.fandom.com/wiki/Philip_Seymour_Hoffman
2026-02-20 18:50:23 — INFO —     Saved HTML → /home/sundeep/Fandom_Span_ID_Retrieval/data/raw/fandom_html/twister/2373.html
2026-02-20 18:50:23 — INFO —     Saved TEXT → /home/sundeep/Fandom_Span_ID_Retrieval/data/raw/fandom_html/twister/2373.txt
2026-02-20 18:50:24 — INFO — [105/143] Fetching → https://twister.fandom.com/wiki/Praveen
2026-02-20 18:50:24 — INFO —     Saved HTML → /home/sundeep/Fandom_Span_ID_Retrieval/data/raw/fandom_html/twister/2460.html
2026-02-20 18:50:24 — INFO —     Saved TEXT → /home/sundeep/Fandom_Span_ID_Retrieval/data/raw/fandom_html/twister/2460.txt
2026-02-20 18:50:24 — INFO — [106/143] Fetching → https://twister.fandom.com/wiki/Richard_Lineback
2026-02-20 18:50:24 — INFO —     Saved HTML → /home/sundeep/Fandom_Span_ID_Retrieval/data/raw/fandom_html/twister/2437.html
2026-02-20 18:50:24 — INFO —     Saved TEXT → /home/sundeep/Fandom_Span_ID_Retrieval/data/raw/fandom_html/twister/2437.txt
2026-02-20 18:50:25 — INFO — [107/143] Fetching → https://twister.fandom.com/wiki/Robert_"Rabbit"_Nurick
2026-02-20 18:50:25 — INFO —     Saved HTML → /home/sundeep/Fandom_Span_ID_Retrieval/data/raw/fandom_html/twister/2173.html
2026-02-20 18:50:25 — INFO —     Saved TEXT → /home/sundeep/Fandom_Span_ID_Retrieval/data/raw/fandom_html/twister/2173.txt
2026-02-20 18:50:26 — INFO — [108/143] Fetching → https://twister.fandom.com/wiki/Robert_Nurick
2026-02-20 18:50:26 — INFO —     SKIP (exists) → 2173.html
2026-02-20 18:50:26 — INFO — [109/143] Fetching → https://twister.fandom.com/wiki/Robert_Nurwick
2026-02-20 18:50:26 — INFO —     Saved HTML → /home/sundeep/Fandom_Span_ID_Retrieval/data/raw/fandom_html/twister/2271.html
2026-02-20 18:50:26 — INFO —     Saved TEXT → /home/sundeep/Fandom_Span_ID_Retrieval/data/raw/fandom_html/twister/2271.txt
2026-02-20 18:50:27 — INFO — [110/143] Fetching → https://twister.fandom.com/wiki/Rusty_Schwimmer
2026-02-20 18:50:27 — INFO —     Saved HTML → /home/sundeep/Fandom_Span_ID_Retrieval/data/raw/fandom_html/twister/2438.html
2026-02-20 18:50:27 — INFO —     Saved TEXT → /home/sundeep/Fandom_Span_ID_Retrieval/data/raw/fandom_html/twister/2438.txt
2026-02-20 18:50:27 — INFO — [111/143] Fetching → https://twister.fandom.com/wiki/SLOTS_pg_2026_สมัคร_บา_คา_ร่า_ออนไลน์_เว็บตรง_MOROCCO369
2026-02-20 18:50:27 — INFO —     Saved HTML → /home/sundeep/Fandom_Span_ID_Retrieval/data/raw/fandom_html/twister/2648.html
2026-02-20 18:50:27 — INFO —     Saved TEXT → /home/sundeep/Fandom_Span_ID_Retrieval/data/raw/fandom_html/twister/2648.txt
2026-02-20 18:50:28 — INFO — [112/143] Fetching → https://twister.fandom.com/wiki/Sasha_Lane
2026-02-20 18:50:28 — INFO —     Saved HTML → /home/sundeep/Fandom_Span_ID_Retrieval/data/raw/fandom_html/twister/2388.html
2026-02-20 18:50:28 — INFO —     Saved TEXT → /home/sundeep/Fandom_Span_ID_Retrieval/data/raw/fandom_html/twister/2388.txt
2026-02-20 18:50:28 — INFO — [113/143] Fetching → https://twister.fandom.com/wiki/Scanners
2026-02-20 18:50:28 — INFO —     Saved HTML → /home/sundeep/Fandom_Span_ID_Retrieval/data/raw/fandom_html/twister/2504.html
2026-02-20 18:50:28 — INFO —     Saved TEXT → /home/sundeep/Fandom_Span_ID_Retrieval/data/raw/fandom_html/twister/2504.txt
2026-02-20 18:50:29 — INFO — [114/143] Fetching → https://twister.fandom.com/wiki/Scott
2026-02-20 18:50:29 — INFO —     Saved HTML → /home/sundeep/Fandom_Span_ID_Retrieval/data/raw/fandom_html/twister/2458.html
2026-02-20 18:50:29 — INFO —     Saved TEXT → /home/sundeep/Fandom_Span_ID_Retrieval/data/raw/fandom_html/twister/2458.txt
2026-02-20 18:50:30 — INFO — [115/143] Fetching → https://twister.fandom.com/wiki/Scott_Thomson
2026-02-20 18:50:30 — INFO —     Saved HTML → /home/sundeep/Fandom_Span_ID_Retrieval/data/raw/fandom_html/twister/2435.html
2026-02-20 18:50:30 — INFO —     Saved TEXT → /home/sundeep/Fandom_Span_ID_Retrieval/data/raw/fandom_html/twister/2435.txt
2026-02-20 18:50:30 — INFO — [116/143] Fetching → https://twister.fandom.com/wiki/Sean_Whalen
2026-02-20 18:50:30 — INFO —     Saved HTML → /home/sundeep/Fandom_Span_ID_Retrieval/data/raw/fandom_html/twister/2431.html
2026-02-20 18:50:30 — INFO —     Saved TEXT → /home/sundeep/Fandom_Span_ID_Retrieval/data/raw/fandom_html/twister/2431.txt
2026-02-20 18:50:31 — INFO — [117/143] Fetching → https://twister.fandom.com/wiki/Storm_Par
2026-02-20 18:50:31 — INFO —     Saved HTML → /home/sundeep/Fandom_Span_ID_Retrieval/data/raw/fandom_html/twister/2480.html
2026-02-20 18:50:31 — INFO —     Saved TEXT → /home/sundeep/Fandom_Span_ID_Retrieval/data/raw/fandom_html/twister/2480.txt
2026-02-20 18:50:31 — INFO — [118/143] Fetching → https://twister.fandom.com/wiki/Terilyn_A._Shropshire
2026-02-20 18:50:31 — INFO —     Saved HTML → /home/sundeep/Fandom_Span_ID_Retrieval/data/raw/fandom_html/twister/2418.html
2026-02-20 18:50:31 — INFO —     Saved TEXT → /home/sundeep/Fandom_Span_ID_Retrieval/data/raw/fandom_html/twister/2418.txt
2026-02-20 18:50:32 — INFO — [119/143] Fetching → https://twister.fandom.com/wiki/Tim_Lewis
2026-02-20 18:50:32 — INFO —     Saved HTML → /home/sundeep/Fandom_Span_ID_Retrieval/data/raw/fandom_html/twister/2253.html
2026-02-20 18:50:32 — INFO —     Saved TEXT → /home/sundeep/Fandom_Span_ID_Retrieval/data/raw/fandom_html/twister/2253.txt
2026-02-20 18:50:32 — INFO — [120/143] Fetching → https://twister.fandom.com/wiki/Toby
2026-02-20 18:50:32 — INFO —     Saved HTML → /home/sundeep/Fandom_Span_ID_Retrieval/data/raw/fandom_html/twister/2600.html
2026-02-20 18:50:32 — INFO —     Saved TEXT → /home/sundeep/Fandom_Span_ID_Retrieval/data/raw/fandom_html/twister/2600.txt
2026-02-20 18:50:33 — INFO — [121/143] Fetching → https://twister.fandom.com/wiki/Todd_Field
2026-02-20 18:50:33 — INFO —     Saved HTML → /home/sundeep/Fandom_Span_ID_Retrieval/data/raw/fandom_html/twister/2434.html
2026-02-20 18:50:33 — INFO —     Saved TEXT → /home/sundeep/Fandom_Span_ID_Retrieval/data/raw/fandom_html/twister/2434.txt
2026-02-20 18:50:34 — INFO — [122/143] Fetching → https://twister.fandom.com/wiki/Tornado_Wranglers
2026-02-20 18:50:34 — INFO —     Saved HTML → /home/sundeep/Fandom_Span_ID_Retrieval/data/raw/fandom_html/twister/2451.html
2026-02-20 18:50:34 — INFO —     Saved TEXT → /home/sundeep/Fandom_Span_ID_Retrieval/data/raw/fandom_html/twister/2451.txt
2026-02-20 18:50:34 — INFO — [123/143] Fetching → https://twister.fandom.com/wiki/Toyota_4Runner
2026-02-20 18:50:34 — INFO —     Saved HTML → /home/sundeep/Fandom_Span_ID_Retrieval/data/raw/fandom_html/twister/2502.html
2026-02-20 18:50:34 — INFO —     Saved TEXT → /home/sundeep/Fandom_Span_ID_Retrieval/data/raw/fandom_html/twister/2502.txt
2026-02-20 18:50:35 — INFO — [124/143] Fetching → https://twister.fandom.com/wiki/Tunde_Adebimpe
2026-02-20 18:50:35 — INFO —     Saved HTML → /home/sundeep/Fandom_Span_ID_Retrieval/data/raw/fandom_html/twister/2391.html
2026-02-20 18:50:35 — INFO —     Saved TEXT → /home/sundeep/Fandom_Span_ID_Retrieval/data/raw/fandom_html/twister/2391.txt
2026-02-20 18:50:35 — INFO — [125/143] Fetching → https://twister.fandom.com/wiki/Twister:_Ride_It_Out
2026-02-20 18:50:35 — INFO —     Saved HTML → /home/sundeep/Fandom_Span_ID_Retrieval/data/raw/fandom_html/twister/2237.html
2026-02-20 18:50:35 — INFO —     Saved TEXT → /home/sundeep/Fandom_Span_ID_Retrieval/data/raw/fandom_html/twister/2237.txt
2026-02-20 18:50:36 — INFO — [126/143] Fetching → https://twister.fandom.com/wiki/Twister:_The_Movie_Museum
2026-02-20 18:50:36 — INFO —     Saved HTML → /home/sundeep/Fandom_Span_ID_Retrieval/data/raw/fandom_html/twister/2239.html
2026-02-20 18:50:36 — INFO —     Saved TEXT → /home/sundeep/Fandom_Span_ID_Retrieval/data/raw/fandom_html/twister/2239.txt
2026-02-20 18:50:36 — INFO — [127/143] Fetching → https://twister.fandom.com/wiki/Twister_(1996_film)
2026-02-20 18:50:36 — INFO —     Saved HTML → /home/sundeep/Fandom_Span_ID_Retrieval/data/raw/fandom_html/twister/2233.html
2026-02-20 18:50:37 — INFO —     Saved TEXT → /home/sundeep/Fandom_Span_ID_Retrieval/data/raw/fandom_html/twister/2233.txt
2026-02-20 18:50:37 — INFO — [128/143] Fetching → https://twister.fandom.com/wiki/Twister_(Pinball_Machine)
2026-02-20 18:50:37 — INFO —     Saved HTML → /home/sundeep/Fandom_Span_ID_Retrieval/data/raw/fandom_html/twister/2238.html
2026-02-20 18:50:37 — INFO —     Saved TEXT → /home/sundeep/Fandom_Span_ID_Retrieval/data/raw/fandom_html/twister/2238.txt
2026-02-20 18:50:38 — INFO — [129/143] Fetching → https://twister.fandom.com/wiki/Twister_(film)
2026-02-20 18:50:38 — INFO —     SKIP (exists) → 2233.html
2026-02-20 18:50:38 — INFO — [130/143] Fetching → https://twister.fandom.com/wiki/Twister_(pinball)
2026-02-20 18:50:38 — INFO —     SKIP (exists) → 2238.html
2026-02-20 18:50:39 — INFO — [131/143] Fetching → https://twister.fandom.com/wiki/Twister_3
2026-02-20 18:50:39 — INFO —     Saved HTML → /home/sundeep/Fandom_Span_ID_Retrieval/data/raw/fandom_html/twister/2484.html
2026-02-20 18:50:39 — INFO —     Saved TEXT → /home/sundeep/Fandom_Span_ID_Retrieval/data/raw/fandom_html/twister/2484.txt
2026-02-20 18:50:39 — INFO — [132/143] Fetching → https://twister.fandom.com/wiki/Twister_Wiki
2026-02-20 18:50:39 — INFO —     SKIP (exists) → 1461.html
2026-02-20 18:50:40 — INFO — [133/143] Fetching → https://twister.fandom.com/wiki/Twister_trailer
2026-02-20 18:50:40 — INFO —     Saved HTML → /home/sundeep/Fandom_Span_ID_Retrieval/data/raw/fandom_html/twister/2157.html
2026-02-20 18:50:40 — INFO —     Saved TEXT → /home/sundeep/Fandom_Span_ID_Retrieval/data/raw/fandom_html/twister/2157.txt
2026-02-20 18:50:40 — INFO — [134/143] Fetching → https://twister.fandom.com/wiki/Twisters
2026-02-20 18:50:41 — INFO —     Saved HTML → /home/sundeep/Fandom_Span_ID_Retrieval/data/raw/fandom_html/twister/2301.html
2026-02-20 18:50:41 — INFO —     Saved TEXT → /home/sundeep/Fandom_Span_ID_Retrieval/data/raw/fandom_html/twister/2301.txt
2026-02-20 18:50:41 — INFO — [135/143] Fetching → https://twister.fandom.com/wiki/Twisters_(2024_film)
2026-02-20 18:50:41 — INFO —     SKIP (exists) → 2301.html
2026-02-20 18:50:42 — INFO — [136/143] Fetching → https://twister.fandom.com/wiki/Twisters_(upcomin_film)
2026-02-20 18:50:42 — INFO —     SKIP (exists) → 2301.html
2026-02-20 18:50:42 — INFO — [137/143] Fetching → https://twister.fandom.com/wiki/Twisters_(upcoming_film)
2026-02-20 18:50:42 — INFO —     SKIP (exists) → 2301.html
2026-02-20 18:50:43 — INFO — [138/143] Fetching → https://twister.fandom.com/wiki/Tyler_Owens
2026-02-20 18:50:43 — INFO —     Saved HTML → /home/sundeep/Fandom_Span_ID_Retrieval/data/raw/fandom_html/twister/2321.html
2026-02-20 18:50:43 — INFO —     Saved TEXT → /home/sundeep/Fandom_Span_ID_Retrieval/data/raw/fandom_html/twister/2321.txt
2026-02-20 18:50:44 — INFO — [139/143] Fetching → https://twister.fandom.com/wiki/United_States
2026-02-20 18:50:44 — INFO —     Saved HTML → /home/sundeep/Fandom_Span_ID_Retrieval/data/raw/fandom_html/twister/2330.html
2026-02-20 18:50:44 — INFO —     Saved TEXT → /home/sundeep/Fandom_Span_ID_Retrieval/data/raw/fandom_html/twister/2330.txt
2026-02-20 18:50:44 — INFO — [140/143] Fetching → https://twister.fandom.com/wiki/Universal_Pictures
2026-02-20 18:50:44 — INFO —     Saved HTML → /home/sundeep/Fandom_Span_ID_Retrieval/data/raw/fandom_html/twister/2499.html
2026-02-20 18:50:44 — INFO —     Saved TEXT → /home/sundeep/Fandom_Span_ID_Retrieval/data/raw/fandom_html/twister/2499.txt
2026-02-20 18:50:45 — INFO — [141/143] Fetching → https://twister.fandom.com/wiki/Wakita,_Oklahoma
2026-02-20 18:50:45 — INFO —     Saved HTML → /home/sundeep/Fandom_Span_ID_Retrieval/data/raw/fandom_html/twister/2240.html
2026-02-20 18:50:45 — INFO —     Saved TEXT → /home/sundeep/Fandom_Span_ID_Retrieval/data/raw/fandom_html/twister/2240.txt
2026-02-20 18:50:45 — INFO — [142/143] Fetching → https://twister.fandom.com/wiki/Warner_Bros._Pictures
2026-02-20 18:50:45 — INFO —     Saved HTML → /home/sundeep/Fandom_Span_ID_Retrieval/data/raw/fandom_html/twister/2500.html
2026-02-20 18:50:45 — INFO —     Saved TEXT → /home/sundeep/Fandom_Span_ID_Retrieval/data/raw/fandom_html/twister/2500.txt
2026-02-20 18:50:46 — INFO — [143/143] Fetching → https://twister.fandom.com/wiki/Zach_Grenier
2026-02-20 18:50:46 — INFO —     Saved HTML → /home/sundeep/Fandom_Span_ID_Retrieval/data/raw/fandom_html/twister/2426.html
2026-02-20 18:50:46 — INFO —     Saved TEXT → /home/sundeep/Fandom_Span_ID_Retrieval/data/raw/fandom_html/twister/2426.txt
2026-02-20 18:50:46 — INFO — === Scrape summary ===
2026-02-20 18:50:46 — INFO — Total URLs:    143
2026-02-20 18:50:46 — INFO — Downloaded:    133
2026-02-20 18:50:46 — INFO — Skipped (had): 10
2026-02-20 18:50:46 — INFO — Failed:        0
2026-02-20 18:50:46 — INFO — Scraping stats: {'total_urls': 143, 'downloaded': 133, 'skipped': 10, 'failed': 0, 'html_bytes': {'total': 27099504, 'avg': 203755.66917293234, 'max': 385377}, 'text_bytes': {'total': 214282, 'avg': 1611.142857142857, 'max': 18795}}
2026-02-20 18:50:46 — INFO — Finished full scrape.
2026-02-20 18:50:46 — INFO — Finished 00_scrape_fandom in 83.85 seconds
2026-02-20 18:50:46 — INFO — URL list: /home/sundeep/Fandom_Span_ID_Retrieval/data/raw/url_lists/twister_urls.txt
2026-02-20 18:50:46 — INFO — Log file: /home/sundeep/Fandom_Span_ID_Retrieval/data/logs/scraping/20260220_184922_00_scrape_fandom.log
