2026-02-11 02:47:00 — INFO — Logger initialized for 00_scrape_fandom
2026-02-11 02:47:00 — INFO — Log file: /home/sundeep/Fandom_Span_ID_Retrieval/data/logs/scraping/20260211_024700_00_scrape_fandom.log
2026-02-11 02:47:00 — INFO — === Starting 00_scrape_fandom ===
2026-02-11 02:47:00 — INFO — Starting full scrape for domain=chernobyl-hbo
2026-02-11 02:47:00 — INFO — Base URL: https://chernobyl-hbo.fandom.com
2026-02-11 02:47:00 — INFO — Start URL (AllPages): https://chernobyl-hbo.fandom.com/wiki/Special:AllPages
2026-02-11 02:47:00 — INFO — Category URLs: []
2026-02-11 02:47:00 — INFO — [AllPages] Fetching https://chernobyl-hbo.fandom.com/wiki/Special:AllPages
2026-02-11 02:47:01 — INFO — [AllPages] Collected 29 raw URLs
2026-02-11 02:47:01 — INFO — No category_urls in scraping.yaml — skipping category scrape.
2026-02-11 02:47:01 — INFO — Combined (before filtering): 29
2026-02-11 02:47:01 — INFO — After filtering to real article pages: 29
2026-02-11 02:47:01 — INFO — Sample URL: https://chernobyl-hbo.fandom.com/wiki/Jessie_Buckley
2026-02-11 02:47:01 — INFO — Sample URL: https://chernobyl-hbo.fandom.com/wiki/Hildur_Guðnadóttir
2026-02-11 02:47:01 — INFO — Sample URL: https://chernobyl-hbo.fandom.com/wiki/Main_Page
2026-02-11 02:47:01 — INFO — Sample URL: https://chernobyl-hbo.fandom.com/wiki/Jared_Harris
2026-02-11 02:47:01 — INFO — Sample URL: https://chernobyl-hbo.fandom.com/wiki/Episode_3
2026-02-11 02:47:01 — INFO — Saved URL list to: /home/sundeep/Fandom_Span_ID_Retrieval/data/raw/url_lists/chernobyl-hbo_urls.txt
2026-02-11 02:47:01 — INFO — Loaded 29 URLs from /home/sundeep/Fandom_Span_ID_Retrieval/data/raw/url_lists/chernobyl-hbo_urls.txt
2026-02-11 02:47:01 — INFO — Output directory: /home/sundeep/Fandom_Span_ID_Retrieval/data/raw/fandom_html/chernobyl-hbo
2026-02-11 02:47:01 — INFO — [1/29] Fetching → https://chernobyl-hbo.fandom.com/wiki/Boris_Shcherbina
2026-02-11 02:47:02 — INFO —     Saved HTML → /home/sundeep/Fandom_Span_ID_Retrieval/data/raw/fandom_html/chernobyl-hbo/181.html
2026-02-11 02:47:02 — INFO —     Saved TEXT → /home/sundeep/Fandom_Span_ID_Retrieval/data/raw/fandom_html/chernobyl-hbo/181.txt
2026-02-11 02:47:02 — INFO — [2/29] Fetching → https://chernobyl-hbo.fandom.com/wiki/Characters
2026-02-11 02:47:02 — INFO —     Saved HTML → /home/sundeep/Fandom_Span_ID_Retrieval/data/raw/fandom_html/chernobyl-hbo/179.html
2026-02-11 02:47:02 — INFO —     Saved TEXT → /home/sundeep/Fandom_Span_ID_Retrieval/data/raw/fandom_html/chernobyl-hbo/179.txt
2026-02-11 02:47:03 — INFO — [3/29] Fetching → https://chernobyl-hbo.fandom.com/wiki/Chernobyl
2026-02-11 02:47:03 — INFO —     Saved HTML → /home/sundeep/Fandom_Span_ID_Retrieval/data/raw/fandom_html/chernobyl-hbo/146.html
2026-02-11 02:47:03 — INFO —     Saved TEXT → /home/sundeep/Fandom_Span_ID_Retrieval/data/raw/fandom_html/chernobyl-hbo/146.txt
2026-02-11 02:47:03 — INFO — [4/29] Fetching → https://chernobyl-hbo.fandom.com/wiki/Chernobyl_Wiki
2026-02-11 02:47:04 — INFO —     Saved HTML → /home/sundeep/Fandom_Span_ID_Retrieval/data/raw/fandom_html/chernobyl-hbo/1.html
2026-02-11 02:47:04 — INFO —     Saved TEXT → /home/sundeep/Fandom_Span_ID_Retrieval/data/raw/fandom_html/chernobyl-hbo/1.txt
2026-02-11 02:47:04 — INFO — [5/29] Fetching → https://chernobyl-hbo.fandom.com/wiki/Craig_Mazin
2026-02-11 02:47:04 — INFO —     Saved HTML → /home/sundeep/Fandom_Span_ID_Retrieval/data/raw/fandom_html/chernobyl-hbo/147.html
2026-02-11 02:47:04 — INFO —     Saved TEXT → /home/sundeep/Fandom_Span_ID_Retrieval/data/raw/fandom_html/chernobyl-hbo/147.txt
2026-02-11 02:47:05 — INFO — [6/29] Fetching → https://chernobyl-hbo.fandom.com/wiki/Emily_Watson
2026-02-11 02:47:05 — INFO —     Saved HTML → /home/sundeep/Fandom_Span_ID_Retrieval/data/raw/fandom_html/chernobyl-hbo/188.html
2026-02-11 02:47:05 — INFO —     Saved TEXT → /home/sundeep/Fandom_Span_ID_Retrieval/data/raw/fandom_html/chernobyl-hbo/188.txt
2026-02-11 02:47:05 — INFO — [7/29] Fetching → https://chernobyl-hbo.fandom.com/wiki/Episode_1
2026-02-11 02:47:06 — INFO —     Saved HTML → /home/sundeep/Fandom_Span_ID_Retrieval/data/raw/fandom_html/chernobyl-hbo/174.html
2026-02-11 02:47:06 — INFO —     Saved TEXT → /home/sundeep/Fandom_Span_ID_Retrieval/data/raw/fandom_html/chernobyl-hbo/174.txt
2026-02-11 02:47:06 — INFO — [8/29] Fetching → https://chernobyl-hbo.fandom.com/wiki/Episode_2
2026-02-11 02:47:07 — INFO —     Saved HTML → /home/sundeep/Fandom_Span_ID_Retrieval/data/raw/fandom_html/chernobyl-hbo/175.html
2026-02-11 02:47:07 — INFO —     Saved TEXT → /home/sundeep/Fandom_Span_ID_Retrieval/data/raw/fandom_html/chernobyl-hbo/175.txt
2026-02-11 02:47:07 — INFO — [9/29] Fetching → https://chernobyl-hbo.fandom.com/wiki/Episode_3
2026-02-11 02:47:07 — INFO —     Saved HTML → /home/sundeep/Fandom_Span_ID_Retrieval/data/raw/fandom_html/chernobyl-hbo/176.html
2026-02-11 02:47:07 — INFO —     Saved TEXT → /home/sundeep/Fandom_Span_ID_Retrieval/data/raw/fandom_html/chernobyl-hbo/176.txt
2026-02-11 02:47:08 — INFO — [10/29] Fetching → https://chernobyl-hbo.fandom.com/wiki/Episode_4
2026-02-11 02:47:08 — INFO —     Saved HTML → /home/sundeep/Fandom_Span_ID_Retrieval/data/raw/fandom_html/chernobyl-hbo/177.html
2026-02-11 02:47:08 — INFO —     Saved TEXT → /home/sundeep/Fandom_Span_ID_Retrieval/data/raw/fandom_html/chernobyl-hbo/177.txt
2026-02-11 02:47:09 — INFO — [11/29] Fetching → https://chernobyl-hbo.fandom.com/wiki/Episode_5
2026-02-11 02:47:09 — INFO —     Saved HTML → /home/sundeep/Fandom_Span_ID_Retrieval/data/raw/fandom_html/chernobyl-hbo/178.html
2026-02-11 02:47:09 — INFO —     Saved TEXT → /home/sundeep/Fandom_Span_ID_Retrieval/data/raw/fandom_html/chernobyl-hbo/178.txt
2026-02-11 02:47:09 — INFO — [12/29] Fetching → https://chernobyl-hbo.fandom.com/wiki/HBO
2026-02-11 02:47:10 — INFO —     Saved HTML → /home/sundeep/Fandom_Span_ID_Retrieval/data/raw/fandom_html/chernobyl-hbo/149.html
2026-02-11 02:47:10 — INFO —     Saved TEXT → /home/sundeep/Fandom_Span_ID_Retrieval/data/raw/fandom_html/chernobyl-hbo/149.txt
2026-02-11 02:47:10 — INFO — [13/29] Fetching → https://chernobyl-hbo.fandom.com/wiki/Hildur_Guðnadóttir
2026-02-11 02:47:10 — INFO —     Saved HTML → /home/sundeep/Fandom_Span_ID_Retrieval/data/raw/fandom_html/chernobyl-hbo/154.html
2026-02-11 02:47:11 — INFO —     Saved TEXT → /home/sundeep/Fandom_Span_ID_Retrieval/data/raw/fandom_html/chernobyl-hbo/154.txt
2026-02-11 02:47:11 — INFO — [14/29] Fetching → https://chernobyl-hbo.fandom.com/wiki/Jared_Harris
2026-02-11 02:47:11 — INFO —     Saved HTML → /home/sundeep/Fandom_Span_ID_Retrieval/data/raw/fandom_html/chernobyl-hbo/186.html
2026-02-11 02:47:11 — INFO —     Saved TEXT → /home/sundeep/Fandom_Span_ID_Retrieval/data/raw/fandom_html/chernobyl-hbo/186.txt
2026-02-11 02:47:12 — INFO — [15/29] Fetching → https://chernobyl-hbo.fandom.com/wiki/Jessie_Buckley
2026-02-11 02:47:12 — INFO —     Saved HTML → /home/sundeep/Fandom_Span_ID_Retrieval/data/raw/fandom_html/chernobyl-hbo/189.html
2026-02-11 02:47:12 — INFO —     Saved TEXT → /home/sundeep/Fandom_Span_ID_Retrieval/data/raw/fandom_html/chernobyl-hbo/189.txt
2026-02-11 02:47:13 — INFO — [16/29] Fetching → https://chernobyl-hbo.fandom.com/wiki/Johan_Renck
2026-02-11 02:47:13 — INFO —     Saved HTML → /home/sundeep/Fandom_Span_ID_Retrieval/data/raw/fandom_html/chernobyl-hbo/148.html
2026-02-11 02:47:13 — INFO —     Saved TEXT → /home/sundeep/Fandom_Span_ID_Retrieval/data/raw/fandom_html/chernobyl-hbo/148.txt
2026-02-11 02:47:13 — INFO — [17/29] Fetching → https://chernobyl-hbo.fandom.com/wiki/Johann_Renck
2026-02-11 02:47:14 — INFO —     SKIP (exists) → 148.html
2026-02-11 02:47:14 — INFO — [18/29] Fetching → https://chernobyl-hbo.fandom.com/wiki/Lyudmilla_Ignatenko
2026-02-11 02:47:14 — INFO —     Saved HTML → /home/sundeep/Fandom_Span_ID_Retrieval/data/raw/fandom_html/chernobyl-hbo/183.html
2026-02-11 02:47:14 — INFO —     Saved TEXT → /home/sundeep/Fandom_Span_ID_Retrieval/data/raw/fandom_html/chernobyl-hbo/183.txt
2026-02-11 02:47:15 — INFO — [19/29] Fetching → https://chernobyl-hbo.fandom.com/wiki/Main_Page
2026-02-11 02:47:15 — INFO —     SKIP (exists) → 1.html
2026-02-11 02:47:16 — INFO — [20/29] Fetching → https://chernobyl-hbo.fandom.com/wiki/Sister_Pictures
2026-02-11 02:47:16 — INFO —     Saved HTML → /home/sundeep/Fandom_Span_ID_Retrieval/data/raw/fandom_html/chernobyl-hbo/150.html
2026-02-11 02:47:16 — INFO —     Saved TEXT → /home/sundeep/Fandom_Span_ID_Retrieval/data/raw/fandom_html/chernobyl-hbo/150.txt
2026-02-11 02:47:16 — INFO — [21/29] Fetching → https://chernobyl-hbo.fandom.com/wiki/Sky_UK
2026-02-11 02:47:16 — INFO —     Saved HTML → /home/sundeep/Fandom_Span_ID_Retrieval/data/raw/fandom_html/chernobyl-hbo/151.html
2026-02-11 02:47:17 — INFO —     Saved TEXT → /home/sundeep/Fandom_Span_ID_Retrieval/data/raw/fandom_html/chernobyl-hbo/151.txt
2026-02-11 02:47:17 — INFO — [22/29] Fetching → https://chernobyl-hbo.fandom.com/wiki/Stellan_Skarsgard
2026-02-11 02:47:17 — INFO —     Saved HTML → /home/sundeep/Fandom_Span_ID_Retrieval/data/raw/fandom_html/chernobyl-hbo/187.html
2026-02-11 02:47:17 — INFO —     Saved TEXT → /home/sundeep/Fandom_Span_ID_Retrieval/data/raw/fandom_html/chernobyl-hbo/187.txt
2026-02-11 02:47:18 — INFO — [23/29] Fetching → https://chernobyl-hbo.fandom.com/wiki/Stellan_Skarsgård
2026-02-11 02:47:18 — INFO —     SKIP (exists) → 187.html
2026-02-11 02:47:18 — INFO — [24/29] Fetching → https://chernobyl-hbo.fandom.com/wiki/The_Mighty_Mint
2026-02-11 02:47:19 — INFO —     Saved HTML → /home/sundeep/Fandom_Span_ID_Retrieval/data/raw/fandom_html/chernobyl-hbo/152.html
2026-02-11 02:47:19 — INFO —     Saved TEXT → /home/sundeep/Fandom_Span_ID_Retrieval/data/raw/fandom_html/chernobyl-hbo/152.txt
2026-02-11 02:47:19 — INFO — [25/29] Fetching → https://chernobyl-hbo.fandom.com/wiki/Ulana_Khomyuk
2026-02-11 02:47:19 — INFO —     Saved HTML → /home/sundeep/Fandom_Span_ID_Retrieval/data/raw/fandom_html/chernobyl-hbo/182.html
2026-02-11 02:47:19 — INFO —     Saved TEXT → /home/sundeep/Fandom_Span_ID_Retrieval/data/raw/fandom_html/chernobyl-hbo/182.txt
2026-02-11 02:47:20 — INFO — [26/29] Fetching → https://chernobyl-hbo.fandom.com/wiki/Valery_Legasov
2026-02-11 02:47:20 — INFO —     Saved HTML → /home/sundeep/Fandom_Span_ID_Retrieval/data/raw/fandom_html/chernobyl-hbo/180.html
2026-02-11 02:47:20 — INFO —     Saved TEXT → /home/sundeep/Fandom_Span_ID_Retrieval/data/raw/fandom_html/chernobyl-hbo/180.txt
2026-02-11 02:47:20 — INFO — [27/29] Fetching → https://chernobyl-hbo.fandom.com/wiki/Volodymyr_Shcherbytsky
2026-02-11 02:47:21 — INFO —     Saved HTML → /home/sundeep/Fandom_Span_ID_Retrieval/data/raw/fandom_html/chernobyl-hbo/191.html
2026-02-11 02:47:21 — INFO —     Saved TEXT → /home/sundeep/Fandom_Span_ID_Retrieval/data/raw/fandom_html/chernobyl-hbo/191.txt
2026-02-11 02:47:21 — INFO — [28/29] Fetching → https://chernobyl-hbo.fandom.com/wiki/Warner_Bros._Television_Distribution
2026-02-11 02:47:21 — INFO —     Saved HTML → /home/sundeep/Fandom_Span_ID_Retrieval/data/raw/fandom_html/chernobyl-hbo/155.html
2026-02-11 02:47:21 — INFO —     Saved TEXT → /home/sundeep/Fandom_Span_ID_Retrieval/data/raw/fandom_html/chernobyl-hbo/155.txt
2026-02-11 02:47:22 — INFO — [29/29] Fetching → https://chernobyl-hbo.fandom.com/wiki/Word_Games
2026-02-11 02:47:22 — INFO —     Saved HTML → /home/sundeep/Fandom_Span_ID_Retrieval/data/raw/fandom_html/chernobyl-hbo/153.html
2026-02-11 02:47:22 — INFO —     Saved TEXT → /home/sundeep/Fandom_Span_ID_Retrieval/data/raw/fandom_html/chernobyl-hbo/153.txt
2026-02-11 02:47:23 — INFO — === Scrape summary ===
2026-02-11 02:47:23 — INFO — Total URLs:    29
2026-02-11 02:47:23 — INFO — Downloaded:    26
2026-02-11 02:47:23 — INFO — Skipped (had): 3
2026-02-11 02:47:23 — INFO — Failed:        0
2026-02-11 02:47:23 — INFO — Scraping stats: {'total_urls': 29, 'downloaded': 26, 'skipped': 3, 'failed': 0, 'html_bytes': {'total': 4872818, 'avg': 187416.07692307694, 'max': 206492}, 'text_bytes': {'total': 23157, 'avg': 890.6538461538462, 'max': 3497}}
2026-02-11 02:47:23 — INFO — Finished full scrape.
2026-02-11 02:47:23 — INFO — Finished 00_scrape_fandom in 22.19 seconds
2026-02-11 02:47:23 — INFO — URL list: /home/sundeep/Fandom_Span_ID_Retrieval/data/raw/url_lists/chernobyl-hbo_urls.txt
2026-02-11 02:47:23 — INFO — Log file: /home/sundeep/Fandom_Span_ID_Retrieval/data/logs/scraping/20260211_024700_00_scrape_fandom.log
