2026-02-13 06:47:40 — INFO — Logger initialized for 00_scrape_fandom
2026-02-13 06:47:40 — INFO — Log file: /home/sundeep/Fandom_Span_ID_Retrieval/data/logs/scraping/20260213_064740_00_scrape_fandom.log
2026-02-13 06:47:40 — INFO — === Starting 00_scrape_fandom ===
2026-02-13 06:47:40 — INFO — Starting full scrape for domain=money-heist
2026-02-13 06:47:40 — INFO — Base URL: https://money-heist.fandom.com
2026-02-13 06:47:40 — INFO — Start URL (AllPages): https://money-heist.fandom.com/wiki/Special:AllPages
2026-02-13 06:47:40 — INFO — Category URLs: []
2026-02-13 06:47:40 — INFO — [AllPages] Fetching https://money-heist.fandom.com/wiki/Special:AllPages
2026-02-13 06:47:40 — WARNING — [AllPages] No links found on first page, switching to API fallback.
2026-02-13 06:47:40 — INFO — [AllPages API] Fetching https://money-heist.fandom.com/api.php with params={'action': 'query', 'list': 'allpages', 'aplimit': '500', 'format': 'json'}
2026-02-13 06:47:40 — INFO — [AllPages API] Collected 357 raw URLs
2026-02-13 06:47:40 — INFO — No category_urls in scraping.yaml — skipping category scrape.
2026-02-13 06:47:40 — INFO — Combined (before filtering): 357
2026-02-13 06:47:40 — INFO — After filtering to real article pages: 357
2026-02-13 06:47:40 — INFO — Sample URL: https://money-heist.fandom.com/wiki/Salvador_Torrecilla
2026-02-13 06:47:40 — INFO — Sample URL: https://money-heist.fandom.com/wiki/Pablo_Roa
2026-02-13 06:47:40 — INFO — Sample URL: https://money-heist.fandom.com/wiki/Episode_5_(Korean)
2026-02-13 06:47:40 — INFO — Sample URL: https://money-heist.fandom.com/wiki/Jesús_Marquina
2026-02-13 06:47:40 — INFO — Sample URL: https://money-heist.fandom.com/wiki/Karina
2026-02-13 06:47:40 — INFO — Saved URL list to: /home/sundeep/Fandom_Span_ID_Retrieval/data/raw/url_lists/money-heist_urls.txt
2026-02-13 06:47:40 — INFO — Loaded 357 URLs from /home/sundeep/Fandom_Span_ID_Retrieval/data/raw/url_lists/money-heist_urls.txt
2026-02-13 06:47:40 — INFO — Output directory: /home/sundeep/Fandom_Span_ID_Retrieval/data/raw/fandom_html/money-heist
2026-02-13 06:47:40 — INFO — [1/357] Fetching → https://money-heist.fandom.com/wiki/48_Meters_Underground
2026-02-13 06:47:40 — INFO —     Saved HTML → /home/sundeep/Fandom_Span_ID_Retrieval/data/raw/fandom_html/money-heist/419.html
2026-02-13 06:47:40 — INFO —     Saved TEXT → /home/sundeep/Fandom_Span_ID_Retrieval/data/raw/fandom_html/money-heist/419.txt
2026-02-13 06:47:41 — INFO — [2/357] Fetching → https://money-heist.fandom.com/wiki/48_Meters_Underground_(Part_3)
2026-02-13 06:47:41 — INFO —     SKIP (exists) → 419.html
2026-02-13 06:47:41 — INFO — [3/357] Fetching → https://money-heist.fandom.com/wiki/5_Minutes_Earlier
2026-02-13 06:47:41 — INFO —     Saved HTML → /home/sundeep/Fandom_Span_ID_Retrieval/data/raw/fandom_html/money-heist/495.html
2026-02-13 06:47:41 — INFO —     Saved TEXT → /home/sundeep/Fandom_Span_ID_Retrieval/data/raw/fandom_html/money-heist/495.txt
2026-02-13 06:47:42 — INFO — [4/357] Fetching → https://money-heist.fandom.com/wiki/5_Minutes_Earlier_(Part_4)
2026-02-13 06:47:42 — INFO —     SKIP (exists) → 495.html
2026-02-13 06:47:42 — INFO — [5/357] Fetching → https://money-heist.fandom.com/wiki/5_Minutes_Later
2026-02-13 06:47:42 — INFO —     SKIP (exists) → 495.html
2026-02-13 06:47:43 — INFO — [6/357] Fetching → https://money-heist.fandom.com/wiki/5_Minutes_Later_(Part_4)
2026-02-13 06:47:43 — INFO —     SKIP (exists) → 495.html
2026-02-13 06:47:43 — INFO — [7/357] Fetching → https://money-heist.fandom.com/wiki/A_Family_Tradition
2026-02-13 06:47:44 — INFO —     Saved HTML → /home/sundeep/Fandom_Span_ID_Retrieval/data/raw/fandom_html/money-heist/2246.html
2026-02-13 06:47:44 — INFO —     Saved TEXT → /home/sundeep/Fandom_Span_ID_Retrieval/data/raw/fandom_html/money-heist/2246.txt
2026-02-13 06:47:44 — INFO — [8/357] Fetching → https://money-heist.fandom.com/wiki/A_Quick_Vacation
2026-02-13 06:47:44 — INFO —     Saved HTML → /home/sundeep/Fandom_Span_ID_Retrieval/data/raw/fandom_html/money-heist/423.html
2026-02-13 06:47:44 — INFO —     Saved TEXT → /home/sundeep/Fandom_Span_ID_Retrieval/data/raw/fandom_html/money-heist/423.txt
2026-02-13 06:47:45 — INFO — [9/357] Fetching → https://money-heist.fandom.com/wiki/A_Quick_Vacation_(Part_3)
2026-02-13 06:47:45 — INFO —     SKIP (exists) → 423.html
2026-02-13 06:47:45 — INFO — [10/357] Fetching → https://money-heist.fandom.com/wiki/After_Love
2026-02-13 06:47:45 — INFO —     Saved HTML → /home/sundeep/Fandom_Span_ID_Retrieval/data/raw/fandom_html/money-heist/2609.html
2026-02-13 06:47:45 — INFO —     Saved TEXT → /home/sundeep/Fandom_Span_ID_Retrieval/data/raw/fandom_html/money-heist/2609.txt
2026-02-13 06:47:46 — INFO — [11/357] Fetching → https://money-heist.fandom.com/wiki/Agustín_Montero
2026-02-13 06:47:46 — INFO —     Saved HTML → /home/sundeep/Fandom_Span_ID_Retrieval/data/raw/fandom_html/money-heist/1754.html
2026-02-13 06:47:46 — INFO —     Saved TEXT → /home/sundeep/Fandom_Span_ID_Retrieval/data/raw/fandom_html/money-heist/1754.txt
2026-02-13 06:47:47 — INFO — [12/357] Fetching → https://money-heist.fandom.com/wiki/Agustín_Ramos
2026-02-13 06:47:47 — INFO —     Saved HTML → /home/sundeep/Fandom_Span_ID_Retrieval/data/raw/fandom_html/money-heist/242.html
2026-02-13 06:47:47 — INFO —     Saved TEXT → /home/sundeep/Fandom_Span_ID_Retrieval/data/raw/fandom_html/money-heist/242.txt
2026-02-13 06:47:47 — INFO — [13/357] Fetching → https://money-heist.fandom.com/wiki/Aikido
2026-02-13 06:47:47 — INFO —     Saved HTML → /home/sundeep/Fandom_Span_ID_Retrieval/data/raw/fandom_html/money-heist/418.html
2026-02-13 06:47:47 — INFO —     Saved TEXT → /home/sundeep/Fandom_Span_ID_Retrieval/data/raw/fandom_html/money-heist/418.txt
2026-02-13 06:47:48 — INFO — [14/357] Fetching → https://money-heist.fandom.com/wiki/Aikido_(Part_3)
2026-02-13 06:47:48 — INFO —     SKIP (exists) → 418.html
2026-02-13 06:47:48 — INFO — [15/357] Fetching → https://money-heist.fandom.com/wiki/Alba_Flores
2026-02-13 06:47:48 — INFO —     Saved HTML → /home/sundeep/Fandom_Span_ID_Retrieval/data/raw/fandom_html/money-heist/473.html
2026-02-13 06:47:49 — INFO —     Saved TEXT → /home/sundeep/Fandom_Span_ID_Retrieval/data/raw/fandom_html/money-heist/473.txt
2026-02-13 06:47:49 — INFO — [16/357] Fetching → https://money-heist.fandom.com/wiki/Alberto_Vicuña
2026-02-13 06:47:49 — INFO —     Saved HTML → /home/sundeep/Fandom_Span_ID_Retrieval/data/raw/fandom_html/money-heist/840.html
2026-02-13 06:47:49 — INFO —     Saved TEXT → /home/sundeep/Fandom_Span_ID_Retrieval/data/raw/fandom_html/money-heist/840.txt
2026-02-13 06:47:50 — INFO — [17/357] Fetching → https://money-heist.fandom.com/wiki/Alberto_Úcar
2026-02-13 06:47:50 — INFO —     Saved HTML → /home/sundeep/Fandom_Span_ID_Retrieval/data/raw/fandom_html/money-heist/1457.html
2026-02-13 06:47:50 — INFO —     Saved TEXT → /home/sundeep/Fandom_Span_ID_Retrieval/data/raw/fandom_html/money-heist/1457.txt
2026-02-13 06:47:50 — INFO — [18/357] Fetching → https://money-heist.fandom.com/wiki/Alejandro_Bazzano
2026-02-13 06:47:51 — INFO —     Saved HTML → /home/sundeep/Fandom_Span_ID_Retrieval/data/raw/fandom_html/money-heist/1459.html
2026-02-13 06:47:51 — INFO —     Saved TEXT → /home/sundeep/Fandom_Span_ID_Retrieval/data/raw/fandom_html/money-heist/1459.txt
2026-02-13 06:47:51 — INFO — [19/357] Fetching → https://money-heist.fandom.com/wiki/Alfonso
2026-02-13 06:47:51 — INFO —     Saved HTML → /home/sundeep/Fandom_Span_ID_Retrieval/data/raw/fandom_html/money-heist/1748.html
2026-02-13 06:47:51 — INFO —     Saved TEXT → /home/sundeep/Fandom_Span_ID_Retrieval/data/raw/fandom_html/money-heist/1748.txt
2026-02-13 06:47:52 — INFO — [20/357] Fetching → https://money-heist.fandom.com/wiki/Alfonso_Prieto
2026-02-13 06:47:52 — INFO —     Saved HTML → /home/sundeep/Fandom_Span_ID_Retrieval/data/raw/fandom_html/money-heist/707.html
2026-02-13 06:47:52 — INFO —     Saved TEXT → /home/sundeep/Fandom_Span_ID_Retrieval/data/raw/fandom_html/money-heist/707.txt
2026-02-13 06:47:52 — INFO — [21/357] Fetching → https://money-heist.fandom.com/wiki/Alicia
2026-02-13 06:47:53 — INFO —     Saved HTML → /home/sundeep/Fandom_Span_ID_Retrieval/data/raw/fandom_html/money-heist/705.html
2026-02-13 06:47:53 — INFO —     Saved TEXT → /home/sundeep/Fandom_Span_ID_Retrieval/data/raw/fandom_html/money-heist/705.txt
2026-02-13 06:47:53 — INFO — [22/357] Fetching → https://money-heist.fandom.com/wiki/Alicia_Sierra
2026-02-13 06:47:53 — INFO —     SKIP (exists) → 705.html
2026-02-13 06:47:54 — INFO — [23/357] Fetching → https://money-heist.fandom.com/wiki/Alison
2026-02-13 06:47:54 — INFO —     Saved HTML → /home/sundeep/Fandom_Span_ID_Retrieval/data/raw/fandom_html/money-heist/279.html
2026-02-13 06:47:54 — INFO —     Saved TEXT → /home/sundeep/Fandom_Span_ID_Retrieval/data/raw/fandom_html/money-heist/279.txt
2026-02-13 06:47:54 — INFO — [24/357] Fetching → https://money-heist.fandom.com/wiki/Alison_Parker
2026-02-13 06:47:54 — INFO —     SKIP (exists) → 279.html
2026-02-13 06:47:55 — INFO — [25/357] Fetching → https://money-heist.fandom.com/wiki/Almansa
2026-02-13 06:47:55 — INFO —     Saved HTML → /home/sundeep/Fandom_Span_ID_Retrieval/data/raw/fandom_html/money-heist/2114.html
2026-02-13 06:47:55 — INFO —     Saved TEXT → /home/sundeep/Fandom_Span_ID_Retrieval/data/raw/fandom_html/money-heist/2114.txt
2026-02-13 06:47:56 — INFO — [26/357] Fetching → https://money-heist.fandom.com/wiki/Almudena_Ramírez-Pantanella
2026-02-13 06:47:56 — INFO —     Saved HTML → /home/sundeep/Fandom_Span_ID_Retrieval/data/raw/fandom_html/money-heist/1455.html
2026-02-13 06:47:56 — INFO —     Saved TEXT → /home/sundeep/Fandom_Span_ID_Retrieval/data/raw/fandom_html/money-heist/1455.txt
2026-02-13 06:47:56 — INFO — [27/357] Fetching → https://money-heist.fandom.com/wiki/Amanda
2026-02-13 06:47:56 — INFO —     Saved HTML → /home/sundeep/Fandom_Span_ID_Retrieval/data/raw/fandom_html/money-heist/1217.html
2026-02-13 06:47:57 — INFO —     Saved TEXT → /home/sundeep/Fandom_Span_ID_Retrieval/data/raw/fandom_html/money-heist/1217.txt
2026-02-13 06:47:57 — INFO — [28/357] Fetching → https://money-heist.fandom.com/wiki/Amanda_Cerdeña
2026-02-13 06:47:57 — INFO —     Saved HTML → /home/sundeep/Fandom_Span_ID_Retrieval/data/raw/fandom_html/money-heist/1743.html
2026-02-13 06:47:57 — INFO —     Saved TEXT → /home/sundeep/Fandom_Span_ID_Retrieval/data/raw/fandom_html/money-heist/1743.txt
2026-02-13 06:47:58 — INFO — [29/357] Fetching → https://money-heist.fandom.com/wiki/An_Aquarium_on_Your_Back
2026-02-13 06:47:58 — INFO —     Saved HTML → /home/sundeep/Fandom_Span_ID_Retrieval/data/raw/fandom_html/money-heist/2608.html
2026-02-13 06:47:58 — INFO —     Saved TEXT → /home/sundeep/Fandom_Span_ID_Retrieval/data/raw/fandom_html/money-heist/2608.txt
2026-02-13 06:47:59 — INFO — [30/357] Fetching → https://money-heist.fandom.com/wiki/An_Endangered_Elephant
2026-02-13 06:47:59 — INFO —     Saved HTML → /home/sundeep/Fandom_Span_ID_Retrieval/data/raw/fandom_html/money-heist/2612.html
2026-02-13 06:47:59 — INFO —     Saved TEXT → /home/sundeep/Fandom_Span_ID_Retrieval/data/raw/fandom_html/money-heist/2612.txt
2026-02-13 06:47:59 — INFO — [31/357] Fetching → https://money-heist.fandom.com/wiki/Ana_Boyero
2026-02-13 06:48:00 — INFO —     Saved HTML → /home/sundeep/Fandom_Span_ID_Retrieval/data/raw/fandom_html/money-heist/1453.html
2026-02-13 06:48:00 — INFO —     Saved TEXT → /home/sundeep/Fandom_Span_ID_Retrieval/data/raw/fandom_html/money-heist/1453.txt
2026-02-13 06:48:00 — INFO — [32/357] Fetching → https://money-heist.fandom.com/wiki/Anatomy_Lesson
2026-02-13 06:48:00 — INFO —     Saved HTML → /home/sundeep/Fandom_Span_ID_Retrieval/data/raw/fandom_html/money-heist/493.html
2026-02-13 06:48:00 — INFO —     Saved TEXT → /home/sundeep/Fandom_Span_ID_Retrieval/data/raw/fandom_html/money-heist/493.txt
2026-02-13 06:48:01 — INFO — [33/357] Fetching → https://money-heist.fandom.com/wiki/Anatomy_Lesson_(Part_4)
2026-02-13 06:48:01 — INFO —     SKIP (exists) → 493.html
2026-02-13 06:48:01 — INFO — [34/357] Fetching → https://money-heist.fandom.com/wiki/Anchor_and_Lobo
2026-02-13 06:48:02 — INFO —     Saved HTML → /home/sundeep/Fandom_Span_ID_Retrieval/data/raw/fandom_html/money-heist/2606.html
2026-02-13 06:48:02 — INFO —     Saved TEXT → /home/sundeep/Fandom_Span_ID_Retrieval/data/raw/fandom_html/money-heist/2606.txt
2026-02-13 06:48:02 — INFO — [35/357] Fetching → https://money-heist.fandom.com/wiki/Andrés_de_Fonollosa
2026-02-13 06:48:02 — INFO —     Saved HTML → /home/sundeep/Fandom_Span_ID_Retrieval/data/raw/fandom_html/money-heist/87.html
2026-02-13 06:48:03 — INFO —     Saved TEXT → /home/sundeep/Fandom_Span_ID_Retrieval/data/raw/fandom_html/money-heist/87.txt
2026-02-13 06:48:03 — INFO — [36/357] Fetching → https://money-heist.fandom.com/wiki/Anne_Kim
2026-02-13 06:48:03 — INFO —     Saved HTML → /home/sundeep/Fandom_Span_ID_Retrieval/data/raw/fandom_html/money-heist/2481.html
2026-02-13 06:48:03 — INFO —     Saved TEXT → /home/sundeep/Fandom_Span_ID_Retrieval/data/raw/fandom_html/money-heist/2481.txt
2026-02-13 06:48:04 — INFO — [37/357] Fetching → https://money-heist.fandom.com/wiki/Antoñanzas
2026-02-13 06:48:04 — INFO —     Saved HTML → /home/sundeep/Fandom_Span_ID_Retrieval/data/raw/fandom_html/money-heist/629.html
2026-02-13 06:48:04 — INFO —     Saved TEXT → /home/sundeep/Fandom_Span_ID_Retrieval/data/raw/fandom_html/money-heist/629.txt
2026-02-13 06:48:05 — INFO — [38/357] Fetching → https://money-heist.fandom.com/wiki/Aníbal_Cortés
2026-02-13 06:48:05 — INFO —     Saved HTML → /home/sundeep/Fandom_Span_ID_Retrieval/data/raw/fandom_html/money-heist/114.html
2026-02-13 06:48:05 — INFO —     Saved TEXT → /home/sundeep/Fandom_Span_ID_Retrieval/data/raw/fandom_html/money-heist/114.txt
2026-02-13 06:48:05 — INFO — [39/357] Fetching → https://money-heist.fandom.com/wiki/Arantxa_Arteche
2026-02-13 06:48:05 — INFO —     Saved HTML → /home/sundeep/Fandom_Span_ID_Retrieval/data/raw/fandom_html/money-heist/2045.html
2026-02-13 06:48:05 — INFO —     Saved TEXT → /home/sundeep/Fandom_Span_ID_Retrieval/data/raw/fandom_html/money-heist/2045.txt
2026-02-13 06:48:06 — INFO — [40/357] Fetching → https://money-heist.fandom.com/wiki/Ariadna_Cascales
2026-02-13 06:48:06 — INFO —     Saved HTML → /home/sundeep/Fandom_Span_ID_Retrieval/data/raw/fandom_html/money-heist/890.html
2026-02-13 06:48:06 — INFO —     Saved TEXT → /home/sundeep/Fandom_Span_ID_Retrieval/data/raw/fandom_html/money-heist/890.txt
2026-02-13 06:48:07 — INFO — [41/357] Fetching → https://money-heist.fandom.com/wiki/Arteche
2026-02-13 06:48:07 — INFO —     SKIP (exists) → 2045.html
2026-02-13 06:48:07 — INFO — [42/357] Fetching → https://money-heist.fandom.com/wiki/Arturo
2026-02-13 06:48:07 — INFO —     Saved HTML → /home/sundeep/Fandom_Span_ID_Retrieval/data/raw/fandom_html/money-heist/381.html
2026-02-13 06:48:07 — INFO —     Saved TEXT → /home/sundeep/Fandom_Span_ID_Retrieval/data/raw/fandom_html/money-heist/381.txt
2026-02-13 06:48:08 — INFO — [43/357] Fetching → https://money-heist.fandom.com/wiki/Arturo_Román
2026-02-13 06:48:08 — INFO —     SKIP (exists) → 381.html
2026-02-13 06:48:08 — INFO — [44/357] Fetching → https://money-heist.fandom.com/wiki/Astray
2026-02-13 06:48:09 — INFO —     Saved HTML → /home/sundeep/Fandom_Span_ID_Retrieval/data/raw/fandom_html/money-heist/424.html
2026-02-13 06:48:09 — INFO —     Saved TEXT → /home/sundeep/Fandom_Span_ID_Retrieval/data/raw/fandom_html/money-heist/424.txt
2026-02-13 06:48:09 — INFO — [45/357] Fetching → https://money-heist.fandom.com/wiki/Astray_(Part_3)
2026-02-13 06:48:09 — INFO —     SKIP (exists) → 424.html
2026-02-13 06:48:10 — INFO — [46/357] Fetching → https://money-heist.fandom.com/wiki/Aurora_Cruz
2026-02-13 06:48:10 — INFO —     Saved HTML → /home/sundeep/Fandom_Span_ID_Retrieval/data/raw/fandom_html/money-heist/1733.html
2026-02-13 06:48:10 — INFO —     Saved TEXT → /home/sundeep/Fandom_Span_ID_Retrieval/data/raw/fandom_html/money-heist/1733.txt
2026-02-13 06:48:11 — INFO — [47/357] Fetching → https://money-heist.fandom.com/wiki/Axel
2026-02-13 06:48:11 — INFO —     Saved HTML → /home/sundeep/Fandom_Span_ID_Retrieval/data/raw/fandom_html/money-heist/1057.html
2026-02-13 06:48:11 — INFO —     Saved TEXT → /home/sundeep/Fandom_Span_ID_Retrieval/data/raw/fandom_html/money-heist/1057.txt
2026-02-13 06:48:11 — INFO — [48/357] Fetching → https://money-heist.fandom.com/wiki/Bank_of_Spain
2026-02-13 06:48:12 — INFO —     Saved HTML → /home/sundeep/Fandom_Span_ID_Retrieval/data/raw/fandom_html/money-heist/950.html
2026-02-13 06:48:12 — INFO —     Saved TEXT → /home/sundeep/Fandom_Span_ID_Retrieval/data/raw/fandom_html/money-heist/950.txt
2026-02-13 06:48:12 — INFO — [49/357] Fetching → https://money-heist.fandom.com/wiki/Bank_of_Spain_Heist
2026-02-13 06:48:12 — INFO —     Saved HTML → /home/sundeep/Fandom_Span_ID_Retrieval/data/raw/fandom_html/money-heist/1838.html
2026-02-13 06:48:13 — INFO —     Saved TEXT → /home/sundeep/Fandom_Span_ID_Retrieval/data/raw/fandom_html/money-heist/1838.txt
2026-02-13 06:48:13 — INFO — [50/357] Fetching → https://money-heist.fandom.com/wiki/Bella_Ciao
2026-02-13 06:48:13 — INFO —     Saved HTML → /home/sundeep/Fandom_Span_ID_Retrieval/data/raw/fandom_html/money-heist/2170.html
2026-02-13 06:48:13 — INFO —     Saved TEXT → /home/sundeep/Fandom_Span_ID_Retrieval/data/raw/fandom_html/money-heist/2170.txt
2026-02-13 06:48:13 — INFO — [Progress] Processed 50/357 pages (success=38, skipped=12, failed=0)
2026-02-13 06:48:14 — INFO — [51/357] Fetching → https://money-heist.fandom.com/wiki/Belén_Cuesta
2026-02-13 06:48:14 — INFO —     Saved HTML → /home/sundeep/Fandom_Span_ID_Retrieval/data/raw/fandom_html/money-heist/605.html
2026-02-13 06:48:14 — INFO —     Saved TEXT → /home/sundeep/Fandom_Span_ID_Retrieval/data/raw/fandom_html/money-heist/605.txt
2026-02-13 06:48:14 — INFO — [52/357] Fetching → https://money-heist.fandom.com/wiki/Benito_Antoñanzas
2026-02-13 06:48:14 — INFO —     SKIP (exists) → 629.html
2026-02-13 06:48:15 — INFO — [53/357] Fetching → https://money-heist.fandom.com/wiki/Benjamín
2026-02-13 06:48:15 — INFO —     Saved HTML → /home/sundeep/Fandom_Span_ID_Retrieval/data/raw/fandom_html/money-heist/2147.html
2026-02-13 06:48:15 — INFO —     Saved TEXT → /home/sundeep/Fandom_Span_ID_Retrieval/data/raw/fandom_html/money-heist/2147.txt
2026-02-13 06:48:15 — INFO — [54/357] Fetching → https://money-heist.fandom.com/wiki/Benjamín_Logroño
2026-02-13 06:48:15 — INFO —     SKIP (exists) → 2147.html
2026-02-13 06:48:16 — INFO — [55/357] Fetching → https://money-heist.fandom.com/wiki/Benjamín_Martínez
2026-02-13 06:48:16 — INFO —     SKIP (exists) → 2147.html
2026-02-13 06:48:16 — INFO — [56/357] Fetching → https://money-heist.fandom.com/wiki/Berlin
2026-02-13 06:48:17 — INFO —     SKIP (exists) → 87.html
2026-02-13 06:48:17 — INFO — [57/357] Fetching → https://money-heist.fandom.com/wiki/Berlin's_Monastery
2026-02-13 06:48:17 — INFO —     Saved HTML → /home/sundeep/Fandom_Span_ID_Retrieval/data/raw/fandom_html/money-heist/1058.html
2026-02-13 06:48:17 — INFO —     Saved TEXT → /home/sundeep/Fandom_Span_ID_Retrieval/data/raw/fandom_html/money-heist/1058.txt
2026-02-13 06:48:18 — INFO — [58/357] Fetching → https://money-heist.fandom.com/wiki/Berlin's_Wedding
2026-02-13 06:48:18 — INFO —     Saved HTML → /home/sundeep/Fandom_Span_ID_Retrieval/data/raw/fandom_html/money-heist/491.html
2026-02-13 06:48:18 — INFO —     Saved TEXT → /home/sundeep/Fandom_Span_ID_Retrieval/data/raw/fandom_html/money-heist/491.txt
2026-02-13 06:48:19 — INFO — [59/357] Fetching → https://money-heist.fandom.com/wiki/Berlin's_Wedding_(Part_4)
2026-02-13 06:48:19 — INFO —     SKIP (exists) → 491.html
2026-02-13 06:48:19 — INFO — [60/357] Fetching → https://money-heist.fandom.com/wiki/Berlin_(Korean)
2026-02-13 06:48:19 — INFO —     Saved HTML → /home/sundeep/Fandom_Span_ID_Retrieval/data/raw/fandom_html/money-heist/2435.html
2026-02-13 06:48:19 — INFO —     Saved TEXT → /home/sundeep/Fandom_Span_ID_Retrieval/data/raw/fandom_html/money-heist/2435.txt
2026-02-13 06:48:20 — INFO — [61/357] Fetching → https://money-heist.fandom.com/wiki/Berlin_(series)
2026-02-13 06:48:20 — INFO —     Saved HTML → /home/sundeep/Fandom_Span_ID_Retrieval/data/raw/fandom_html/money-heist/2251.html
2026-02-13 06:48:20 — INFO —     Saved TEXT → /home/sundeep/Fandom_Span_ID_Retrieval/data/raw/fandom_html/money-heist/2251.txt
2026-02-13 06:48:20 — INFO — [62/357] Fetching → https://money-heist.fandom.com/wiki/Berlin_Spinoff
2026-02-13 06:48:21 — INFO —     SKIP (exists) → 2251.html
2026-02-13 06:48:21 — INFO — [63/357] Fetching → https://money-heist.fandom.com/wiki/Bogota
2026-02-13 06:48:21 — INFO —     Saved HTML → /home/sundeep/Fandom_Span_ID_Retrieval/data/raw/fandom_html/money-heist/557.html
2026-02-13 06:48:21 — INFO —     Saved TEXT → /home/sundeep/Fandom_Span_ID_Retrieval/data/raw/fandom_html/money-heist/557.txt
2026-02-13 06:48:22 — INFO — [64/357] Fetching → https://money-heist.fandom.com/wiki/Bogotá
2026-02-13 06:48:22 — INFO —     SKIP (exists) → 557.html
2026-02-13 06:48:22 — INFO — [65/357] Fetching → https://money-heist.fandom.com/wiki/Boom,_Boom,_Ciao
2026-02-13 06:48:23 — INFO —     Saved HTML → /home/sundeep/Fandom_Span_ID_Retrieval/data/raw/fandom_html/money-heist/421.html
2026-02-13 06:48:23 — INFO —     Saved TEXT → /home/sundeep/Fandom_Span_ID_Retrieval/data/raw/fandom_html/money-heist/421.txt
2026-02-13 06:48:23 — INFO — [66/357] Fetching → https://money-heist.fandom.com/wiki/Boom,_Boom,_Ciao_(Part_3)
2026-02-13 06:48:23 — INFO —     SKIP (exists) → 421.html
2026-02-13 06:48:24 — INFO — [67/357] Fetching → https://money-heist.fandom.com/wiki/Browning_Machine_Gun
2026-02-13 06:48:24 — INFO —     Saved HTML → /home/sundeep/Fandom_Span_ID_Retrieval/data/raw/fandom_html/money-heist/141.html
2026-02-13 06:48:24 — INFO —     Saved TEXT → /home/sundeep/Fandom_Span_ID_Retrieval/data/raw/fandom_html/money-heist/141.txt
2026-02-13 06:48:24 — INFO — [68/357] Fetching → https://money-heist.fandom.com/wiki/Bruce
2026-02-13 06:48:25 — INFO —     Saved HTML → /home/sundeep/Fandom_Span_ID_Retrieval/data/raw/fandom_html/money-heist/2572.html
2026-02-13 06:48:25 — INFO —     Saved TEXT → /home/sundeep/Fandom_Span_ID_Retrieval/data/raw/fandom_html/money-heist/2572.txt
2026-02-13 06:48:25 — INFO — [69/357] Fetching → https://money-heist.fandom.com/wiki/Cameron
2026-02-13 06:48:25 — INFO —     Saved HTML → /home/sundeep/Fandom_Span_ID_Retrieval/data/raw/fandom_html/money-heist/2565.html
2026-02-13 06:48:25 — INFO —     Saved TEXT → /home/sundeep/Fandom_Span_ID_Retrieval/data/raw/fandom_html/money-heist/2565.txt
2026-02-13 06:48:26 — INFO — [70/357] Fetching → https://money-heist.fandom.com/wiki/Camile
2026-02-13 06:48:26 — INFO —     Saved HTML → /home/sundeep/Fandom_Span_ID_Retrieval/data/raw/fandom_html/money-heist/2567.html
2026-02-13 06:48:26 — INFO —     Saved TEXT → /home/sundeep/Fandom_Span_ID_Retrieval/data/raw/fandom_html/money-heist/2567.txt
2026-02-13 06:48:27 — INFO — [71/357] Fetching → https://money-heist.fandom.com/wiki/Camile_Polignac
2026-02-13 06:48:27 — INFO —     SKIP (exists) → 2567.html
2026-02-13 06:48:27 — INFO — [72/357] Fetching → https://money-heist.fandom.com/wiki/Camille_Polignac
2026-02-13 06:48:27 — INFO —     SKIP (exists) → 2567.html
2026-02-13 06:48:28 — INFO — [73/357] Fetching → https://money-heist.fandom.com/wiki/Camiro
2026-02-13 06:48:28 — INFO —     Saved HTML → /home/sundeep/Fandom_Span_ID_Retrieval/data/raw/fandom_html/money-heist/2050.html
2026-02-13 06:48:28 — INFO —     Saved TEXT → /home/sundeep/Fandom_Span_ID_Retrieval/data/raw/fandom_html/money-heist/2050.txt
2026-02-13 06:48:28 — INFO — [74/357] Fetching → https://money-heist.fandom.com/wiki/Canalejas
2026-02-13 06:48:28 — INFO —     Saved HTML → /home/sundeep/Fandom_Span_ID_Retrieval/data/raw/fandom_html/money-heist/2049.html
2026-02-13 06:48:29 — INFO —     Saved TEXT → /home/sundeep/Fandom_Span_ID_Retrieval/data/raw/fandom_html/money-heist/2049.txt
2026-02-13 06:48:29 — INFO — [75/357] Fetching → https://money-heist.fandom.com/wiki/Car_Junkyard
2026-02-13 06:48:29 — INFO —     Saved HTML → /home/sundeep/Fandom_Span_ID_Retrieval/data/raw/fandom_html/money-heist/1937.html
2026-02-13 06:48:29 — INFO —     Saved TEXT → /home/sundeep/Fandom_Span_ID_Retrieval/data/raw/fandom_html/money-heist/1937.txt
2026-02-13 06:48:30 — INFO — [76/357] Fetching → https://money-heist.fandom.com/wiki/Cha_Moohyuk
2026-02-13 06:48:30 — INFO —     Saved HTML → /home/sundeep/Fandom_Span_ID_Retrieval/data/raw/fandom_html/money-heist/2444.html
2026-02-13 06:48:30 — INFO —     Saved TEXT → /home/sundeep/Fandom_Span_ID_Retrieval/data/raw/fandom_html/money-heist/2444.txt
2026-02-13 06:48:30 — INFO — [77/357] Fetching → https://money-heist.fandom.com/wiki/Cho_Youngmin
2026-02-13 06:48:31 — INFO —     Saved HTML → /home/sundeep/Fandom_Span_ID_Retrieval/data/raw/fandom_html/money-heist/2442.html
2026-02-13 06:48:31 — INFO —     Saved TEXT → /home/sundeep/Fandom_Span_ID_Retrieval/data/raw/fandom_html/money-heist/2442.txt
2026-02-13 06:48:31 — INFO — [78/357] Fetching → https://money-heist.fandom.com/wiki/Cincinnati
2026-02-13 06:48:31 — INFO —     Saved HTML → /home/sundeep/Fandom_Span_ID_Retrieval/data/raw/fandom_html/money-heist/589.html
2026-02-13 06:48:31 — INFO —     Saved TEXT → /home/sundeep/Fandom_Span_ID_Retrieval/data/raw/fandom_html/money-heist/589.txt
2026-02-13 06:48:32 — INFO — [79/357] Fetching → https://money-heist.fandom.com/wiki/Clara_Alvarado
2026-02-13 06:48:32 — INFO —     Saved HTML → /home/sundeep/Fandom_Span_ID_Retrieval/data/raw/fandom_html/money-heist/1930.html
2026-02-13 06:48:32 — INFO —     Saved TEXT → /home/sundeep/Fandom_Span_ID_Retrieval/data/raw/fandom_html/money-heist/1930.txt
2026-02-13 06:48:33 — INFO — [80/357] Fetching → https://money-heist.fandom.com/wiki/Colonel_Prieto
2026-02-13 06:48:33 — INFO —     SKIP (exists) → 707.html
2026-02-13 06:48:33 — INFO — [81/357] Fetching → https://money-heist.fandom.com/wiki/Commissioner
2026-02-13 06:48:33 — INFO —     Saved HTML → /home/sundeep/Fandom_Span_ID_Retrieval/data/raw/fandom_html/money-heist/2287.html
2026-02-13 06:48:34 — INFO —     Saved TEXT → /home/sundeep/Fandom_Span_ID_Retrieval/data/raw/fandom_html/money-heist/2287.txt
2026-02-13 06:48:34 — INFO — [82/357] Fetching → https://money-heist.fandom.com/wiki/Commissioner_Sánchez
2026-02-13 06:48:34 — INFO —     Saved HTML → /home/sundeep/Fandom_Span_ID_Retrieval/data/raw/fandom_html/money-heist/1840.html
2026-02-13 06:48:34 — INFO —     Saved TEXT → /home/sundeep/Fandom_Span_ID_Retrieval/data/raw/fandom_html/money-heist/1840.txt
2026-02-13 06:48:35 — INFO — [83/357] Fetching → https://money-heist.fandom.com/wiki/Coro_villa_de_las_rozas
2026-02-13 06:48:35 — INFO —     Saved HTML → /home/sundeep/Fandom_Span_ID_Retrieval/data/raw/fandom_html/money-heist/2307.html
2026-02-13 06:48:35 — INFO —     Saved TEXT → /home/sundeep/Fandom_Span_ID_Retrieval/data/raw/fandom_html/money-heist/2307.txt
2026-02-13 06:48:36 — INFO — [84/357] Fetching → https://money-heist.fandom.com/wiki/César_Gandia
2026-02-13 06:48:36 — INFO —     Saved HTML → /home/sundeep/Fandom_Span_ID_Retrieval/data/raw/fandom_html/money-heist/627.html
2026-02-13 06:48:36 — INFO —     Saved TEXT → /home/sundeep/Fandom_Span_ID_Retrieval/data/raw/fandom_html/money-heist/627.txt
2026-02-13 06:48:36 — INFO — [85/357] Fetching → https://money-heist.fandom.com/wiki/César_Gandía
2026-02-13 06:48:36 — INFO —     SKIP (exists) → 627.html
2026-02-13 06:48:37 — INFO — [86/357] Fetching → https://money-heist.fandom.com/wiki/Dali_Mask
2026-02-13 06:48:37 — INFO —     Saved HTML → /home/sundeep/Fandom_Span_ID_Retrieval/data/raw/fandom_html/money-heist/1814.html
2026-02-13 06:48:37 — INFO —     Saved TEXT → /home/sundeep/Fandom_Span_ID_Retrieval/data/raw/fandom_html/money-heist/1814.txt
2026-02-13 06:48:37 — INFO — [87/357] Fetching → https://money-heist.fandom.com/wiki/Damián
2026-02-13 06:48:37 — INFO —     Saved HTML → /home/sundeep/Fandom_Span_ID_Retrieval/data/raw/fandom_html/money-heist/2571.html
2026-02-13 06:48:38 — INFO —     Saved TEXT → /home/sundeep/Fandom_Span_ID_Retrieval/data/raw/fandom_html/money-heist/2571.txt
2026-02-13 06:48:38 — INFO — [88/357] Fetching → https://money-heist.fandom.com/wiki/Daniel_Ramos
2026-02-13 06:48:38 — INFO —     Saved HTML → /home/sundeep/Fandom_Span_ID_Retrieval/data/raw/fandom_html/money-heist/159.html
2026-02-13 06:48:38 — INFO —     Saved TEXT → /home/sundeep/Fandom_Span_ID_Retrieval/data/raw/fandom_html/money-heist/159.txt
2026-02-13 06:48:39 — INFO — [89/357] Fetching → https://money-heist.fandom.com/wiki/Darko
2026-02-13 06:48:39 — INFO —     Saved HTML → /home/sundeep/Fandom_Span_ID_Retrieval/data/raw/fandom_html/money-heist/1894.html
2026-02-13 06:48:39 — INFO —     Saved TEXT → /home/sundeep/Fandom_Span_ID_Retrieval/data/raw/fandom_html/money-heist/1894.txt
2026-02-13 06:48:39 — INFO — [90/357] Fetching → https://money-heist.fandom.com/wiki/Darko_Dragić
2026-02-13 06:48:39 — INFO —     SKIP (exists) → 1894.html
2026-02-13 06:48:40 — INFO — [91/357] Fetching → https://money-heist.fandom.com/wiki/Darko_Peric
2026-02-13 06:48:40 — INFO —     Saved HTML → /home/sundeep/Fandom_Span_ID_Retrieval/data/raw/fandom_html/money-heist/601.html
2026-02-13 06:48:40 — INFO —     Saved TEXT → /home/sundeep/Fandom_Span_ID_Retrieval/data/raw/fandom_html/money-heist/601.txt
2026-02-13 06:48:41 — INFO — [92/357] Fetching → https://money-heist.fandom.com/wiki/Darko_Perić
2026-02-13 06:48:41 — INFO —     SKIP (exists) → 601.html
2026-02-13 06:48:41 — INFO — [93/357] Fetching → https://money-heist.fandom.com/wiki/David_Barrocal
2026-02-13 06:48:41 — INFO —     Saved HTML → /home/sundeep/Fandom_Span_ID_Retrieval/data/raw/fandom_html/money-heist/1450.html
2026-02-13 06:48:42 — INFO —     Saved TEXT → /home/sundeep/Fandom_Span_ID_Retrieval/data/raw/fandom_html/money-heist/1450.txt
2026-02-13 06:48:42 — INFO — [94/357] Fetching → https://money-heist.fandom.com/wiki/Denise_Soares
2026-02-13 06:48:42 — INFO —     Saved HTML → /home/sundeep/Fandom_Span_ID_Retrieval/data/raw/fandom_html/money-heist/1732.html
2026-02-13 06:48:42 — INFO —     Saved TEXT → /home/sundeep/Fandom_Span_ID_Retrieval/data/raw/fandom_html/money-heist/1732.txt
2026-02-13 06:48:43 — INFO — [95/357] Fetching → https://money-heist.fandom.com/wiki/Denver
2026-02-13 06:48:43 — INFO —     SKIP (exists) → 159.html
2026-02-13 06:48:43 — INFO — [96/357] Fetching → https://money-heist.fandom.com/wiki/Denver_(Korean)
2026-02-13 06:48:44 — INFO —     Saved HTML → /home/sundeep/Fandom_Span_ID_Retrieval/data/raw/fandom_html/money-heist/2445.html
2026-02-13 06:48:44 — INFO —     Saved TEXT → /home/sundeep/Fandom_Span_ID_Retrieval/data/raw/fandom_html/money-heist/2445.txt
2026-02-13 06:48:44 — INFO — [97/357] Fetching → https://money-heist.fandom.com/wiki/Diana_Gómez
2026-02-13 06:48:44 — INFO —     Saved HTML → /home/sundeep/Fandom_Span_ID_Retrieval/data/raw/fandom_html/money-heist/1415.html
2026-02-13 06:48:44 — INFO —     Saved TEXT → /home/sundeep/Fandom_Span_ID_Retrieval/data/raw/fandom_html/money-heist/1415.txt
2026-02-13 06:48:45 — INFO — [98/357] Fetching → https://money-heist.fandom.com/wiki/Discord
2026-02-13 06:48:45 — INFO —     Saved HTML → /home/sundeep/Fandom_Span_ID_Retrieval/data/raw/fandom_html/money-heist/1867.html
2026-02-13 06:48:45 — INFO —     Saved TEXT → /home/sundeep/Fandom_Span_ID_Retrieval/data/raw/fandom_html/money-heist/1867.txt
2026-02-13 06:48:46 — INFO — [99/357] Fetching → https://money-heist.fandom.com/wiki/Do_You_Believe_In_Reincarnation
2026-02-13 06:48:46 — WARNING —     Attempt 1/3 failed for https://money-heist.fandom.com/wiki/Do_You_Believe_In_Reincarnation: 404 Client Error: Not Found for url: https://money-heist.fandom.com/wiki/Do_You_Believe_In_Reincarnation
2026-02-13 06:48:47 — WARNING —     Attempt 2/3 failed for https://money-heist.fandom.com/wiki/Do_You_Believe_In_Reincarnation: 404 Client Error: Not Found for url: https://money-heist.fandom.com/wiki/Do_You_Believe_In_Reincarnation
2026-02-13 06:48:49 — WARNING —     Attempt 3/3 failed for https://money-heist.fandom.com/wiki/Do_You_Believe_In_Reincarnation: 404 Client Error: Not Found for url: https://money-heist.fandom.com/wiki/Do_You_Believe_In_Reincarnation
2026-02-13 06:48:52 — ERROR —     FAILED: https://money-heist.fandom.com/wiki/Do_You_Believe_In_Reincarnation
2026-02-13 06:48:52 — INFO — [100/357] Fetching → https://money-heist.fandom.com/wiki/Do_You_Believe_in_Reincarnation
2026-02-13 06:48:53 — WARNING —     Attempt 1/3 failed for https://money-heist.fandom.com/wiki/Do_You_Believe_in_Reincarnation: 404 Client Error: Not Found for url: https://money-heist.fandom.com/wiki/Do_You_Believe_in_Reincarnation
2026-02-13 06:48:54 — WARNING —     Attempt 2/3 failed for https://money-heist.fandom.com/wiki/Do_You_Believe_in_Reincarnation: 404 Client Error: Not Found for url: https://money-heist.fandom.com/wiki/Do_You_Believe_in_Reincarnation
2026-02-13 06:48:56 — WARNING —     Attempt 3/3 failed for https://money-heist.fandom.com/wiki/Do_You_Believe_in_Reincarnation: 404 Client Error: Not Found for url: https://money-heist.fandom.com/wiki/Do_You_Believe_in_Reincarnation
2026-02-13 06:48:59 — ERROR —     FAILED: https://money-heist.fandom.com/wiki/Do_You_Believe_in_Reincarnation
2026-02-13 06:48:59 — INFO — [Progress] Processed 100/357 pages (success=71, skipped=27, failed=2)
2026-02-13 06:48:59 — INFO — [101/357] Fetching → https://money-heist.fandom.com/wiki/Dr._Ahmed
2026-02-13 06:48:59 — INFO —     Saved HTML → /home/sundeep/Fandom_Span_ID_Retrieval/data/raw/fandom_html/money-heist/1784.html
2026-02-13 06:48:59 — INFO —     Saved TEXT → /home/sundeep/Fandom_Span_ID_Retrieval/data/raw/fandom_html/money-heist/1784.txt
2026-02-13 06:49:00 — INFO — [102/357] Fetching → https://money-heist.fandom.com/wiki/Elisabeth_López
2026-02-13 06:49:00 — INFO —     Saved HTML → /home/sundeep/Fandom_Span_ID_Retrieval/data/raw/fandom_html/money-heist/1735.html
2026-02-13 06:49:00 — INFO —     Saved TEXT → /home/sundeep/Fandom_Span_ID_Retrieval/data/raw/fandom_html/money-heist/1735.txt
2026-02-13 06:49:01 — INFO — [103/357] Fetching → https://money-heist.fandom.com/wiki/Emilio_Díez
2026-02-13 06:49:01 — INFO —     Saved HTML → /home/sundeep/Fandom_Span_ID_Retrieval/data/raw/fandom_html/money-heist/1456.html
2026-02-13 06:49:01 — INFO —     Saved TEXT → /home/sundeep/Fandom_Span_ID_Retrieval/data/raw/fandom_html/money-heist/1456.txt
2026-02-13 06:49:01 — INFO — [104/357] Fetching → https://money-heist.fandom.com/wiki/Enrique_Arce
2026-02-13 06:49:01 — INFO —     Saved HTML → /home/sundeep/Fandom_Span_ID_Retrieval/data/raw/fandom_html/money-heist/1423.html
2026-02-13 06:49:02 — INFO —     Saved TEXT → /home/sundeep/Fandom_Span_ID_Retrieval/data/raw/fandom_html/money-heist/1423.txt
2026-02-13 06:49:02 — INFO — [105/357] Fetching → https://money-heist.fandom.com/wiki/Episode_10_(Korean)
2026-02-13 06:49:02 — INFO —     Saved HTML → /home/sundeep/Fandom_Span_ID_Retrieval/data/raw/fandom_html/money-heist/2599.html
2026-02-13 06:49:02 — INFO —     Saved TEXT → /home/sundeep/Fandom_Span_ID_Retrieval/data/raw/fandom_html/money-heist/2599.txt
2026-02-13 06:49:03 — INFO — [106/357] Fetching → https://money-heist.fandom.com/wiki/Episode_10_(Part_1)
2026-02-13 06:49:03 — INFO —     Saved HTML → /home/sundeep/Fandom_Span_ID_Retrieval/data/raw/fandom_html/money-heist/348.html
2026-02-13 06:49:03 — INFO —     Saved TEXT → /home/sundeep/Fandom_Span_ID_Retrieval/data/raw/fandom_html/money-heist/348.txt
2026-02-13 06:49:04 — INFO — [107/357] Fetching → https://money-heist.fandom.com/wiki/Episode_11_(Korean)
2026-02-13 06:49:04 — INFO —     Saved HTML → /home/sundeep/Fandom_Span_ID_Retrieval/data/raw/fandom_html/money-heist/2600.html
2026-02-13 06:49:04 — INFO —     Saved TEXT → /home/sundeep/Fandom_Span_ID_Retrieval/data/raw/fandom_html/money-heist/2600.txt
2026-02-13 06:49:04 — INFO — [108/357] Fetching → https://money-heist.fandom.com/wiki/Episode_11_(Part_1)
2026-02-13 06:49:05 — INFO —     Saved HTML → /home/sundeep/Fandom_Span_ID_Retrieval/data/raw/fandom_html/money-heist/349.html
2026-02-13 06:49:05 — INFO —     Saved TEXT → /home/sundeep/Fandom_Span_ID_Retrieval/data/raw/fandom_html/money-heist/349.txt
2026-02-13 06:49:05 — INFO — [109/357] Fetching → https://money-heist.fandom.com/wiki/Episode_12_(Korean)
2026-02-13 06:49:05 — INFO —     Saved HTML → /home/sundeep/Fandom_Span_ID_Retrieval/data/raw/fandom_html/money-heist/2601.html
2026-02-13 06:49:05 — INFO —     Saved TEXT → /home/sundeep/Fandom_Span_ID_Retrieval/data/raw/fandom_html/money-heist/2601.txt
2026-02-13 06:49:06 — INFO — [110/357] Fetching → https://money-heist.fandom.com/wiki/Episode_12_(Part_1)
2026-02-13 06:49:06 — INFO —     Saved HTML → /home/sundeep/Fandom_Span_ID_Retrieval/data/raw/fandom_html/money-heist/350.html
2026-02-13 06:49:06 — INFO —     Saved TEXT → /home/sundeep/Fandom_Span_ID_Retrieval/data/raw/fandom_html/money-heist/350.txt
2026-02-13 06:49:06 — INFO — [111/357] Fetching → https://money-heist.fandom.com/wiki/Episode_13_(Part_1)
2026-02-13 06:49:07 — INFO —     Saved HTML → /home/sundeep/Fandom_Span_ID_Retrieval/data/raw/fandom_html/money-heist/351.html
2026-02-13 06:49:07 — INFO —     Saved TEXT → /home/sundeep/Fandom_Span_ID_Retrieval/data/raw/fandom_html/money-heist/351.txt
2026-02-13 06:49:07 — INFO — [112/357] Fetching → https://money-heist.fandom.com/wiki/Episode_1_(Korean)
2026-02-13 06:49:07 — INFO —     Saved HTML → /home/sundeep/Fandom_Span_ID_Retrieval/data/raw/fandom_html/money-heist/2468.html
2026-02-13 06:49:07 — INFO —     Saved TEXT → /home/sundeep/Fandom_Span_ID_Retrieval/data/raw/fandom_html/money-heist/2468.txt
2026-02-13 06:49:08 — INFO — [113/357] Fetching → https://money-heist.fandom.com/wiki/Episode_1_(Money_Heist:_From_Tokyo_to_Berlin)
2026-02-13 06:49:08 — INFO —     Saved HTML → /home/sundeep/Fandom_Span_ID_Retrieval/data/raw/fandom_html/money-heist/2216.html
2026-02-13 06:49:08 — INFO —     Saved TEXT → /home/sundeep/Fandom_Span_ID_Retrieval/data/raw/fandom_html/money-heist/2216.txt
2026-02-13 06:49:09 — INFO — [114/357] Fetching → https://money-heist.fandom.com/wiki/Episode_1_(Part_1)
2026-02-13 06:49:09 — INFO —     Saved HTML → /home/sundeep/Fandom_Span_ID_Retrieval/data/raw/fandom_html/money-heist/320.html
2026-02-13 06:49:09 — INFO —     Saved TEXT → /home/sundeep/Fandom_Span_ID_Retrieval/data/raw/fandom_html/money-heist/320.txt
2026-02-13 06:49:09 — INFO — [115/357] Fetching → https://money-heist.fandom.com/wiki/Episode_1_(Part_2)
2026-02-13 06:49:09 — INFO —     Saved HTML → /home/sundeep/Fandom_Span_ID_Retrieval/data/raw/fandom_html/money-heist/386.html
2026-02-13 06:49:09 — INFO —     Saved TEXT → /home/sundeep/Fandom_Span_ID_Retrieval/data/raw/fandom_html/money-heist/386.txt
2026-02-13 06:49:10 — INFO — [116/357] Fetching → https://money-heist.fandom.com/wiki/Episode_2_(Korean)
2026-02-13 06:49:10 — INFO —     Saved HTML → /home/sundeep/Fandom_Span_ID_Retrieval/data/raw/fandom_html/money-heist/2469.html
2026-02-13 06:49:10 — INFO —     Saved TEXT → /home/sundeep/Fandom_Span_ID_Retrieval/data/raw/fandom_html/money-heist/2469.txt
2026-02-13 06:49:10 — INFO — [117/357] Fetching → https://money-heist.fandom.com/wiki/Episode_2_(Part_1)
2026-02-13 06:49:10 — INFO —     Saved HTML → /home/sundeep/Fandom_Span_ID_Retrieval/data/raw/fandom_html/money-heist/321.html
2026-02-13 06:49:10 — INFO —     Saved TEXT → /home/sundeep/Fandom_Span_ID_Retrieval/data/raw/fandom_html/money-heist/321.txt
2026-02-13 06:49:11 — INFO — [118/357] Fetching → https://money-heist.fandom.com/wiki/Episode_2_(Part_2)
2026-02-13 06:49:11 — INFO —     Saved HTML → /home/sundeep/Fandom_Span_ID_Retrieval/data/raw/fandom_html/money-heist/388.html
2026-02-13 06:49:11 — INFO —     Saved TEXT → /home/sundeep/Fandom_Span_ID_Retrieval/data/raw/fandom_html/money-heist/388.txt
2026-02-13 06:49:12 — INFO — [119/357] Fetching → https://money-heist.fandom.com/wiki/Episode_3_(Korean)
2026-02-13 06:49:12 — INFO —     Saved HTML → /home/sundeep/Fandom_Span_ID_Retrieval/data/raw/fandom_html/money-heist/2470.html
2026-02-13 06:49:12 — INFO —     Saved TEXT → /home/sundeep/Fandom_Span_ID_Retrieval/data/raw/fandom_html/money-heist/2470.txt
2026-02-13 06:49:12 — INFO — [120/357] Fetching → https://money-heist.fandom.com/wiki/Episode_3_(Part_1)
2026-02-13 06:49:13 — INFO —     Saved HTML → /home/sundeep/Fandom_Span_ID_Retrieval/data/raw/fandom_html/money-heist/322.html
2026-02-13 06:49:13 — INFO —     Saved TEXT → /home/sundeep/Fandom_Span_ID_Retrieval/data/raw/fandom_html/money-heist/322.txt
2026-02-13 06:49:13 — INFO — [121/357] Fetching → https://money-heist.fandom.com/wiki/Episode_3_(Part_2)
2026-02-13 06:49:13 — INFO —     Saved HTML → /home/sundeep/Fandom_Span_ID_Retrieval/data/raw/fandom_html/money-heist/390.html
2026-02-13 06:49:13 — INFO —     Saved TEXT → /home/sundeep/Fandom_Span_ID_Retrieval/data/raw/fandom_html/money-heist/390.txt
2026-02-13 06:49:14 — INFO — [122/357] Fetching → https://money-heist.fandom.com/wiki/Episode_4_(Korean)
2026-02-13 06:49:14 — INFO —     Saved HTML → /home/sundeep/Fandom_Span_ID_Retrieval/data/raw/fandom_html/money-heist/2471.html
2026-02-13 06:49:14 — INFO —     Saved TEXT → /home/sundeep/Fandom_Span_ID_Retrieval/data/raw/fandom_html/money-heist/2471.txt
2026-02-13 06:49:14 — INFO — [123/357] Fetching → https://money-heist.fandom.com/wiki/Episode_4_(Part_1)
2026-02-13 06:49:15 — INFO —     Saved HTML → /home/sundeep/Fandom_Span_ID_Retrieval/data/raw/fandom_html/money-heist/323.html
2026-02-13 06:49:15 — INFO —     Saved TEXT → /home/sundeep/Fandom_Span_ID_Retrieval/data/raw/fandom_html/money-heist/323.txt
2026-02-13 06:49:15 — INFO — [124/357] Fetching → https://money-heist.fandom.com/wiki/Episode_4_(Part_2)
2026-02-13 06:49:15 — INFO —     Saved HTML → /home/sundeep/Fandom_Span_ID_Retrieval/data/raw/fandom_html/money-heist/392.html
2026-02-13 06:49:15 — INFO —     Saved TEXT → /home/sundeep/Fandom_Span_ID_Retrieval/data/raw/fandom_html/money-heist/392.txt
2026-02-13 06:49:16 — INFO — [125/357] Fetching → https://money-heist.fandom.com/wiki/Episode_5_(Korean)
2026-02-13 06:49:16 — INFO —     Saved HTML → /home/sundeep/Fandom_Span_ID_Retrieval/data/raw/fandom_html/money-heist/2472.html
2026-02-13 06:49:16 — INFO —     Saved TEXT → /home/sundeep/Fandom_Span_ID_Retrieval/data/raw/fandom_html/money-heist/2472.txt
2026-02-13 06:49:17 — INFO — [126/357] Fetching → https://money-heist.fandom.com/wiki/Episode_5_(Part_1)
2026-02-13 06:49:17 — INFO —     Saved HTML → /home/sundeep/Fandom_Span_ID_Retrieval/data/raw/fandom_html/money-heist/338.html
2026-02-13 06:49:17 — INFO —     Saved TEXT → /home/sundeep/Fandom_Span_ID_Retrieval/data/raw/fandom_html/money-heist/338.txt
2026-02-13 06:49:17 — INFO — [127/357] Fetching → https://money-heist.fandom.com/wiki/Episode_5_(Part_2)
2026-02-13 06:49:17 — INFO —     Saved HTML → /home/sundeep/Fandom_Span_ID_Retrieval/data/raw/fandom_html/money-heist/406.html
2026-02-13 06:49:17 — INFO —     Saved TEXT → /home/sundeep/Fandom_Span_ID_Retrieval/data/raw/fandom_html/money-heist/406.txt
2026-02-13 06:49:18 — INFO — [128/357] Fetching → https://money-heist.fandom.com/wiki/Episode_6_(Korean)
2026-02-13 06:49:18 — INFO —     Saved HTML → /home/sundeep/Fandom_Span_ID_Retrieval/data/raw/fandom_html/money-heist/2473.html
2026-02-13 06:49:18 — INFO —     Saved TEXT → /home/sundeep/Fandom_Span_ID_Retrieval/data/raw/fandom_html/money-heist/2473.txt
2026-02-13 06:49:19 — INFO — [129/357] Fetching → https://money-heist.fandom.com/wiki/Episode_6_(Part_1)
2026-02-13 06:49:19 — INFO —     Saved HTML → /home/sundeep/Fandom_Span_ID_Retrieval/data/raw/fandom_html/money-heist/339.html
2026-02-13 06:49:19 — INFO —     Saved TEXT → /home/sundeep/Fandom_Span_ID_Retrieval/data/raw/fandom_html/money-heist/339.txt
2026-02-13 06:49:19 — INFO — [130/357] Fetching → https://money-heist.fandom.com/wiki/Episode_6_(Part_2)
2026-02-13 06:49:20 — INFO —     Saved HTML → /home/sundeep/Fandom_Span_ID_Retrieval/data/raw/fandom_html/money-heist/407.html
2026-02-13 06:49:20 — INFO —     Saved TEXT → /home/sundeep/Fandom_Span_ID_Retrieval/data/raw/fandom_html/money-heist/407.txt
2026-02-13 06:49:20 — INFO — [131/357] Fetching → https://money-heist.fandom.com/wiki/Episode_7_(Korean)
2026-02-13 06:49:20 — INFO —     Saved HTML → /home/sundeep/Fandom_Span_ID_Retrieval/data/raw/fandom_html/money-heist/2528.html
2026-02-13 06:49:20 — INFO —     Saved TEXT → /home/sundeep/Fandom_Span_ID_Retrieval/data/raw/fandom_html/money-heist/2528.txt
2026-02-13 06:49:21 — INFO — [132/357] Fetching → https://money-heist.fandom.com/wiki/Episode_7_(Part_1)
2026-02-13 06:49:21 — INFO —     Saved HTML → /home/sundeep/Fandom_Span_ID_Retrieval/data/raw/fandom_html/money-heist/340.html
2026-02-13 06:49:21 — INFO —     Saved TEXT → /home/sundeep/Fandom_Span_ID_Retrieval/data/raw/fandom_html/money-heist/340.txt
2026-02-13 06:49:22 — INFO — [133/357] Fetching → https://money-heist.fandom.com/wiki/Episode_7_(Part_2)
2026-02-13 06:49:22 — INFO —     Saved HTML → /home/sundeep/Fandom_Span_ID_Retrieval/data/raw/fandom_html/money-heist/408.html
2026-02-13 06:49:22 — INFO —     Saved TEXT → /home/sundeep/Fandom_Span_ID_Retrieval/data/raw/fandom_html/money-heist/408.txt
2026-02-13 06:49:22 — INFO — [134/357] Fetching → https://money-heist.fandom.com/wiki/Episode_8_(Korean)
2026-02-13 06:49:22 — INFO —     Saved HTML → /home/sundeep/Fandom_Span_ID_Retrieval/data/raw/fandom_html/money-heist/2597.html
2026-02-13 06:49:22 — INFO —     Saved TEXT → /home/sundeep/Fandom_Span_ID_Retrieval/data/raw/fandom_html/money-heist/2597.txt
2026-02-13 06:49:23 — INFO — [135/357] Fetching → https://money-heist.fandom.com/wiki/Episode_8_(Part_1)
2026-02-13 06:49:23 — INFO —     Saved HTML → /home/sundeep/Fandom_Span_ID_Retrieval/data/raw/fandom_html/money-heist/341.html
2026-02-13 06:49:23 — INFO —     Saved TEXT → /home/sundeep/Fandom_Span_ID_Retrieval/data/raw/fandom_html/money-heist/341.txt
2026-02-13 06:49:24 — INFO — [136/357] Fetching → https://money-heist.fandom.com/wiki/Episode_8_(Part_2)
2026-02-13 06:49:24 — INFO —     Saved HTML → /home/sundeep/Fandom_Span_ID_Retrieval/data/raw/fandom_html/money-heist/409.html
2026-02-13 06:49:24 — INFO —     Saved TEXT → /home/sundeep/Fandom_Span_ID_Retrieval/data/raw/fandom_html/money-heist/409.txt
2026-02-13 06:49:24 — INFO — [137/357] Fetching → https://money-heist.fandom.com/wiki/Episode_9_(Korean)
2026-02-13 06:49:24 — INFO —     Saved HTML → /home/sundeep/Fandom_Span_ID_Retrieval/data/raw/fandom_html/money-heist/2598.html
2026-02-13 06:49:25 — INFO —     Saved TEXT → /home/sundeep/Fandom_Span_ID_Retrieval/data/raw/fandom_html/money-heist/2598.txt
2026-02-13 06:49:25 — INFO — [138/357] Fetching → https://money-heist.fandom.com/wiki/Episode_9_(Part_1)
2026-02-13 06:49:25 — INFO —     Saved HTML → /home/sundeep/Fandom_Span_ID_Retrieval/data/raw/fandom_html/money-heist/347.html
2026-02-13 06:49:25 — INFO —     Saved TEXT → /home/sundeep/Fandom_Span_ID_Retrieval/data/raw/fandom_html/money-heist/347.txt
2026-02-13 06:49:26 — INFO — [139/357] Fetching → https://money-heist.fandom.com/wiki/Episode_9_(Part_2)
2026-02-13 06:49:26 — INFO —     Saved HTML → /home/sundeep/Fandom_Span_ID_Retrieval/data/raw/fandom_html/money-heist/410.html
2026-02-13 06:49:26 — INFO —     Saved TEXT → /home/sundeep/Fandom_Span_ID_Retrieval/data/raw/fandom_html/money-heist/410.txt
2026-02-13 06:49:26 — INFO — [140/357] Fetching → https://money-heist.fandom.com/wiki/Escape_Valve
2026-02-13 06:49:26 — INFO —     Saved HTML → /home/sundeep/Fandom_Span_ID_Retrieval/data/raw/fandom_html/money-heist/2242.html
2026-02-13 06:49:27 — INFO —     Saved TEXT → /home/sundeep/Fandom_Span_ID_Retrieval/data/raw/fandom_html/money-heist/2242.txt
2026-02-13 06:49:27 — INFO — [141/357] Fetching → https://money-heist.fandom.com/wiki/Esther_Acebo
2026-02-13 06:49:27 — INFO —     Saved HTML → /home/sundeep/Fandom_Span_ID_Retrieval/data/raw/fandom_html/money-heist/365.html
2026-02-13 06:49:27 — INFO —     Saved TEXT → /home/sundeep/Fandom_Span_ID_Retrieval/data/raw/fandom_html/money-heist/365.txt
2026-02-13 06:49:28 — INFO — [142/357] Fetching → https://money-heist.fandom.com/wiki/Esther_Martínez_Lobato
2026-02-13 06:49:28 — INFO —     Saved HTML → /home/sundeep/Fandom_Span_ID_Retrieval/data/raw/fandom_html/money-heist/1441.html
2026-02-13 06:49:28 — INFO —     Saved TEXT → /home/sundeep/Fandom_Span_ID_Retrieval/data/raw/fandom_html/money-heist/1441.txt
2026-02-13 06:49:29 — INFO — [143/357] Fetching → https://money-heist.fandom.com/wiki/Esther_Morales
2026-02-13 06:49:29 — INFO —     Saved HTML → /home/sundeep/Fandom_Span_ID_Retrieval/data/raw/fandom_html/money-heist/1451.html
2026-02-13 06:49:29 — INFO —     Saved TEXT → /home/sundeep/Fandom_Span_ID_Retrieval/data/raw/fandom_html/money-heist/1451.txt
2026-02-13 06:49:29 — INFO — [144/357] Fetching → https://money-heist.fandom.com/wiki/Everything_Seemed_Insignificant
2026-02-13 06:49:29 — INFO —     Saved HTML → /home/sundeep/Fandom_Span_ID_Retrieval/data/raw/fandom_html/money-heist/422.html
2026-02-13 06:49:30 — INFO —     Saved TEXT → /home/sundeep/Fandom_Span_ID_Retrieval/data/raw/fandom_html/money-heist/422.txt
2026-02-13 06:49:30 — INFO — [145/357] Fetching → https://money-heist.fandom.com/wiki/Everything_Seemed_Insignificant_(Part_3)
2026-02-13 06:49:30 — INFO —     SKIP (exists) → 422.html
2026-02-13 06:49:31 — INFO — [146/357] Fetching → https://money-heist.fandom.com/wiki/Fernando_Sancristóbal
2026-02-13 06:49:31 — INFO —     Saved HTML → /home/sundeep/Fandom_Span_ID_Retrieval/data/raw/fandom_html/money-heist/1449.html
2026-02-13 06:49:31 — INFO —     Saved TEXT → /home/sundeep/Fandom_Span_ID_Retrieval/data/raw/fandom_html/money-heist/1449.txt
2026-02-13 06:49:31 — INFO — [147/357] Fetching → https://money-heist.fandom.com/wiki/Fran_Morcillo
2026-02-13 06:49:31 — INFO —     Saved HTML → /home/sundeep/Fandom_Span_ID_Retrieval/data/raw/fandom_html/money-heist/1919.html
2026-02-13 06:49:32 — INFO —     Saved TEXT → /home/sundeep/Fandom_Span_ID_Retrieval/data/raw/fandom_html/money-heist/1919.txt
2026-02-13 06:49:32 — INFO — [148/357] Fetching → https://money-heist.fandom.com/wiki/Francisco
2026-02-13 06:49:32 — INFO —     Saved HTML → /home/sundeep/Fandom_Span_ID_Retrieval/data/raw/fandom_html/money-heist/1705.html
2026-02-13 06:49:32 — INFO —     Saved TEXT → /home/sundeep/Fandom_Span_ID_Retrieval/data/raw/fandom_html/money-heist/1705.txt
2026-02-13 06:49:33 — INFO — [149/357] Fetching → https://money-heist.fandom.com/wiki/Francisco_Torres
2026-02-13 06:49:33 — INFO —     SKIP (exists) → 1705.html
2026-02-13 06:49:33 — INFO — [150/357] Fetching → https://money-heist.fandom.com/wiki/François_Polignac
2026-02-13 06:49:34 — INFO —     Saved HTML → /home/sundeep/Fandom_Span_ID_Retrieval/data/raw/fandom_html/money-heist/2628.html
2026-02-13 06:49:34 — INFO —     Saved TEXT → /home/sundeep/Fandom_Span_ID_Retrieval/data/raw/fandom_html/money-heist/2628.txt
2026-02-13 06:49:34 — INFO — [Progress] Processed 150/357 pages (success=119, skipped=29, failed=2)
2026-02-13 06:49:34 — INFO — [151/357] Fetching → https://money-heist.fandom.com/wiki/Frederiksborg_Castle
2026-02-13 06:49:34 — INFO —     Saved HTML → /home/sundeep/Fandom_Span_ID_Retrieval/data/raw/fandom_html/money-heist/2313.html
2026-02-13 06:49:34 — INFO —     Saved TEXT → /home/sundeep/Fandom_Span_ID_Retrieval/data/raw/fandom_html/money-heist/2313.txt
2026-02-13 06:49:35 — INFO — [152/357] Fetching → https://money-heist.fandom.com/wiki/Full_House_of_Embryos
2026-02-13 06:49:35 — INFO —     Saved HTML → /home/sundeep/Fandom_Span_ID_Retrieval/data/raw/fandom_html/money-heist/2607.html
2026-02-13 06:49:35 — INFO —     Saved TEXT → /home/sundeep/Fandom_Span_ID_Retrieval/data/raw/fandom_html/money-heist/2607.txt
2026-02-13 06:49:36 — INFO — [153/357] Fetching → https://money-heist.fandom.com/wiki/Game_Over
2026-02-13 06:49:36 — INFO —     Saved HTML → /home/sundeep/Fandom_Span_ID_Retrieval/data/raw/fandom_html/money-heist/490.html
2026-02-13 06:49:36 — INFO —     Saved TEXT → /home/sundeep/Fandom_Span_ID_Retrieval/data/raw/fandom_html/money-heist/490.txt
2026-02-13 06:49:36 — INFO — [154/357] Fetching → https://money-heist.fandom.com/wiki/Game_Over_(Part_4)
2026-02-13 06:49:37 — INFO —     SKIP (exists) → 490.html
2026-02-13 06:49:37 — INFO — [155/357] Fetching → https://money-heist.fandom.com/wiki/Gandía
2026-02-13 06:49:37 — INFO —     SKIP (exists) → 627.html
2026-02-13 06:49:38 — INFO — [156/357] Fetching → https://money-heist.fandom.com/wiki/Garcia_Lobo
2026-02-13 06:49:38 — INFO —     Saved HTML → /home/sundeep/Fandom_Span_ID_Retrieval/data/raw/fandom_html/money-heist/1809.html
2026-02-13 06:49:38 — INFO —     Saved TEXT → /home/sundeep/Fandom_Span_ID_Retrieval/data/raw/fandom_html/money-heist/1809.txt
2026-02-13 06:49:38 — INFO — [157/357] Fetching → https://money-heist.fandom.com/wiki/Germán
2026-02-13 06:49:39 — INFO —     Saved HTML → /home/sundeep/Fandom_Span_ID_Retrieval/data/raw/fandom_html/money-heist/1053.html
2026-02-13 06:49:39 — INFO —     Saved TEXT → /home/sundeep/Fandom_Span_ID_Retrieval/data/raw/fandom_html/money-heist/1053.txt
2026-02-13 06:49:39 — INFO — [158/357] Fetching → https://money-heist.fandom.com/wiki/Grândola,_Vila_Morena
2026-02-13 06:49:39 — INFO —     Saved HTML → /home/sundeep/Fandom_Span_ID_Retrieval/data/raw/fandom_html/money-heist/2178.html
2026-02-13 06:49:39 — INFO —     Saved TEXT → /home/sundeep/Fandom_Span_ID_Retrieval/data/raw/fandom_html/money-heist/2178.txt
2026-02-13 06:49:40 — INFO — [159/357] Fetching → https://money-heist.fandom.com/wiki/Guna_Yala
2026-02-13 06:49:40 — INFO —     Saved HTML → /home/sundeep/Fandom_Span_ID_Retrieval/data/raw/fandom_html/money-heist/2308.html
2026-02-13 06:49:40 — INFO —     Saved TEXT → /home/sundeep/Fandom_Span_ID_Retrieval/data/raw/fandom_html/money-heist/2308.txt
2026-02-13 06:49:41 — INFO — [160/357] Fetching → https://money-heist.fandom.com/wiki/Gómez
2026-02-13 06:49:41 — INFO —     Saved HTML → /home/sundeep/Fandom_Span_ID_Retrieval/data/raw/fandom_html/money-heist/1834.html
2026-02-13 06:49:41 — INFO —     Saved TEXT → /home/sundeep/Fandom_Span_ID_Retrieval/data/raw/fandom_html/money-heist/1834.txt
2026-02-13 06:49:41 — INFO — [161/357] Fetching → https://money-heist.fandom.com/wiki/Hahoetal_Mask
2026-02-13 06:49:42 — INFO —     Saved HTML → /home/sundeep/Fandom_Span_ID_Retrieval/data/raw/fandom_html/money-heist/2546.html
2026-02-13 06:49:42 — INFO —     Saved TEXT → /home/sundeep/Fandom_Span_ID_Retrieval/data/raw/fandom_html/money-heist/2546.txt
2026-02-13 06:49:42 — INFO — [162/357] Fetching → https://money-heist.fandom.com/wiki/Helsinki
2026-02-13 06:49:42 — INFO —     Saved HTML → /home/sundeep/Fandom_Span_ID_Retrieval/data/raw/fandom_html/money-heist/361.html
2026-02-13 06:49:42 — INFO —     Saved TEXT → /home/sundeep/Fandom_Span_ID_Retrieval/data/raw/fandom_html/money-heist/361.txt
2026-02-13 06:49:43 — INFO — [163/357] Fetching → https://money-heist.fandom.com/wiki/Helsinki_(Korean)
2026-02-13 06:49:43 — INFO —     Saved HTML → /home/sundeep/Fandom_Span_ID_Retrieval/data/raw/fandom_html/money-heist/2446.html
2026-02-13 06:49:43 — INFO —     Saved TEXT → /home/sundeep/Fandom_Span_ID_Retrieval/data/raw/fandom_html/money-heist/2446.txt
2026-02-13 06:49:44 — INFO — [164/357] Fetching → https://money-heist.fandom.com/wiki/Hovik_Keuchkerian
2026-02-13 06:49:44 — INFO —     Saved HTML → /home/sundeep/Fandom_Span_ID_Retrieval/data/raw/fandom_html/money-heist/910.html
2026-02-13 06:49:44 — INFO —     Saved TEXT → /home/sundeep/Fandom_Span_ID_Retrieval/data/raw/fandom_html/money-heist/910.txt
2026-02-13 06:49:44 — INFO — [165/357] Fetching → https://money-heist.fandom.com/wiki/Inspector_Lavelle
2026-02-13 06:49:44 — INFO —     Saved HTML → /home/sundeep/Fandom_Span_ID_Retrieval/data/raw/fandom_html/money-heist/2569.html
2026-02-13 06:49:44 — INFO —     Saved TEXT → /home/sundeep/Fandom_Span_ID_Retrieval/data/raw/fandom_html/money-heist/2569.txt
2026-02-13 06:49:45 — INFO — [166/357] Fetching → https://money-heist.fandom.com/wiki/Isaac_Cobo
2026-02-13 06:49:45 — INFO —     Saved HTML → /home/sundeep/Fandom_Span_ID_Retrieval/data/raw/fandom_html/money-heist/2267.html
2026-02-13 06:49:45 — INFO —     Saved TEXT → /home/sundeep/Fandom_Span_ID_Retrieval/data/raw/fandom_html/money-heist/2267.txt
2026-02-13 06:49:45 — INFO — [167/357] Fetching → https://money-heist.fandom.com/wiki/It's_Dolphin_Time
2026-02-13 06:49:46 — INFO —     Saved HTML → /home/sundeep/Fandom_Span_ID_Retrieval/data/raw/fandom_html/money-heist/420.html
2026-02-13 06:49:46 — INFO —     Saved TEXT → /home/sundeep/Fandom_Span_ID_Retrieval/data/raw/fandom_html/money-heist/420.txt
2026-02-13 06:49:46 — INFO — [168/357] Fetching → https://money-heist.fandom.com/wiki/It's_Dolphin_Time_(Part_3)
2026-02-13 06:49:46 — INFO —     SKIP (exists) → 420.html
2026-02-13 06:49:47 — INFO — [169/357] Fetching → https://money-heist.fandom.com/wiki/Itziar_Ituño
2026-02-13 06:49:47 — INFO —     Saved HTML → /home/sundeep/Fandom_Span_ID_Retrieval/data/raw/fandom_html/money-heist/469.html
2026-02-13 06:49:47 — INFO —     Saved TEXT → /home/sundeep/Fandom_Span_ID_Retrieval/data/raw/fandom_html/money-heist/469.txt
2026-02-13 06:49:48 — INFO — [170/357] Fetching → https://money-heist.fandom.com/wiki/Jacinto
2026-02-13 06:49:48 — INFO —     Saved HTML → /home/sundeep/Fandom_Span_ID_Retrieval/data/raw/fandom_html/money-heist/1708.html
2026-02-13 06:49:48 — INFO —     Saved TEXT → /home/sundeep/Fandom_Span_ID_Retrieval/data/raw/fandom_html/money-heist/1708.txt
2026-02-13 06:49:48 — INFO — [171/357] Fetching → https://money-heist.fandom.com/wiki/Jaime_Lorente
2026-02-13 06:49:48 — INFO —     Saved HTML → /home/sundeep/Fandom_Span_ID_Retrieval/data/raw/fandom_html/money-heist/603.html
2026-02-13 06:49:48 — INFO —     Saved TEXT → /home/sundeep/Fandom_Span_ID_Retrieval/data/raw/fandom_html/money-heist/603.txt
2026-02-13 06:49:49 — INFO — [172/357] Fetching → https://money-heist.fandom.com/wiki/Jakov
2026-02-13 06:49:49 — INFO —     Saved HTML → /home/sundeep/Fandom_Span_ID_Retrieval/data/raw/fandom_html/money-heist/555.html
2026-02-13 06:49:49 — INFO —     Saved TEXT → /home/sundeep/Fandom_Span_ID_Retrieval/data/raw/fandom_html/money-heist/555.txt
2026-02-13 06:49:50 — INFO — [173/357] Fetching → https://money-heist.fandom.com/wiki/Javi
2026-02-13 06:49:50 — INFO —     Saved HTML → /home/sundeep/Fandom_Span_ID_Retrieval/data/raw/fandom_html/money-heist/1792.html
2026-02-13 06:49:50 — INFO —     Saved TEXT → /home/sundeep/Fandom_Span_ID_Retrieval/data/raw/fandom_html/money-heist/1792.txt
2026-02-13 06:49:50 — INFO — [174/357] Fetching → https://money-heist.fandom.com/wiki/Javier_Gómez_Santander
2026-02-13 06:49:51 — INFO —     Saved HTML → /home/sundeep/Fandom_Span_ID_Retrieval/data/raw/fandom_html/money-heist/1443.html
2026-02-13 06:49:51 — INFO —     Saved TEXT → /home/sundeep/Fandom_Span_ID_Retrieval/data/raw/fandom_html/money-heist/1443.txt
2026-02-13 06:49:51 — INFO — [175/357] Fetching → https://money-heist.fandom.com/wiki/Javier_Quintas
2026-02-13 06:49:51 — INFO —     Saved HTML → /home/sundeep/Fandom_Span_ID_Retrieval/data/raw/fandom_html/money-heist/1460.html
2026-02-13 06:49:51 — INFO —     Saved TEXT → /home/sundeep/Fandom_Span_ID_Retrieval/data/raw/fandom_html/money-heist/1460.txt
2026-02-13 06:49:52 — INFO — [176/357] Fetching → https://money-heist.fandom.com/wiki/Jeon_Yong-su
2026-02-13 06:49:52 — INFO —     Saved HTML → /home/sundeep/Fandom_Span_ID_Retrieval/data/raw/fandom_html/money-heist/2641.html
2026-02-13 06:49:52 — INFO —     Saved TEXT → /home/sundeep/Fandom_Span_ID_Retrieval/data/raw/fandom_html/money-heist/2641.txt
2026-02-13 06:49:53 — INFO — [177/357] Fetching → https://money-heist.fandom.com/wiki/Jesús_Colmenar
2026-02-13 06:49:53 — INFO —     Saved HTML → /home/sundeep/Fandom_Span_ID_Retrieval/data/raw/fandom_html/money-heist/1440.html
2026-02-13 06:49:53 — INFO —     Saved TEXT → /home/sundeep/Fandom_Span_ID_Retrieval/data/raw/fandom_html/money-heist/1440.txt
2026-02-13 06:49:53 — INFO — [178/357] Fetching → https://money-heist.fandom.com/wiki/Jesús_Marquina
2026-02-13 06:49:53 — INFO —     Saved HTML → /home/sundeep/Fandom_Span_ID_Retrieval/data/raw/fandom_html/money-heist/1699.html
2026-02-13 06:49:54 — INFO —     Saved TEXT → /home/sundeep/Fandom_Span_ID_Retrieval/data/raw/fandom_html/money-heist/1699.txt
2026-02-13 06:49:54 — INFO — [179/357] Fetching → https://money-heist.fandom.com/wiki/João
2026-02-13 06:49:54 — INFO —     Saved HTML → /home/sundeep/Fandom_Span_ID_Retrieval/data/raw/fandom_html/money-heist/1059.html
2026-02-13 06:49:54 — INFO —     Saved TEXT → /home/sundeep/Fandom_Span_ID_Retrieval/data/raw/fandom_html/money-heist/1059.txt
2026-02-13 06:49:55 — INFO — [180/357] Fetching → https://money-heist.fandom.com/wiki/Juan_Fernández
2026-02-13 06:49:55 — INFO —     Saved HTML → /home/sundeep/Fandom_Span_ID_Retrieval/data/raw/fandom_html/money-heist/1922.html
2026-02-13 06:49:55 — INFO —     Saved TEXT → /home/sundeep/Fandom_Span_ID_Retrieval/data/raw/fandom_html/money-heist/1922.txt
2026-02-13 06:49:55 — INFO — [181/357] Fetching → https://money-heist.fandom.com/wiki/Juan_Salvador_López
2026-02-13 06:49:56 — INFO —     Saved HTML → /home/sundeep/Fandom_Span_ID_Retrieval/data/raw/fandom_html/money-heist/1454.html
2026-02-13 06:49:56 — INFO —     Saved TEXT → /home/sundeep/Fandom_Span_ID_Retrieval/data/raw/fandom_html/money-heist/1454.txt
2026-02-13 06:49:56 — INFO — [182/357] Fetching → https://money-heist.fandom.com/wiki/Julia
2026-02-13 06:49:56 — INFO —     Saved HTML → /home/sundeep/Fandom_Span_ID_Retrieval/data/raw/fandom_html/money-heist/559.html
2026-02-13 06:49:56 — INFO —     Saved TEXT → /home/sundeep/Fandom_Span_ID_Retrieval/data/raw/fandom_html/money-heist/559.txt
2026-02-13 06:49:57 — INFO — [183/357] Fetching → https://money-heist.fandom.com/wiki/Julia_Martínez
2026-02-13 06:49:57 — INFO —     SKIP (exists) → 559.html
2026-02-13 06:49:57 — INFO — [184/357] Fetching → https://money-heist.fandom.com/wiki/Julio_Peña
2026-02-13 06:49:58 — INFO —     Saved HTML → /home/sundeep/Fandom_Span_ID_Retrieval/data/raw/fandom_html/money-heist/2541.html
2026-02-13 06:49:58 — INFO —     Saved TEXT → /home/sundeep/Fandom_Span_ID_Retrieval/data/raw/fandom_html/money-heist/2541.txt
2026-02-13 06:49:58 — INFO — [185/357] Fetching → https://money-heist.fandom.com/wiki/Karina
2026-02-13 06:49:58 — INFO —     Saved HTML → /home/sundeep/Fandom_Span_ID_Retrieval/data/raw/fandom_html/money-heist/1725.html
2026-02-13 06:49:58 — INFO —     Saved TEXT → /home/sundeep/Fandom_Span_ID_Retrieval/data/raw/fandom_html/money-heist/1725.txt
2026-02-13 06:49:59 — INFO — [186/357] Fetching → https://money-heist.fandom.com/wiki/Keila
2026-02-13 06:49:59 — INFO —     Saved HTML → /home/sundeep/Fandom_Span_ID_Retrieval/data/raw/fandom_html/money-heist/2566.html
2026-02-13 06:49:59 — INFO —     Saved TEXT → /home/sundeep/Fandom_Span_ID_Retrieval/data/raw/fandom_html/money-heist/2566.txt
2026-02-13 06:50:00 — INFO — [187/357] Fetching → https://money-heist.fandom.com/wiki/Kim_Yunjin
2026-02-13 06:50:00 — INFO —     Saved HTML → /home/sundeep/Fandom_Span_ID_Retrieval/data/raw/fandom_html/money-heist/2371.html
2026-02-13 06:50:00 — INFO —     Saved TEXT → /home/sundeep/Fandom_Span_ID_Retrieval/data/raw/fandom_html/money-heist/2371.txt
2026-02-13 06:50:00 — INFO — [188/357] Fetching → https://money-heist.fandom.com/wiki/Kiti_Mánver
2026-02-13 06:50:00 — INFO —     Saved HTML → /home/sundeep/Fandom_Span_ID_Retrieval/data/raw/fandom_html/money-heist/1914.html
2026-02-13 06:50:00 — INFO —     Saved TEXT → /home/sundeep/Fandom_Span_ID_Retrieval/data/raw/fandom_html/money-heist/1914.txt
2026-02-13 06:50:01 — INFO — [189/357] Fetching → https://money-heist.fandom.com/wiki/Koldo_Serra
2026-02-13 06:50:01 — INFO —     Saved HTML → /home/sundeep/Fandom_Span_ID_Retrieval/data/raw/fandom_html/money-heist/1461.html
2026-02-13 06:50:01 — INFO —     Saved TEXT → /home/sundeep/Fandom_Span_ID_Retrieval/data/raw/fandom_html/money-heist/1461.txt
2026-02-13 06:50:02 — INFO — [190/357] Fetching → https://money-heist.fandom.com/wiki/Korea_Unified_Mint
2026-02-13 06:50:02 — INFO —     Saved HTML → /home/sundeep/Fandom_Span_ID_Retrieval/data/raw/fandom_html/money-heist/2437.html
2026-02-13 06:50:02 — INFO —     Saved TEXT → /home/sundeep/Fandom_Span_ID_Retrieval/data/raw/fandom_html/money-heist/2437.txt
2026-02-13 06:50:02 — INFO — [191/357] Fetching → https://money-heist.fandom.com/wiki/Korea_Unified_Mint_Heist
2026-02-13 06:50:03 — INFO —     Saved HTML → /home/sundeep/Fandom_Span_ID_Retrieval/data/raw/fandom_html/money-heist/2436.html
2026-02-13 06:50:03 — INFO —     Saved TEXT → /home/sundeep/Fandom_Span_ID_Retrieval/data/raw/fandom_html/money-heist/2436.txt
2026-02-13 06:50:03 — INFO — [192/357] Fetching → https://money-heist.fandom.com/wiki/Korean_Adaptation
2026-02-13 06:50:03 — INFO —     Saved HTML → /home/sundeep/Fandom_Span_ID_Retrieval/data/raw/fandom_html/money-heist/1823.html
2026-02-13 06:50:03 — INFO —     Saved TEXT → /home/sundeep/Fandom_Span_ID_Retrieval/data/raw/fandom_html/money-heist/1823.txt
2026-02-13 06:50:04 — INFO — [193/357] Fetching → https://money-heist.fandom.com/wiki/La_Boda_De_Berlin
2026-02-13 06:50:04 — INFO —     SKIP (exists) → 491.html
2026-02-13 06:50:05 — INFO — [194/357] Fetching → https://money-heist.fandom.com/wiki/La_Boda_De_Berlin_(Part_4)
2026-02-13 06:50:05 — INFO —     SKIP (exists) → 491.html
2026-02-13 06:50:05 — INFO — [195/357] Fetching → https://money-heist.fandom.com/wiki/Laura
2026-02-13 06:50:05 — INFO —     Saved HTML → /home/sundeep/Fandom_Span_ID_Retrieval/data/raw/fandom_html/money-heist/1820.html
2026-02-13 06:50:05 — INFO —     Saved TEXT → /home/sundeep/Fandom_Span_ID_Retrieval/data/raw/fandom_html/money-heist/1820.txt
2026-02-13 06:50:06 — INFO — [196/357] Fetching → https://money-heist.fandom.com/wiki/Laura_Murillo
2026-02-13 06:50:06 — INFO —     Saved HTML → /home/sundeep/Fandom_Span_ID_Retrieval/data/raw/fandom_html/money-heist/847.html
2026-02-13 06:50:06 — INFO —     Saved TEXT → /home/sundeep/Fandom_Span_ID_Retrieval/data/raw/fandom_html/money-heist/847.txt
2026-02-13 06:50:06 — INFO — [197/357] Fetching → https://money-heist.fandom.com/wiki/Leccion_De_Anatomia_(Part_4)
2026-02-13 06:50:07 — INFO —     SKIP (exists) → 493.html
2026-02-13 06:50:07 — INFO — [198/357] Fetching → https://money-heist.fandom.com/wiki/Lee_Won-jong
2026-02-13 06:50:07 — INFO —     Saved HTML → /home/sundeep/Fandom_Span_ID_Retrieval/data/raw/fandom_html/money-heist/2374.html
2026-02-13 06:50:07 — INFO —     Saved TEXT → /home/sundeep/Fandom_Span_ID_Retrieval/data/raw/fandom_html/money-heist/2374.txt
2026-02-13 06:50:08 — INFO — [199/357] Fetching → https://money-heist.fandom.com/wiki/Lisbon
2026-02-13 06:50:08 — INFO —     Saved HTML → /home/sundeep/Fandom_Span_ID_Retrieval/data/raw/fandom_html/money-heist/154.html
2026-02-13 06:50:08 — INFO —     Saved TEXT → /home/sundeep/Fandom_Span_ID_Retrieval/data/raw/fandom_html/money-heist/154.txt
2026-02-13 06:50:09 — INFO — [200/357] Fetching → https://money-heist.fandom.com/wiki/List_of_Deaths
2026-02-13 06:50:09 — INFO —     Saved HTML → /home/sundeep/Fandom_Span_ID_Retrieval/data/raw/fandom_html/money-heist/1802.html
2026-02-13 06:50:09 — INFO —     Saved TEXT → /home/sundeep/Fandom_Span_ID_Retrieval/data/raw/fandom_html/money-heist/1802.txt
2026-02-13 06:50:09 — INFO — [Progress] Processed 200/357 pages (success=162, skipped=36, failed=2)
2026-02-13 06:50:09 — INFO — [201/357] Fetching → https://money-heist.fandom.com/wiki/Live_Many_Lives
2026-02-13 06:50:09 — INFO —     Saved HTML → /home/sundeep/Fandom_Span_ID_Retrieval/data/raw/fandom_html/money-heist/2105.html
2026-02-13 06:50:09 — INFO —     Saved TEXT → /home/sundeep/Fandom_Span_ID_Retrieval/data/raw/fandom_html/money-heist/2105.txt
2026-02-13 06:50:10 — INFO — [202/357] Fetching → https://money-heist.fandom.com/wiki/Logroño
2026-02-13 06:50:10 — INFO —     SKIP (exists) → 2147.html
2026-02-13 06:50:10 — INFO — [203/357] Fetching → https://money-heist.fandom.com/wiki/Lucas_Hernando
2026-02-13 06:50:10 — INFO —     Saved HTML → /home/sundeep/Fandom_Span_ID_Retrieval/data/raw/fandom_html/money-heist/2266.html
2026-02-13 06:50:10 — INFO —     Saved TEXT → /home/sundeep/Fandom_Span_ID_Retrieval/data/raw/fandom_html/money-heist/2266.txt
2026-02-13 06:50:11 — INFO — [204/357] Fetching → https://money-heist.fandom.com/wiki/Luis_Moya
2026-02-13 06:50:11 — INFO —     Saved HTML → /home/sundeep/Fandom_Span_ID_Retrieval/data/raw/fandom_html/money-heist/1452.html
2026-02-13 06:50:11 — INFO —     Saved TEXT → /home/sundeep/Fandom_Span_ID_Retrieval/data/raw/fandom_html/money-heist/1452.txt
2026-02-13 06:50:12 — INFO — [205/357] Fetching → https://money-heist.fandom.com/wiki/Luis_Tamayo
2026-02-13 06:50:12 — INFO —     Saved HTML → /home/sundeep/Fandom_Span_ID_Retrieval/data/raw/fandom_html/money-heist/628.html
2026-02-13 06:50:12 — INFO —     Saved TEXT → /home/sundeep/Fandom_Span_ID_Retrieval/data/raw/fandom_html/money-heist/628.txt
2026-02-13 06:50:12 — INFO — [206/357] Fetching → https://money-heist.fandom.com/wiki/Luka_Peroš
2026-02-13 06:50:12 — INFO —     Saved HTML → /home/sundeep/Fandom_Span_ID_Retrieval/data/raw/fandom_html/money-heist/604.html
2026-02-13 06:50:13 — INFO —     Saved TEXT → /home/sundeep/Fandom_Span_ID_Retrieval/data/raw/fandom_html/money-heist/604.txt
2026-02-13 06:50:13 — INFO — [207/357] Fetching → https://money-heist.fandom.com/wiki/Main_Page
2026-02-13 06:50:13 — INFO —     Saved HTML → /home/sundeep/Fandom_Span_ID_Retrieval/data/raw/fandom_html/money-heist/3.html
2026-02-13 06:50:13 — INFO —     Saved TEXT → /home/sundeep/Fandom_Span_ID_Retrieval/data/raw/fandom_html/money-heist/3.txt
2026-02-13 06:50:14 — INFO — [208/357] Fetching → https://money-heist.fandom.com/wiki/Manila
2026-02-13 06:50:14 — INFO —     SKIP (exists) → 559.html
2026-02-13 06:50:14 — INFO — [209/357] Fetching → https://money-heist.fandom.com/wiki/Mari_Carmen
2026-02-13 06:50:14 — INFO —     Saved HTML → /home/sundeep/Fandom_Span_ID_Retrieval/data/raw/fandom_html/money-heist/1760.html
2026-02-13 06:50:15 — INFO —     Saved TEXT → /home/sundeep/Fandom_Span_ID_Retrieval/data/raw/fandom_html/money-heist/1760.txt
2026-02-13 06:50:15 — INFO — [210/357] Fetching → https://money-heist.fandom.com/wiki/Marie_Lavelle
2026-02-13 06:50:15 — INFO —     SKIP (exists) → 2569.html
2026-02-13 06:50:16 — INFO — [211/357] Fetching → https://money-heist.fandom.com/wiki/Mario_Urbaneja
2026-02-13 06:50:16 — INFO —     Saved HTML → /home/sundeep/Fandom_Span_ID_Retrieval/data/raw/fandom_html/money-heist/1779.html
2026-02-13 06:50:16 — INFO —     Saved TEXT → /home/sundeep/Fandom_Span_ID_Retrieval/data/raw/fandom_html/money-heist/1779.txt
2026-02-13 06:50:16 — INFO — [212/357] Fetching → https://money-heist.fandom.com/wiki/Mario_de_la_Rosa
2026-02-13 06:50:16 — INFO —     Saved HTML → /home/sundeep/Fandom_Span_ID_Retrieval/data/raw/fandom_html/money-heist/1865.html
2026-02-13 06:50:16 — INFO —     Saved TEXT → /home/sundeep/Fandom_Span_ID_Retrieval/data/raw/fandom_html/money-heist/1865.txt
2026-02-13 06:50:17 — INFO — [213/357] Fetching → https://money-heist.fandom.com/wiki/Mariví_Fuentes
2026-02-13 06:50:17 — INFO —     Saved HTML → /home/sundeep/Fandom_Span_ID_Retrieval/data/raw/fandom_html/money-heist/1056.html
2026-02-13 06:50:17 — INFO —     Saved TEXT → /home/sundeep/Fandom_Span_ID_Retrieval/data/raw/fandom_html/money-heist/1056.txt
2026-02-13 06:50:18 — INFO — [214/357] Fetching → https://money-heist.fandom.com/wiki/Marseille
2026-02-13 06:50:18 — INFO —     SKIP (exists) → 555.html
2026-02-13 06:50:18 — INFO — [215/357] Fetching → https://money-heist.fandom.com/wiki/Martín_Berrote
2026-02-13 06:50:18 — INFO —     Saved HTML → /home/sundeep/Fandom_Span_ID_Retrieval/data/raw/fandom_html/money-heist/256.html
2026-02-13 06:50:18 — INFO —     Saved TEXT → /home/sundeep/Fandom_Span_ID_Retrieval/data/raw/fandom_html/money-heist/256.txt
2026-02-13 06:50:19 — INFO — [216/357] Fetching → https://money-heist.fandom.com/wiki/Martínez
2026-02-13 06:50:19 — INFO —     Saved HTML → /home/sundeep/Fandom_Span_ID_Retrieval/data/raw/fandom_html/money-heist/1856.html
2026-02-13 06:50:19 — INFO —     Saved TEXT → /home/sundeep/Fandom_Span_ID_Retrieval/data/raw/fandom_html/money-heist/1856.txt
2026-02-13 06:50:20 — INFO — [217/357] Fetching → https://money-heist.fandom.com/wiki/María_Pedraza
2026-02-13 06:50:20 — INFO —     Saved HTML → /home/sundeep/Fandom_Span_ID_Retrieval/data/raw/fandom_html/money-heist/1092.html
2026-02-13 06:50:20 — INFO —     Saved TEXT → /home/sundeep/Fandom_Span_ID_Retrieval/data/raw/fandom_html/money-heist/1092.txt
2026-02-13 06:50:20 — INFO — [218/357] Fetching → https://money-heist.fandom.com/wiki/Mateo_Canalejas
2026-02-13 06:50:20 — INFO —     SKIP (exists) → 2049.html
2026-02-13 06:50:21 — INFO — [219/357] Fetching → https://money-heist.fandom.com/wiki/Matías
2026-02-13 06:50:21 — INFO —     Saved HTML → /home/sundeep/Fandom_Span_ID_Retrieval/data/raw/fandom_html/money-heist/1031.html
2026-02-13 06:50:21 — INFO —     Saved TEXT → /home/sundeep/Fandom_Span_ID_Retrieval/data/raw/fandom_html/money-heist/1031.txt
2026-02-13 06:50:22 — INFO — [220/357] Fetching → https://money-heist.fandom.com/wiki/Matías_Caño
2026-02-13 06:50:22 — INFO —     SKIP (exists) → 1031.html
2026-02-13 06:50:22 — INFO — [221/357] Fetching → https://money-heist.fandom.com/wiki/Mercedes
2026-02-13 06:50:22 — INFO —     Saved HTML → /home/sundeep/Fandom_Span_ID_Retrieval/data/raw/fandom_html/money-heist/1093.html
2026-02-13 06:50:22 — INFO —     Saved TEXT → /home/sundeep/Fandom_Span_ID_Retrieval/data/raw/fandom_html/money-heist/1093.txt
2026-02-13 06:50:23 — INFO — [222/357] Fetching → https://money-heist.fandom.com/wiki/Mercedes_Colmenar
2026-02-13 06:50:23 — INFO —     SKIP (exists) → 1093.html
2026-02-13 06:50:23 — INFO — [223/357] Fetching → https://money-heist.fandom.com/wiki/Miguel_Fernández
2026-02-13 06:50:24 — INFO —     Saved HTML → /home/sundeep/Fandom_Span_ID_Retrieval/data/raw/fandom_html/money-heist/1737.html
2026-02-13 06:50:24 — INFO —     Saved TEXT → /home/sundeep/Fandom_Span_ID_Retrieval/data/raw/fandom_html/money-heist/1737.txt
2026-02-13 06:50:24 — INFO — [224/357] Fetching → https://money-heist.fandom.com/wiki/Miguel_Fernández_Talanilla
2026-02-13 06:50:24 — INFO —     SKIP (exists) → 1737.html
2026-02-13 06:50:25 — INFO — [225/357] Fetching → https://money-heist.fandom.com/wiki/Miguel_Herrán
2026-02-13 06:50:25 — INFO —     Saved HTML → /home/sundeep/Fandom_Span_ID_Retrieval/data/raw/fandom_html/money-heist/602.html
2026-02-13 06:50:25 — INFO —     Saved TEXT → /home/sundeep/Fandom_Span_ID_Retrieval/data/raw/fandom_html/money-heist/602.txt
2026-02-13 06:50:25 — INFO — [226/357] Fetching → https://money-heist.fandom.com/wiki/Miguel_Ángel_Vivas
2026-02-13 06:50:26 — INFO —     Saved HTML → /home/sundeep/Fandom_Span_ID_Retrieval/data/raw/fandom_html/money-heist/1442.html
2026-02-13 06:50:26 — INFO —     Saved TEXT → /home/sundeep/Fandom_Span_ID_Retrieval/data/raw/fandom_html/money-heist/1442.txt
2026-02-13 06:50:26 — INFO — [227/357] Fetching → https://money-heist.fandom.com/wiki/Mirko_Dragic
2026-02-13 06:50:26 — INFO —     SKIP (exists) → 361.html
2026-02-13 06:50:27 — INFO — [228/357] Fetching → https://money-heist.fandom.com/wiki/Monastery_of_San_Giovanni
2026-02-13 06:50:27 — INFO —     SKIP (exists) → 1058.html
2026-02-13 06:50:27 — INFO — [229/357] Fetching → https://money-heist.fandom.com/wiki/Money_Heist
2026-02-13 06:50:27 — INFO —     Saved HTML → /home/sundeep/Fandom_Span_ID_Retrieval/data/raw/fandom_html/money-heist/436.html
2026-02-13 06:50:27 — INFO —     Saved TEXT → /home/sundeep/Fandom_Span_ID_Retrieval/data/raw/fandom_html/money-heist/436.txt
2026-02-13 06:50:28 — INFO — [230/357] Fetching → https://money-heist.fandom.com/wiki/Money_Heist:_From_Tokyo_to_Berlin
2026-02-13 06:50:28 — INFO —     Saved HTML → /home/sundeep/Fandom_Span_ID_Retrieval/data/raw/fandom_html/money-heist/2213.html
2026-02-13 06:50:28 — INFO —     Saved TEXT → /home/sundeep/Fandom_Span_ID_Retrieval/data/raw/fandom_html/money-heist/2213.txt
2026-02-13 06:50:29 — INFO — [231/357] Fetching → https://money-heist.fandom.com/wiki/Money_Heist:_Korea_-_Joint_Economic_Area
2026-02-13 06:50:29 — INFO —     SKIP (exists) → 1823.html
2026-02-13 06:50:29 — INFO — [232/357] Fetching → https://money-heist.fandom.com/wiki/Money_Heist:_The_Phenomenon
2026-02-13 06:50:29 — INFO —     Saved HTML → /home/sundeep/Fandom_Span_ID_Retrieval/data/raw/fandom_html/money-heist/2211.html
2026-02-13 06:50:30 — INFO —     Saved TEXT → /home/sundeep/Fandom_Span_ID_Retrieval/data/raw/fandom_html/money-heist/2211.txt
2026-02-13 06:50:30 — INFO — [233/357] Fetching → https://money-heist.fandom.com/wiki/Money_Heist_Wiki
2026-02-13 06:50:30 — INFO —     SKIP (exists) → 3.html
2026-02-13 06:50:31 — INFO — [234/357] Fetching → https://money-heist.fandom.com/wiki/Moscow
2026-02-13 06:50:31 — INFO —     SKIP (exists) → 242.html
2026-02-13 06:50:31 — INFO — [235/357] Fetching → https://money-heist.fandom.com/wiki/Moscow_(Korean)
2026-02-13 06:50:31 — INFO —     Saved HTML → /home/sundeep/Fandom_Span_ID_Retrieval/data/raw/fandom_html/money-heist/2441.html
2026-02-13 06:50:31 — INFO —     Saved TEXT → /home/sundeep/Fandom_Span_ID_Retrieval/data/raw/fandom_html/money-heist/2441.txt
2026-02-13 06:50:32 — INFO — [236/357] Fetching → https://money-heist.fandom.com/wiki/Mónica
2026-02-13 06:50:32 — INFO —     Saved HTML → /home/sundeep/Fandom_Span_ID_Retrieval/data/raw/fandom_html/money-heist/145.html
2026-02-13 06:50:32 — INFO —     Saved TEXT → /home/sundeep/Fandom_Span_ID_Retrieval/data/raw/fandom_html/money-heist/145.txt
2026-02-13 06:50:33 — INFO — [237/357] Fetching → https://money-heist.fandom.com/wiki/Mónica_Gaztambide
2026-02-13 06:50:33 — INFO —     SKIP (exists) → 145.html
2026-02-13 06:50:33 — INFO — [238/357] Fetching → https://money-heist.fandom.com/wiki/Nacho_Manubens
2026-02-13 06:50:33 — INFO —     Saved HTML → /home/sundeep/Fandom_Span_ID_Retrieval/data/raw/fandom_html/money-heist/1724.html
2026-02-13 06:50:33 — INFO —     Saved TEXT → /home/sundeep/Fandom_Span_ID_Retrieval/data/raw/fandom_html/money-heist/1724.txt
2026-02-13 06:50:34 — INFO — [239/357] Fetching → https://money-heist.fandom.com/wiki/Nairobi
2026-02-13 06:50:34 — INFO —     Saved HTML → /home/sundeep/Fandom_Span_ID_Retrieval/data/raw/fandom_html/money-heist/165.html
2026-02-13 06:50:34 — INFO —     Saved TEXT → /home/sundeep/Fandom_Span_ID_Retrieval/data/raw/fandom_html/money-heist/165.txt
2026-02-13 06:50:35 — INFO — [240/357] Fetching → https://money-heist.fandom.com/wiki/Nairobi_(Korean)
2026-02-13 06:50:35 — INFO —     Saved HTML → /home/sundeep/Fandom_Span_ID_Retrieval/data/raw/fandom_html/money-heist/2450.html
2026-02-13 06:50:35 — INFO —     Saved TEXT → /home/sundeep/Fandom_Span_ID_Retrieval/data/raw/fandom_html/money-heist/2450.txt
2026-02-13 06:50:35 — INFO — [241/357] Fetching → https://money-heist.fandom.com/wiki/Najwa_Nimri
2026-02-13 06:50:35 — INFO —     Saved HTML → /home/sundeep/Fandom_Span_ID_Retrieval/data/raw/fandom_html/money-heist/1055.html
2026-02-13 06:50:35 — INFO —     Saved TEXT → /home/sundeep/Fandom_Span_ID_Retrieval/data/raw/fandom_html/money-heist/1055.txt
2026-02-13 06:50:36 — INFO — [242/357] Fetching → https://money-heist.fandom.com/wiki/Neymar
2026-02-13 06:50:36 — INFO —     Saved HTML → /home/sundeep/Fandom_Span_ID_Retrieval/data/raw/fandom_html/money-heist/1060.html
2026-02-13 06:50:36 — INFO —     Saved TEXT → /home/sundeep/Fandom_Span_ID_Retrieval/data/raw/fandom_html/money-heist/1060.txt
2026-02-13 06:50:36 — INFO — [243/357] Fetching → https://money-heist.fandom.com/wiki/Neymar_Jr.
2026-02-13 06:50:37 — INFO —     SKIP (exists) → 1060.html
2026-02-13 06:50:37 — INFO — [244/357] Fetching → https://money-heist.fandom.com/wiki/Night_of_the_Lemons
2026-02-13 06:50:37 — INFO —     Saved HTML → /home/sundeep/Fandom_Span_ID_Retrieval/data/raw/fandom_html/money-heist/2610.html
2026-02-13 06:50:37 — INFO —     Saved TEXT → /home/sundeep/Fandom_Span_ID_Retrieval/data/raw/fandom_html/money-heist/2610.txt
2026-02-13 06:50:38 — INFO — [245/357] Fetching → https://money-heist.fandom.com/wiki/Nikolai
2026-02-13 06:50:38 — INFO —     Saved HTML → /home/sundeep/Fandom_Span_ID_Retrieval/data/raw/fandom_html/money-heist/1716.html
2026-02-13 06:50:38 — INFO —     Saved TEXT → /home/sundeep/Fandom_Span_ID_Retrieval/data/raw/fandom_html/money-heist/1716.txt
2026-02-13 06:50:39 — INFO — [246/357] Fetching → https://money-heist.fandom.com/wiki/Nikolai_Dimitrievich
2026-02-13 06:50:39 — INFO —     SKIP (exists) → 1716.html
2026-02-13 06:50:39 — INFO — [247/357] Fetching → https://money-heist.fandom.com/wiki/Oslo
2026-02-13 06:50:39 — INFO —     Saved HTML → /home/sundeep/Fandom_Span_ID_Retrieval/data/raw/fandom_html/money-heist/382.html
2026-02-13 06:50:39 — INFO —     Saved TEXT → /home/sundeep/Fandom_Span_ID_Retrieval/data/raw/fandom_html/money-heist/382.txt
2026-02-13 06:50:40 — INFO — [248/357] Fetching → https://money-heist.fandom.com/wiki/Oslo_(Korean)
2026-02-13 06:50:40 — INFO —     Saved HTML → /home/sundeep/Fandom_Span_ID_Retrieval/data/raw/fandom_html/money-heist/2447.html
2026-02-13 06:50:40 — INFO —     Saved TEXT → /home/sundeep/Fandom_Span_ID_Retrieval/data/raw/fandom_html/money-heist/2447.txt
2026-02-13 06:50:41 — INFO — [249/357] Fetching → https://money-heist.fandom.com/wiki/Pablo_Roa
2026-02-13 06:50:41 — INFO —     Saved HTML → /home/sundeep/Fandom_Span_ID_Retrieval/data/raw/fandom_html/money-heist/1448.html
2026-02-13 06:50:41 — INFO —     Saved TEXT → /home/sundeep/Fandom_Span_ID_Retrieval/data/raw/fandom_html/money-heist/1448.txt
2026-02-13 06:50:41 — INFO — [250/357] Fetching → https://money-heist.fandom.com/wiki/Pablo_Ruiz
2026-02-13 06:50:41 — INFO —     Saved HTML → /home/sundeep/Fandom_Span_ID_Retrieval/data/raw/fandom_html/money-heist/1519.html
2026-02-13 06:50:41 — INFO —     Saved TEXT → /home/sundeep/Fandom_Span_ID_Retrieval/data/raw/fandom_html/money-heist/1519.txt
2026-02-13 06:50:41 — INFO — [Progress] Processed 250/357 pages (success=196, skipped=52, failed=2)
2026-02-13 06:50:42 — INFO — [251/357] Fetching → https://money-heist.fandom.com/wiki/Paco_Cortés
2026-02-13 06:50:42 — INFO —     Saved HTML → /home/sundeep/Fandom_Span_ID_Retrieval/data/raw/fandom_html/money-heist/1885.html
2026-02-13 06:50:42 — INFO —     Saved TEXT → /home/sundeep/Fandom_Span_ID_Retrieval/data/raw/fandom_html/money-heist/1885.txt
2026-02-13 06:50:43 — INFO — [252/357] Fetching → https://money-heist.fandom.com/wiki/Paco_Tous
2026-02-13 06:50:43 — INFO —     Saved HTML → /home/sundeep/Fandom_Span_ID_Retrieval/data/raw/fandom_html/money-heist/703.html
2026-02-13 06:50:43 — INFO —     Saved TEXT → /home/sundeep/Fandom_Span_ID_Retrieval/data/raw/fandom_html/money-heist/703.txt
2026-02-13 06:50:43 — INFO — [253/357] Fetching → https://money-heist.fandom.com/wiki/Palawan
2026-02-13 06:50:44 — INFO —     Saved HTML → /home/sundeep/Fandom_Span_ID_Retrieval/data/raw/fandom_html/money-heist/2310.html
2026-02-13 06:50:44 — INFO —     Saved TEXT → /home/sundeep/Fandom_Span_ID_Retrieval/data/raw/fandom_html/money-heist/2310.txt
2026-02-13 06:50:44 — INFO — [254/357] Fetching → https://money-heist.fandom.com/wiki/Palermo
2026-02-13 06:50:44 — INFO —     SKIP (exists) → 256.html
2026-02-13 06:50:45 — INFO — [255/357] Fetching → https://money-heist.fandom.com/wiki/Pamplona
2026-02-13 06:50:45 — INFO —     SKIP (exists) → 1031.html
2026-02-13 06:50:45 — INFO — [256/357] Fetching → https://money-heist.fandom.com/wiki/Paquita
2026-02-13 06:50:45 — INFO —     Saved HTML → /home/sundeep/Fandom_Span_ID_Retrieval/data/raw/fandom_html/money-heist/1774.html
2026-02-13 06:50:46 — INFO —     Saved TEXT → /home/sundeep/Fandom_Span_ID_Retrieval/data/raw/fandom_html/money-heist/1774.txt
2026-02-13 06:50:46 — INFO — [257/357] Fetching → https://money-heist.fandom.com/wiki/Park_Hae-soo
2026-02-13 06:50:46 — INFO —     Saved HTML → /home/sundeep/Fandom_Span_ID_Retrieval/data/raw/fandom_html/money-heist/2373.html
2026-02-13 06:50:46 — INFO —     Saved TEXT → /home/sundeep/Fandom_Span_ID_Retrieval/data/raw/fandom_html/money-heist/2373.txt
2026-02-13 06:50:47 — INFO — [258/357] Fetching → https://money-heist.fandom.com/wiki/Park_Myung-hoon
2026-02-13 06:50:47 — INFO —     Saved HTML → /home/sundeep/Fandom_Span_ID_Retrieval/data/raw/fandom_html/money-heist/2375.html
2026-02-13 06:50:47 — INFO —     Saved TEXT → /home/sundeep/Fandom_Span_ID_Retrieval/data/raw/fandom_html/money-heist/2375.txt
